[2024-01-27T05:50:31.143+0000] {taskinstance.py:1159} INFO - Dependencies all met for dep_context=non-requeueable deps ti=<TaskInstance: user_automation.stream_data_from_api manual__2024-01-27T05:50:17.312042+00:00 [queued]>
[2024-01-27T05:50:31.192+0000] {taskinstance.py:1159} INFO - Dependencies all met for dep_context=requeueable deps ti=<TaskInstance: user_automation.stream_data_from_api manual__2024-01-27T05:50:17.312042+00:00 [queued]>
[2024-01-27T05:50:31.198+0000] {taskinstance.py:1361} INFO - Starting attempt 1 of 1
[2024-01-27T05:50:31.308+0000] {taskinstance.py:1382} INFO - Executing <Task(PythonOperator): stream_data_from_api> on 2024-01-27 05:50:17.312042+00:00
[2024-01-27T05:50:31.389+0000] {standard_task_runner.py:57} INFO - Started process 100 to run task
[2024-01-27T05:50:31.419+0000] {standard_task_runner.py:84} INFO - Running: ['***', 'tasks', 'run', 'user_automation', 'stream_data_from_api', 'manual__2024-01-27T05:50:17.312042+00:00', '--job-id', '5', '--raw', '--subdir', 'DAGS_FOLDER/kafka_stream.py', '--cfg-path', '/tmp/tmpccj0622b']
[2024-01-27T05:50:31.433+0000] {standard_task_runner.py:85} INFO - Job 5: Subtask stream_data_from_api
[2024-01-27T05:50:31.771+0000] {task_command.py:415} INFO - Running <TaskInstance: user_automation.stream_data_from_api manual__2024-01-27T05:50:17.312042+00:00 [running]> on host 01c8c4768a7d
[2024-01-27T05:50:31.940+0000] {taskinstance.py:1660} INFO - Exporting env vars: AIRFLOW_CTX_DAG_OWNER='airscholar' AIRFLOW_CTX_DAG_ID='user_automation' AIRFLOW_CTX_TASK_ID='stream_data_from_api' AIRFLOW_CTX_EXECUTION_DATE='2024-01-27T05:50:17.312042+00:00' AIRFLOW_CTX_TRY_NUMBER='1' AIRFLOW_CTX_DAG_RUN_ID='manual__2024-01-27T05:50:17.312042+00:00'
[2024-01-27T05:50:32.220+0000] {conn.py:380} INFO - <BrokerConnection node_id=bootstrap-0 host=broker:29092 <connecting> [IPv4 ('172.23.0.8', 29092)]>: connecting to broker:29092 [('172.23.0.8', 29092) IPv4]
[2024-01-27T05:50:32.230+0000] {conn.py:1205} INFO - Probing node bootstrap-0 broker version
[2024-01-27T05:50:32.238+0000] {conn.py:410} INFO - <BrokerConnection node_id=bootstrap-0 host=broker:29092 <connecting> [IPv4 ('172.23.0.8', 29092)]>: Connection complete.
[2024-01-27T05:50:32.369+0000] {conn.py:1267} INFO - Broker version identified as 2.5.0
[2024-01-27T05:50:32.386+0000] {conn.py:1268} INFO - Set configuration api_version=(2, 5, 0) to skip auto check_version requests on startup
[2024-01-27T05:50:34.738+0000] {logging_mixin.py:151} INFO - Record Inserted !!
[2024-01-27T05:50:34.756+0000] {conn.py:380} INFO - <BrokerConnection node_id=1 host=broker:29092 <connecting> [IPv4 ('172.23.0.8', 29092)]>: connecting to broker:29092 [('172.23.0.8', 29092) IPv4]
[2024-01-27T05:50:34.791+0000] {conn.py:410} INFO - <BrokerConnection node_id=1 host=broker:29092 <connecting> [IPv4 ('172.23.0.8', 29092)]>: Connection complete.
[2024-01-27T05:50:34.799+0000] {conn.py:919} INFO - <BrokerConnection node_id=bootstrap-0 host=broker:29092 <connected> [IPv4 ('172.23.0.8', 29092)]>: Closing connection. 
[2024-01-27T05:50:35.438+0000] {logging_mixin.py:151} INFO - Record Inserted !!
[2024-01-27T05:50:36.300+0000] {logging_mixin.py:151} INFO - Record Inserted !!
[2024-01-27T05:50:37.156+0000] {logging_mixin.py:151} INFO - Record Inserted !!
[2024-01-27T05:50:38.087+0000] {logging_mixin.py:151} INFO - Record Inserted !!
[2024-01-27T05:50:38.917+0000] {logging_mixin.py:151} INFO - Record Inserted !!
[2024-01-27T05:50:39.713+0000] {logging_mixin.py:151} INFO - Record Inserted !!
[2024-01-27T05:50:41.566+0000] {logging_mixin.py:151} INFO - Record Inserted !!
[2024-01-27T05:50:43.005+0000] {logging_mixin.py:151} INFO - Record Inserted !!
[2024-01-27T05:50:43.651+0000] {logging_mixin.py:151} INFO - Record Inserted !!
[2024-01-27T05:50:44.551+0000] {logging_mixin.py:151} INFO - Record Inserted !!
[2024-01-27T05:50:45.594+0000] {logging_mixin.py:151} INFO - Record Inserted !!
[2024-01-27T05:50:49.237+0000] {logging_mixin.py:151} INFO - Record Inserted !!
[2024-01-27T05:50:51.032+0000] {logging_mixin.py:151} INFO - Record Inserted !!
[2024-01-27T05:50:52.233+0000] {logging_mixin.py:151} INFO - Record Inserted !!
[2024-01-27T05:50:53.272+0000] {logging_mixin.py:151} INFO - Record Inserted !!
[2024-01-27T05:50:54.091+0000] {logging_mixin.py:151} INFO - Record Inserted !!
[2024-01-27T05:50:54.938+0000] {logging_mixin.py:151} INFO - Record Inserted !!
[2024-01-27T05:50:56.056+0000] {logging_mixin.py:151} INFO - Record Inserted !!
[2024-01-27T05:50:56.633+0000] {logging_mixin.py:151} INFO - Record Inserted !!
[2024-01-27T05:50:57.235+0000] {logging_mixin.py:151} INFO - Record Inserted !!
[2024-01-27T05:50:58.022+0000] {logging_mixin.py:151} INFO - Record Inserted !!
[2024-01-27T05:50:58.733+0000] {logging_mixin.py:151} INFO - Record Inserted !!
[2024-01-27T05:50:59.515+0000] {logging_mixin.py:151} INFO - Record Inserted !!
[2024-01-27T05:51:00.327+0000] {logging_mixin.py:151} INFO - Record Inserted !!
[2024-01-27T05:51:01.103+0000] {logging_mixin.py:151} INFO - Record Inserted !!
[2024-01-27T05:51:02.237+0000] {logging_mixin.py:151} INFO - Record Inserted !!
[2024-01-27T05:51:03.021+0000] {logging_mixin.py:151} INFO - Record Inserted !!
[2024-01-27T05:51:03.980+0000] {logging_mixin.py:151} INFO - Record Inserted !!
[2024-01-27T05:51:07.026+0000] {logging_mixin.py:151} INFO - Record Inserted !!
[2024-01-27T05:51:08.554+0000] {logging_mixin.py:151} INFO - Record Inserted !!
[2024-01-27T05:51:10.043+0000] {logging_mixin.py:151} INFO - Record Inserted !!
[2024-01-27T05:51:10.837+0000] {logging_mixin.py:151} INFO - Record Inserted !!
[2024-01-27T05:51:11.503+0000] {logging_mixin.py:151} INFO - Record Inserted !!
[2024-01-27T05:51:12.132+0000] {logging_mixin.py:151} INFO - Record Inserted !!
[2024-01-27T05:51:12.713+0000] {logging_mixin.py:151} INFO - Record Inserted !!
[2024-01-27T05:51:13.310+0000] {logging_mixin.py:151} INFO - Record Inserted !!
[2024-01-27T05:51:14.236+0000] {logging_mixin.py:151} INFO - Record Inserted !!
[2024-01-27T05:51:14.874+0000] {logging_mixin.py:151} INFO - Record Inserted !!
[2024-01-27T05:51:15.801+0000] {logging_mixin.py:151} INFO - Record Inserted !!
[2024-01-27T05:51:16.708+0000] {logging_mixin.py:151} INFO - Record Inserted !!
[2024-01-27T05:51:17.876+0000] {logging_mixin.py:151} INFO - Record Inserted !!
[2024-01-27T05:51:19.148+0000] {logging_mixin.py:151} INFO - Record Inserted !!
[2024-01-27T05:51:20.083+0000] {logging_mixin.py:151} INFO - Record Inserted !!
[2024-01-27T05:51:21.685+0000] {logging_mixin.py:151} INFO - Record Inserted !!
[2024-01-27T05:51:22.343+0000] {logging_mixin.py:151} INFO - Record Inserted !!
[2024-01-27T05:51:23.129+0000] {logging_mixin.py:151} INFO - Record Inserted !!
[2024-01-27T05:51:24.877+0000] {logging_mixin.py:151} INFO - Record Inserted !!
[2024-01-27T05:51:27.193+0000] {logging_mixin.py:151} INFO - Record Inserted !!
[2024-01-27T05:51:28.570+0000] {logging_mixin.py:151} INFO - Record Inserted !!
[2024-01-27T05:51:29.503+0000] {logging_mixin.py:151} INFO - Record Inserted !!
[2024-01-27T05:51:30.147+0000] {logging_mixin.py:151} INFO - Record Inserted !!
[2024-01-27T05:51:31.370+0000] {logging_mixin.py:151} INFO - Record Inserted !!
[2024-01-27T05:51:31.981+0000] {logging_mixin.py:151} INFO - Record Inserted !!
[2024-01-27T05:51:33.108+0000] {logging_mixin.py:151} INFO - Record Inserted !!
[2024-01-27T05:51:33.837+0000] {logging_mixin.py:151} INFO - Record Inserted !!
[2024-01-27T05:51:34.512+0000] {logging_mixin.py:151} INFO - Record Inserted !!
[2024-01-27T05:51:35.119+0000] {logging_mixin.py:151} INFO - Record Inserted !!
[2024-01-27T05:51:35.714+0000] {logging_mixin.py:151} INFO - Record Inserted !!
[2024-01-27T05:51:36.353+0000] {logging_mixin.py:151} INFO - Record Inserted !!
[2024-01-27T05:51:37.305+0000] {logging_mixin.py:151} INFO - Record Inserted !!
[2024-01-27T05:51:38.455+0000] {logging_mixin.py:151} INFO - Record Inserted !!
[2024-01-27T05:51:39.857+0000] {logging_mixin.py:151} INFO - Record Inserted !!
[2024-01-27T05:51:41.128+0000] {logging_mixin.py:151} INFO - Record Inserted !!
[2024-01-27T05:51:48.774+0000] {logging_mixin.py:151} INFO - Record Inserted !!
[2024-01-27T05:51:50.361+0000] {logging_mixin.py:151} INFO - Record Inserted !!
[2024-01-27T05:51:51.221+0000] {logging_mixin.py:151} INFO - Record Inserted !!
[2024-01-27T05:51:52.169+0000] {logging_mixin.py:151} INFO - Record Inserted !!
[2024-01-27T05:51:53.275+0000] {logging_mixin.py:151} INFO - Record Inserted !!
[2024-01-27T05:51:55.287+0000] {logging_mixin.py:151} INFO - Record Inserted !!
[2024-01-27T05:51:56.456+0000] {logging_mixin.py:151} INFO - Record Inserted !!
[2024-01-27T05:51:57.501+0000] {logging_mixin.py:151} INFO - Record Inserted !!
[2024-01-27T05:51:58.752+0000] {logging_mixin.py:151} INFO - Record Inserted !!
[2024-01-27T05:52:00.751+0000] {logging_mixin.py:151} INFO - Record Inserted !!
[2024-01-27T05:52:02.028+0000] {logging_mixin.py:151} INFO - Record Inserted !!
[2024-01-27T05:52:02.848+0000] {logging_mixin.py:151} INFO - Record Inserted !!
[2024-01-27T05:52:03.642+0000] {logging_mixin.py:151} INFO - Record Inserted !!
[2024-01-27T05:52:05.053+0000] {logging_mixin.py:151} INFO - Record Inserted !!
[2024-01-27T05:52:05.964+0000] {logging_mixin.py:151} INFO - Record Inserted !!
[2024-01-27T05:52:06.885+0000] {logging_mixin.py:151} INFO - Record Inserted !!
[2024-01-27T05:52:07.551+0000] {logging_mixin.py:151} INFO - Record Inserted !!
[2024-01-27T05:52:08.151+0000] {logging_mixin.py:151} INFO - Record Inserted !!
[2024-01-27T05:52:08.768+0000] {logging_mixin.py:151} INFO - Record Inserted !!
[2024-01-27T05:52:09.386+0000] {logging_mixin.py:151} INFO - Record Inserted !!
[2024-01-27T05:52:11.011+0000] {logging_mixin.py:151} INFO - Record Inserted !!
[2024-01-27T05:52:11.647+0000] {logging_mixin.py:151} INFO - Record Inserted !!
[2024-01-27T05:52:12.277+0000] {logging_mixin.py:151} INFO - Record Inserted !!
[2024-01-27T05:52:12.960+0000] {logging_mixin.py:151} INFO - Record Inserted !!
[2024-01-27T05:52:13.546+0000] {logging_mixin.py:151} INFO - Record Inserted !!
[2024-01-27T05:52:14.205+0000] {logging_mixin.py:151} INFO - Record Inserted !!
[2024-01-27T05:52:15.178+0000] {logging_mixin.py:151} INFO - Record Inserted !!
[2024-01-27T05:52:15.076+0000] {logging_mixin.py:151} INFO - Record Inserted !!
[2024-01-27T05:52:15.836+0000] {logging_mixin.py:151} INFO - Record Inserted !!
[2024-01-27T05:52:16.537+0000] {logging_mixin.py:151} INFO - Record Inserted !!
[2024-01-27T05:52:17.345+0000] {logging_mixin.py:151} INFO - Record Inserted !!
[2024-01-27T05:52:18.746+0000] {logging_mixin.py:151} INFO - Record Inserted !!
[2024-01-27T05:52:19.510+0000] {logging_mixin.py:151} INFO - Record Inserted !!
[2024-01-27T05:52:20.088+0000] {logging_mixin.py:151} INFO - Record Inserted !!
[2024-01-27T05:52:20.665+0000] {logging_mixin.py:151} INFO - Record Inserted !!
[2024-01-27T05:52:21.314+0000] {logging_mixin.py:151} INFO - Record Inserted !!
[2024-01-27T05:52:24.045+0000] {logging_mixin.py:151} INFO - Record Inserted !!
[2024-01-27T05:52:25.140+0000] {logging_mixin.py:151} INFO - Record Inserted !!
[2024-01-27T05:52:25.757+0000] {logging_mixin.py:151} INFO - Record Inserted !!
[2024-01-27T05:52:26.691+0000] {logging_mixin.py:151} INFO - Record Inserted !!
[2024-01-27T05:52:27.268+0000] {logging_mixin.py:151} INFO - Record Inserted !!
[2024-01-27T05:52:28.527+0000] {logging_mixin.py:151} INFO - Record Inserted !!
[2024-01-27T05:52:29.524+0000] {logging_mixin.py:151} INFO - Record Inserted !!
[2024-01-27T05:52:30.902+0000] {logging_mixin.py:151} INFO - Record Inserted !!
[2024-01-27T05:52:31.824+0000] {logging_mixin.py:151} INFO - Record Inserted !!
[2024-01-27T05:52:33.267+0000] {logging_mixin.py:151} INFO - Record Inserted !!
[2024-01-27T05:52:34.514+0000] {logging_mixin.py:151} INFO - Record Inserted !!
[2024-01-27T05:52:35.648+0000] {logging_mixin.py:151} INFO - Record Inserted !!
[2024-01-27T05:52:36.820+0000] {logging_mixin.py:151} INFO - Record Inserted !!
[2024-01-27T05:52:37.629+0000] {logging_mixin.py:151} INFO - Record Inserted !!
[2024-01-27T05:52:38.479+0000] {logging_mixin.py:151} INFO - Record Inserted !!
[2024-01-27T05:52:39.347+0000] {logging_mixin.py:151} INFO - Record Inserted !!
[2024-01-27T05:52:40.176+0000] {logging_mixin.py:151} INFO - Record Inserted !!
[2024-01-27T05:52:40.799+0000] {logging_mixin.py:151} INFO - Record Inserted !!
[2024-01-27T05:52:41.583+0000] {logging_mixin.py:151} INFO - Record Inserted !!
[2024-01-27T05:52:42.530+0000] {logging_mixin.py:151} INFO - Record Inserted !!
[2024-01-27T05:52:43.144+0000] {logging_mixin.py:151} INFO - Record Inserted !!
[2024-01-27T05:52:43.764+0000] {logging_mixin.py:151} INFO - Record Inserted !!
[2024-01-27T05:52:44.353+0000] {logging_mixin.py:151} INFO - Record Inserted !!
[2024-01-27T05:52:44.968+0000] {logging_mixin.py:151} INFO - Record Inserted !!
[2024-01-27T05:52:45.797+0000] {logging_mixin.py:151} INFO - Record Inserted !!
[2024-01-27T05:52:46.589+0000] {logging_mixin.py:151} INFO - Record Inserted !!
[2024-01-27T05:52:48.880+0000] {logging_mixin.py:151} INFO - Record Inserted !!
[2024-01-27T05:52:49.495+0000] {logging_mixin.py:151} INFO - Record Inserted !!
[2024-01-27T05:52:51.019+0000] {logging_mixin.py:151} INFO - Record Inserted !!
[2024-01-27T05:52:52.457+0000] {logging_mixin.py:151} INFO - Record Inserted !!
[2024-01-27T05:52:53.240+0000] {logging_mixin.py:151} INFO - Record Inserted !!
[2024-01-27T05:52:54.808+0000] {logging_mixin.py:151} INFO - Record Inserted !!
[2024-01-27T05:52:57.057+0000] {logging_mixin.py:151} INFO - Record Inserted !!
[2024-01-27T05:52:57.673+0000] {logging_mixin.py:151} INFO - Record Inserted !!
[2024-01-27T05:52:59.190+0000] {logging_mixin.py:151} INFO - Record Inserted !!
[2024-01-27T05:53:01.241+0000] {logging_mixin.py:151} INFO - Record Inserted !!
[2024-01-27T05:53:02.023+0000] {logging_mixin.py:151} INFO - Record Inserted !!
[2024-01-27T05:53:02.956+0000] {logging_mixin.py:151} INFO - Record Inserted !!
[2024-01-27T05:53:04.299+0000] {logging_mixin.py:151} INFO - Record Inserted !!
[2024-01-27T05:53:05.127+0000] {logging_mixin.py:151} INFO - Record Inserted !!
[2024-01-27T05:53:07.348+0000] {logging_mixin.py:151} INFO - Record Inserted !!
[2024-01-27T05:53:07.940+0000] {logging_mixin.py:151} INFO - Record Inserted !!
[2024-01-27T05:53:08.600+0000] {logging_mixin.py:151} INFO - Record Inserted !!
[2024-01-27T05:53:10.606+0000] {logging_mixin.py:151} INFO - Record Inserted !!
[2024-01-27T05:53:11.237+0000] {logging_mixin.py:151} INFO - Record Inserted !!
[2024-01-27T05:53:13.238+0000] {logging_mixin.py:151} INFO - Record Inserted !!
[2024-01-27T05:53:14.074+0000] {logging_mixin.py:151} INFO - Record Inserted !!
[2024-01-27T05:53:16.727+0000] {logging_mixin.py:151} INFO - Record Inserted !!
[2024-01-27T05:53:18.168+0000] {logging_mixin.py:151} INFO - Record Inserted !!
[2024-01-27T05:53:20.687+0000] {logging_mixin.py:151} INFO - Record Inserted !!
[2024-01-27T05:53:21.685+0000] {logging_mixin.py:151} INFO - Record Inserted !!
[2024-01-27T05:53:22.595+0000] {logging_mixin.py:151} INFO - Record Inserted !!
[2024-01-27T05:53:23.661+0000] {logging_mixin.py:151} INFO - Record Inserted !!
[2024-01-27T05:53:25.797+0000] {logging_mixin.py:151} INFO - Record Inserted !!
[2024-01-27T05:53:27.065+0000] {logging_mixin.py:151} INFO - Record Inserted !!
[2024-01-27T05:53:28.874+0000] {logging_mixin.py:151} INFO - Record Inserted !!
[2024-01-27T05:53:30.506+0000] {logging_mixin.py:151} INFO - Record Inserted !!
[2024-01-27T05:53:33.933+0000] {logging_mixin.py:151} INFO - Record Inserted !!
[2024-01-27T05:53:35.625+0000] {logging_mixin.py:151} INFO - Record Inserted !!
[2024-01-27T05:53:37.285+0000] {logging_mixin.py:151} INFO - Record Inserted !!
[2024-01-27T05:53:38.363+0000] {logging_mixin.py:151} INFO - Record Inserted !!
[2024-01-27T05:53:40.139+0000] {logging_mixin.py:151} INFO - Record Inserted !!
[2024-01-27T05:53:42.716+0000] {logging_mixin.py:151} INFO - Record Inserted !!
[2024-01-27T05:53:44.382+0000] {logging_mixin.py:151} INFO - Record Inserted !!
[2024-01-27T05:53:46.458+0000] {logging_mixin.py:151} INFO - Record Inserted !!
[2024-01-27T05:53:48.416+0000] {logging_mixin.py:151} INFO - Record Inserted !!
[2024-01-27T05:53:49.312+0000] {logging_mixin.py:151} INFO - Record Inserted !!
[2024-01-27T05:53:50.390+0000] {logging_mixin.py:151} INFO - Record Inserted !!
[2024-01-27T05:53:51.461+0000] {logging_mixin.py:151} INFO - Record Inserted !!
[2024-01-27T05:53:52.840+0000] {logging_mixin.py:151} INFO - Record Inserted !!
[2024-01-27T05:53:54.377+0000] {logging_mixin.py:151} INFO - Record Inserted !!
[2024-01-27T05:53:55.078+0000] {logging_mixin.py:151} INFO - Record Inserted !!
[2024-01-27T05:53:56.888+0000] {logging_mixin.py:151} INFO - Record Inserted !!
[2024-01-27T05:53:58.400+0000] {logging_mixin.py:151} INFO - Record Inserted !!
[2024-01-27T05:53:59.727+0000] {logging_mixin.py:151} INFO - Record Inserted !!
[2024-01-27T05:54:00.343+0000] {logging_mixin.py:151} INFO - Record Inserted !!
[2024-01-27T05:54:02.779+0000] {logging_mixin.py:151} INFO - Record Inserted !!
[2024-01-27T05:54:03.772+0000] {logging_mixin.py:151} INFO - Record Inserted !!
[2024-01-27T05:54:04.466+0000] {logging_mixin.py:151} INFO - Record Inserted !!
[2024-01-27T05:54:05.083+0000] {logging_mixin.py:151} INFO - Record Inserted !!
[2024-01-27T05:54:05.670+0000] {logging_mixin.py:151} INFO - Record Inserted !!
[2024-01-27T05:54:07.787+0000] {logging_mixin.py:151} INFO - Record Inserted !!
[2024-01-27T05:54:08.442+0000] {logging_mixin.py:151} INFO - Record Inserted !!
[2024-01-27T05:54:09.040+0000] {logging_mixin.py:151} INFO - Record Inserted !!
[2024-01-27T05:54:09.637+0000] {logging_mixin.py:151} INFO - Record Inserted !!
[2024-01-27T05:54:11.135+0000] {logging_mixin.py:151} INFO - Record Inserted !!
[2024-01-27T05:54:11.845+0000] {logging_mixin.py:151} INFO - Record Inserted !!
[2024-01-27T05:54:12.546+0000] {logging_mixin.py:151} INFO - Record Inserted !!
[2024-01-27T05:54:13.277+0000] {logging_mixin.py:151} INFO - Record Inserted !!
[2024-01-27T05:54:14.828+0000] {logging_mixin.py:151} INFO - Record Inserted !!
[2024-01-27T05:54:15.470+0000] {logging_mixin.py:151} INFO - Record Inserted !!
[2024-01-27T05:54:16.236+0000] {logging_mixin.py:151} INFO - Record Inserted !!
[2024-01-27T05:54:16.874+0000] {logging_mixin.py:151} INFO - Record Inserted !!
[2024-01-27T05:54:17.568+0000] {logging_mixin.py:151} INFO - Record Inserted !!
[2024-01-27T05:54:18.746+0000] {logging_mixin.py:151} INFO - Record Inserted !!
[2024-01-27T05:54:19.385+0000] {logging_mixin.py:151} INFO - Record Inserted !!
[2024-01-27T05:54:20.280+0000] {logging_mixin.py:151} INFO - Record Inserted !!
[2024-01-27T05:54:20.864+0000] {logging_mixin.py:151} INFO - Record Inserted !!
[2024-01-27T05:54:21.653+0000] {logging_mixin.py:151} INFO - Record Inserted !!
[2024-01-27T05:54:22.758+0000] {logging_mixin.py:151} INFO - Record Inserted !!
[2024-01-27T05:54:23.507+0000] {logging_mixin.py:151} INFO - Record Inserted !!
[2024-01-27T05:54:24.250+0000] {logging_mixin.py:151} INFO - Record Inserted !!
[2024-01-27T05:54:25.029+0000] {logging_mixin.py:151} INFO - Record Inserted !!
[2024-01-27T05:54:25.733+0000] {logging_mixin.py:151} INFO - Record Inserted !!
[2024-01-27T05:54:26.302+0000] {logging_mixin.py:151} INFO - Record Inserted !!
[2024-01-27T05:54:27.594+0000] {logging_mixin.py:151} INFO - Record Inserted !!
[2024-01-27T05:54:28.375+0000] {logging_mixin.py:151} INFO - Record Inserted !!
[2024-01-27T05:54:29.883+0000] {logging_mixin.py:151} INFO - Record Inserted !!
[2024-01-27T05:54:30.784+0000] {logging_mixin.py:151} INFO - Record Inserted !!
[2024-01-27T05:54:31.642+0000] {logging_mixin.py:151} INFO - Record Inserted !!
[2024-01-27T05:54:32.774+0000] {logging_mixin.py:151} INFO - Record Inserted !!
[2024-01-27T05:54:35.442+0000] {logging_mixin.py:151} INFO - Record Inserted !!
[2024-01-27T05:54:36.187+0000] {logging_mixin.py:151} INFO - Record Inserted !!
[2024-01-27T05:54:36.745+0000] {logging_mixin.py:151} INFO - Record Inserted !!
[2024-01-27T05:54:37.692+0000] {logging_mixin.py:151} INFO - Record Inserted !!
[2024-01-27T05:54:38.292+0000] {logging_mixin.py:151} INFO - Record Inserted !!
[2024-01-27T05:54:38.914+0000] {logging_mixin.py:151} INFO - Record Inserted !!
[2024-01-27T05:54:39.486+0000] {logging_mixin.py:151} INFO - Record Inserted !!
[2024-01-27T05:54:40.110+0000] {logging_mixin.py:151} INFO - Record Inserted !!
[2024-01-27T05:54:40.715+0000] {logging_mixin.py:151} INFO - Record Inserted !!
[2024-01-27T05:54:41.850+0000] {logging_mixin.py:151} INFO - Record Inserted !!
[2024-01-27T05:54:42.479+0000] {logging_mixin.py:151} INFO - Record Inserted !!
[2024-01-27T05:54:43.069+0000] {logging_mixin.py:151} INFO - Record Inserted !!
[2024-01-27T05:54:43.680+0000] {logging_mixin.py:151} INFO - Record Inserted !!
[2024-01-27T05:54:44.392+0000] {logging_mixin.py:151} INFO - Record Inserted !!
[2024-01-27T05:54:45.419+0000] {logging_mixin.py:151} INFO - Record Inserted !!
[2024-01-27T05:54:46.252+0000] {logging_mixin.py:151} INFO - Record Inserted !!
[2024-01-27T05:54:46.903+0000] {logging_mixin.py:151} INFO - Record Inserted !!
[2024-01-27T05:54:47.515+0000] {logging_mixin.py:151} INFO - Record Inserted !!
[2024-01-27T05:54:48.682+0000] {logging_mixin.py:151} INFO - Record Inserted !!
[2024-01-27T05:54:50.119+0000] {logging_mixin.py:151} INFO - Record Inserted !!
[2024-01-27T05:54:52.278+0000] {logging_mixin.py:151} INFO - Record Inserted !!
[2024-01-27T05:54:53.097+0000] {logging_mixin.py:151} INFO - Record Inserted !!
[2024-01-27T05:54:54.151+0000] {logging_mixin.py:151} INFO - Record Inserted !!
[2024-01-27T05:54:55.306+0000] {logging_mixin.py:151} INFO - Record Inserted !!
[2024-01-27T05:54:57.100+0000] {logging_mixin.py:151} INFO - Record Inserted !!
[2024-01-27T05:54:58.795+0000] {logging_mixin.py:151} INFO - Record Inserted !!
[2024-01-27T05:54:59.873+0000] {logging_mixin.py:151} INFO - Record Inserted !!
[2024-01-27T05:55:01.671+0000] {logging_mixin.py:151} INFO - Record Inserted !!
[2024-01-27T05:55:03.199+0000] {logging_mixin.py:151} INFO - Record Inserted !!
[2024-01-27T05:55:04.147+0000] {logging_mixin.py:151} INFO - Record Inserted !!
[2024-01-27T05:55:05.306+0000] {logging_mixin.py:151} INFO - Record Inserted !!
[2024-01-27T05:55:06.242+0000] {logging_mixin.py:151} INFO - Record Inserted !!
[2024-01-27T05:55:06.810+0000] {logging_mixin.py:151} INFO - Record Inserted !!
[2024-01-27T05:55:08.014+0000] {logging_mixin.py:151} INFO - Record Inserted !!
[2024-01-27T05:55:09.041+0000] {logging_mixin.py:151} INFO - Record Inserted !!
[2024-01-27T05:55:09.838+0000] {logging_mixin.py:151} INFO - Record Inserted !!
[2024-01-27T05:55:10.434+0000] {logging_mixin.py:151} INFO - Record Inserted !!
[2024-01-27T05:55:11.955+0000] {logging_mixin.py:151} INFO - Record Inserted !!
[2024-01-27T05:55:12.732+0000] {logging_mixin.py:151} INFO - Record Inserted !!
[2024-01-27T05:55:13.882+0000] {logging_mixin.py:151} INFO - Record Inserted !!
[2024-01-27T05:55:14.521+0000] {logging_mixin.py:151} INFO - Record Inserted !!
[2024-01-27T05:55:15.111+0000] {logging_mixin.py:151} INFO - Record Inserted !!
[2024-01-27T05:55:15.732+0000] {logging_mixin.py:151} INFO - Record Inserted !!
[2024-01-27T05:55:17.210+0000] {logging_mixin.py:151} INFO - Record Inserted !!
[2024-01-27T05:55:18.164+0000] {logging_mixin.py:151} INFO - Record Inserted !!
[2024-01-27T05:55:18.986+0000] {logging_mixin.py:151} INFO - Record Inserted !!
[2024-01-27T05:55:19.562+0000] {logging_mixin.py:151} INFO - Record Inserted !!
[2024-01-27T05:55:20.156+0000] {logging_mixin.py:151} INFO - Record Inserted !!
[2024-01-27T05:55:20.904+0000] {logging_mixin.py:151} INFO - Record Inserted !!
[2024-01-27T05:55:21.485+0000] {logging_mixin.py:151} INFO - Record Inserted !!
[2024-01-27T05:55:22.052+0000] {logging_mixin.py:151} INFO - Record Inserted !!
[2024-01-27T05:55:22.855+0000] {logging_mixin.py:151} INFO - Record Inserted !!
[2024-01-27T05:55:25.519+0000] {logging_mixin.py:151} INFO - Record Inserted !!
[2024-01-27T05:55:26.131+0000] {logging_mixin.py:151} INFO - Record Inserted !!
[2024-01-27T05:55:26.904+0000] {logging_mixin.py:151} INFO - Record Inserted !!
[2024-01-27T05:55:27.491+0000] {logging_mixin.py:151} INFO - Record Inserted !!
[2024-01-27T05:55:28.140+0000] {logging_mixin.py:151} INFO - Record Inserted !!
[2024-01-27T05:55:29.615+0000] {logging_mixin.py:151} INFO - Record Inserted !!
[2024-01-27T05:55:30.376+0000] {logging_mixin.py:151} INFO - Record Inserted !!
[2024-01-27T05:55:31.109+0000] {logging_mixin.py:151} INFO - Record Inserted !!
[2024-01-27T05:55:31.838+0000] {logging_mixin.py:151} INFO - Record Inserted !!
[2024-01-27T05:55:34.861+0000] {logging_mixin.py:151} INFO - Record Inserted !!
[2024-01-27T05:55:34.883+0000] {conn.py:919} INFO - <BrokerConnection node_id=1 host=broker:29092 <connected> [IPv4 ('172.23.0.8', 29092)]>: Closing connection. 
[2024-01-27T05:55:34.913+0000] {python.py:194} INFO - Done. Returned value was: None
[2024-01-27T05:55:35.208+0000] {taskinstance.py:1400} INFO - Marking task as SUCCESS. dag_id=user_automation, task_id=stream_data_from_api, execution_date=20240127T055017, start_date=20240127T055031, end_date=20240127T055535
[2024-01-27T05:55:35.623+0000] {local_task_job_runner.py:228} INFO - Task exited with return code 0
[2024-01-27T05:55:35.776+0000] {taskinstance.py:2784} INFO - 0 downstream tasks scheduled from follow-on schedule check
