[2024-02-29T00:00:02.676+0000] {taskinstance.py:1159} INFO - Dependencies all met for dep_context=non-requeueable deps ti=<TaskInstance: user_automation.stream_data_from_api scheduled__2024-02-28T00:00:00+00:00 [queued]>
[2024-02-29T00:00:02.686+0000] {taskinstance.py:1159} INFO - Dependencies all met for dep_context=requeueable deps ti=<TaskInstance: user_automation.stream_data_from_api scheduled__2024-02-28T00:00:00+00:00 [queued]>
[2024-02-29T00:00:02.687+0000] {taskinstance.py:1361} INFO - Starting attempt 1 of 1
[2024-02-29T00:00:02.699+0000] {taskinstance.py:1382} INFO - Executing <Task(PythonOperator): stream_data_from_api> on 2024-02-28 00:00:00+00:00
[2024-02-29T00:00:02.703+0000] {standard_task_runner.py:57} INFO - Started process 6707 to run task
[2024-02-29T00:00:02.708+0000] {standard_task_runner.py:84} INFO - Running: ['***', 'tasks', 'run', 'user_automation', 'stream_data_from_api', 'scheduled__2024-02-28T00:00:00+00:00', '--job-id', '6', '--raw', '--subdir', 'DAGS_FOLDER/kafka_stream.py', '--cfg-path', '/tmp/tmpx2gwpxw7']
[2024-02-29T00:00:02.710+0000] {standard_task_runner.py:85} INFO - Job 6: Subtask stream_data_from_api
[2024-02-29T00:00:02.763+0000] {task_command.py:415} INFO - Running <TaskInstance: user_automation.stream_data_from_api scheduled__2024-02-28T00:00:00+00:00 [running]> on host 94f6b65a2c73
[2024-02-29T00:00:02.855+0000] {taskinstance.py:1660} INFO - Exporting env vars: AIRFLOW_CTX_DAG_OWNER='airscholar' AIRFLOW_CTX_DAG_ID='user_automation' AIRFLOW_CTX_TASK_ID='stream_data_from_api' AIRFLOW_CTX_EXECUTION_DATE='2024-02-28T00:00:00+00:00' AIRFLOW_CTX_TRY_NUMBER='1' AIRFLOW_CTX_DAG_RUN_ID='scheduled__2024-02-28T00:00:00+00:00'
[2024-02-29T00:00:02.911+0000] {conn.py:380} INFO - <BrokerConnection node_id=bootstrap-0 host=broker:29092 <connecting> [IPv4 ('172.18.0.8', 29092)]>: connecting to broker:29092 [('172.18.0.8', 29092) IPv4]
[2024-02-29T00:00:02.913+0000] {conn.py:1205} INFO - Probing node bootstrap-0 broker version
[2024-02-29T00:00:02.914+0000] {conn.py:410} INFO - <BrokerConnection node_id=bootstrap-0 host=broker:29092 <connecting> [IPv4 ('172.18.0.8', 29092)]>: Connection complete.
[2024-02-29T00:00:03.020+0000] {conn.py:1267} INFO - Broker version identified as 2.5.0
[2024-02-29T00:00:03.023+0000] {conn.py:1268} INFO - Set configuration api_version=(2, 5, 0) to skip auto check_version requests on startup
[2024-02-29T00:00:16.502+0000] {logging_mixin.py:151} INFO - Record Inserted !!
[2024-02-29T00:00:16.508+0000] {conn.py:380} INFO - <BrokerConnection node_id=1 host=broker:29092 <connecting> [IPv4 ('172.18.0.8', 29092)]>: connecting to broker:29092 [('172.18.0.8', 29092) IPv4]
[2024-02-29T00:00:16.514+0000] {conn.py:410} INFO - <BrokerConnection node_id=1 host=broker:29092 <connecting> [IPv4 ('172.18.0.8', 29092)]>: Connection complete.
[2024-02-29T00:00:16.517+0000] {conn.py:919} INFO - <BrokerConnection node_id=bootstrap-0 host=broker:29092 <connected> [IPv4 ('172.18.0.8', 29092)]>: Closing connection. 
[2024-02-29T00:00:28.043+0000] {logging_mixin.py:151} INFO - Record Inserted !!
[2024-02-29T00:00:30.240+0000] {logging_mixin.py:151} INFO - Record Inserted !!
[2024-02-29T00:00:30.894+0000] {logging_mixin.py:151} INFO - Record Inserted !!
[2024-02-29T00:00:31.508+0000] {logging_mixin.py:151} INFO - Record Inserted !!
[2024-02-29T00:00:32.223+0000] {logging_mixin.py:151} INFO - Record Inserted !!
[2024-02-29T00:00:32.839+0000] {logging_mixin.py:151} INFO - Record Inserted !!
[2024-02-29T00:00:33.140+0000] {logging_mixin.py:151} INFO - Record Inserted !!
[2024-02-29T00:00:33.827+0000] {logging_mixin.py:151} INFO - Record Inserted !!
[2024-02-29T00:00:34.224+0000] {logging_mixin.py:151} INFO - Record Inserted !!
[2024-02-29T00:00:34.547+0000] {logging_mixin.py:151} INFO - Record Inserted !!
[2024-02-29T00:00:34.879+0000] {logging_mixin.py:151} INFO - Record Inserted !!
[2024-02-29T00:00:35.477+0000] {logging_mixin.py:151} INFO - Record Inserted !!
[2024-02-29T00:00:36.218+0000] {logging_mixin.py:151} INFO - Record Inserted !!
[2024-02-29T00:00:36.494+0000] {logging_mixin.py:151} INFO - Record Inserted !!
[2024-02-29T00:00:36.804+0000] {logging_mixin.py:151} INFO - Record Inserted !!
[2024-02-29T00:00:37.500+0000] {logging_mixin.py:151} INFO - Record Inserted !!
[2024-02-29T00:00:37.790+0000] {logging_mixin.py:151} INFO - Record Inserted !!
[2024-02-29T00:00:38.080+0000] {logging_mixin.py:151} INFO - Record Inserted !!
[2024-02-29T00:00:38.869+0000] {logging_mixin.py:151} INFO - Record Inserted !!
[2024-02-29T00:00:39.200+0000] {logging_mixin.py:151} INFO - Record Inserted !!
[2024-02-29T00:00:39.534+0000] {logging_mixin.py:151} INFO - Record Inserted !!
[2024-02-29T00:00:39.816+0000] {logging_mixin.py:151} INFO - Record Inserted !!
[2024-02-29T00:00:40.098+0000] {logging_mixin.py:151} INFO - Record Inserted !!
[2024-02-29T00:00:40.436+0000] {logging_mixin.py:151} INFO - Record Inserted !!
[2024-02-29T00:00:40.740+0000] {logging_mixin.py:151} INFO - Record Inserted !!
[2024-02-29T00:00:41.027+0000] {logging_mixin.py:151} INFO - Record Inserted !!
[2024-02-29T00:00:41.384+0000] {logging_mixin.py:151} INFO - Record Inserted !!
[2024-02-29T00:00:41.701+0000] {logging_mixin.py:151} INFO - Record Inserted !!
[2024-02-29T00:00:41.993+0000] {logging_mixin.py:151} INFO - Record Inserted !!
[2024-02-29T00:00:42.352+0000] {logging_mixin.py:151} INFO - Record Inserted !!
[2024-02-29T00:00:42.983+0000] {logging_mixin.py:151} INFO - Record Inserted !!
[2024-02-29T00:00:43.318+0000] {logging_mixin.py:151} INFO - Record Inserted !!
[2024-02-29T00:00:43.600+0000] {logging_mixin.py:151} INFO - Record Inserted !!
[2024-02-29T00:00:43.907+0000] {logging_mixin.py:151} INFO - Record Inserted !!
[2024-02-29T00:00:44.261+0000] {logging_mixin.py:151} INFO - Record Inserted !!
[2024-02-29T00:00:44.561+0000] {logging_mixin.py:151} INFO - Record Inserted !!
[2024-02-29T00:00:44.853+0000] {logging_mixin.py:151} INFO - Record Inserted !!
[2024-02-29T00:00:45.196+0000] {logging_mixin.py:151} INFO - Record Inserted !!
[2024-02-29T00:00:45.889+0000] {logging_mixin.py:151} INFO - Record Inserted !!
[2024-02-29T00:00:46.213+0000] {logging_mixin.py:151} INFO - Record Inserted !!
[2024-02-29T00:00:46.535+0000] {logging_mixin.py:151} INFO - Record Inserted !!
[2024-02-29T00:00:46.816+0000] {logging_mixin.py:151} INFO - Record Inserted !!
[2024-02-29T00:00:47.375+0000] {logging_mixin.py:151} INFO - Record Inserted !!
[2024-02-29T00:00:47.665+0000] {logging_mixin.py:151} INFO - Record Inserted !!
[2024-02-29T00:00:48.298+0000] {logging_mixin.py:151} INFO - Record Inserted !!
[2024-02-29T00:00:48.579+0000] {logging_mixin.py:151} INFO - Record Inserted !!
[2024-02-29T00:00:49.945+0000] {logging_mixin.py:151} INFO - Record Inserted !!
[2024-02-29T00:00:50.449+0000] {logging_mixin.py:151} INFO - Record Inserted !!
[2024-02-29T00:00:50.729+0000] {logging_mixin.py:151} INFO - Record Inserted !!
[2024-02-29T00:00:51.084+0000] {logging_mixin.py:151} INFO - Record Inserted !!
[2024-02-29T00:00:51.861+0000] {logging_mixin.py:151} INFO - Record Inserted !!
[2024-02-29T00:00:52.161+0000] {logging_mixin.py:151} INFO - Record Inserted !!
[2024-02-29T00:00:52.466+0000] {logging_mixin.py:151} INFO - Record Inserted !!
[2024-02-29T00:00:52.767+0000] {logging_mixin.py:151} INFO - Record Inserted !!
[2024-02-29T00:00:53.063+0000] {logging_mixin.py:151} INFO - Record Inserted !!
[2024-02-29T00:00:53.349+0000] {logging_mixin.py:151} INFO - Record Inserted !!
[2024-02-29T00:00:53.676+0000] {logging_mixin.py:151} INFO - Record Inserted !!
[2024-02-29T00:00:53.959+0000] {logging_mixin.py:151} INFO - Record Inserted !!
[2024-02-29T00:00:54.294+0000] {logging_mixin.py:151} INFO - Record Inserted !!
[2024-02-29T00:00:54.798+0000] {logging_mixin.py:151} INFO - Record Inserted !!
[2024-02-29T00:00:55.149+0000] {logging_mixin.py:151} INFO - Record Inserted !!
[2024-02-29T00:00:55.453+0000] {logging_mixin.py:151} INFO - Record Inserted !!
[2024-02-29T00:00:55.771+0000] {logging_mixin.py:151} INFO - Record Inserted !!
[2024-02-29T00:00:56.375+0000] {logging_mixin.py:151} INFO - Record Inserted !!
[2024-02-29T00:00:56.669+0000] {logging_mixin.py:151} INFO - Record Inserted !!
[2024-02-29T00:00:57.311+0000] {logging_mixin.py:151} INFO - Record Inserted !!
[2024-02-29T00:00:57.661+0000] {logging_mixin.py:151} INFO - Record Inserted !!
[2024-02-29T00:00:58.011+0000] {logging_mixin.py:151} INFO - Record Inserted !!
[2024-02-29T00:00:58.293+0000] {logging_mixin.py:151} INFO - Record Inserted !!
[2024-02-29T00:00:58.610+0000] {logging_mixin.py:151} INFO - Record Inserted !!
[2024-02-29T00:00:59.155+0000] {logging_mixin.py:151} INFO - Record Inserted !!
[2024-02-29T00:00:59.497+0000] {logging_mixin.py:151} INFO - Record Inserted !!
[2024-02-29T00:00:59.800+0000] {logging_mixin.py:151} INFO - Record Inserted !!
[2024-02-29T00:01:00.150+0000] {logging_mixin.py:151} INFO - Record Inserted !!
[2024-02-29T00:01:00.480+0000] {logging_mixin.py:151} INFO - Record Inserted !!
[2024-02-29T00:01:00.769+0000] {logging_mixin.py:151} INFO - Record Inserted !!
[2024-02-29T00:01:03.136+0000] {logging_mixin.py:151} INFO - Record Inserted !!
[2024-02-29T00:01:03.645+0000] {logging_mixin.py:151} INFO - Record Inserted !!
[2024-02-29T00:01:03.940+0000] {logging_mixin.py:151} INFO - Record Inserted !!
[2024-02-29T00:01:04.221+0000] {logging_mixin.py:151} INFO - Record Inserted !!
[2024-02-29T00:01:04.537+0000] {logging_mixin.py:151} INFO - Record Inserted !!
[2024-02-29T00:01:04.881+0000] {logging_mixin.py:151} INFO - Record Inserted !!
[2024-02-29T00:01:05.193+0000] {logging_mixin.py:151} INFO - Record Inserted !!
[2024-02-29T00:01:05.529+0000] {logging_mixin.py:151} INFO - Record Inserted !!
[2024-02-29T00:01:05.892+0000] {logging_mixin.py:151} INFO - Record Inserted !!
[2024-02-29T00:01:06.204+0000] {logging_mixin.py:151} INFO - Record Inserted !!
[2024-02-29T00:01:06.839+0000] {logging_mixin.py:151} INFO - Record Inserted !!
[2024-02-29T00:01:07.213+0000] {logging_mixin.py:151} INFO - Record Inserted !!
[2024-02-29T00:01:07.535+0000] {logging_mixin.py:151} INFO - Record Inserted !!
[2024-02-29T00:01:07.875+0000] {logging_mixin.py:151} INFO - Record Inserted !!
[2024-02-29T00:01:08.467+0000] {logging_mixin.py:151} INFO - Record Inserted !!
[2024-02-29T00:01:08.761+0000] {logging_mixin.py:151} INFO - Record Inserted !!
[2024-02-29T00:01:09.077+0000] {logging_mixin.py:151} INFO - Record Inserted !!
[2024-02-29T00:01:09.339+0000] {logging_mixin.py:151} INFO - Record Inserted !!
[2024-02-29T00:01:09.626+0000] {logging_mixin.py:151} INFO - Record Inserted !!
[2024-02-29T00:01:09.994+0000] {logging_mixin.py:151} INFO - Record Inserted !!
[2024-02-29T00:01:10.344+0000] {logging_mixin.py:151} INFO - Record Inserted !!
[2024-02-29T00:01:10.934+0000] {logging_mixin.py:151} INFO - Record Inserted !!
[2024-02-29T00:01:11.302+0000] {logging_mixin.py:151} INFO - Record Inserted !!
[2024-02-29T00:01:11.650+0000] {logging_mixin.py:151} INFO - Record Inserted !!
[2024-02-29T00:01:11.987+0000] {logging_mixin.py:151} INFO - Record Inserted !!
[2024-02-29T00:01:12.426+0000] {logging_mixin.py:151} INFO - Record Inserted !!
[2024-02-29T00:01:12.737+0000] {logging_mixin.py:151} INFO - Record Inserted !!
[2024-02-29T00:01:13.373+0000] {logging_mixin.py:151} INFO - Record Inserted !!
[2024-02-29T00:01:14.105+0000] {logging_mixin.py:151} INFO - Record Inserted !!
[2024-02-29T00:01:14.478+0000] {logging_mixin.py:151} INFO - Record Inserted !!
[2024-02-29T00:01:14.816+0000] {logging_mixin.py:151} INFO - Record Inserted !!
[2024-02-29T00:01:15.134+0000] {logging_mixin.py:151} INFO - Record Inserted !!
[2024-02-29T00:01:15.422+0000] {logging_mixin.py:151} INFO - Record Inserted !!
[2024-02-29T00:01:15.697+0000] {logging_mixin.py:151} INFO - Record Inserted !!
[2024-02-29T00:01:15.973+0000] {logging_mixin.py:151} INFO - Record Inserted !!
[2024-02-29T00:01:16.262+0000] {logging_mixin.py:151} INFO - Record Inserted !!
[2024-02-29T00:01:16.974+0000] {logging_mixin.py:151} INFO - Record Inserted !!
[2024-02-29T00:01:17.300+0000] {logging_mixin.py:151} INFO - Record Inserted !!
[2024-02-29T00:01:17.898+0000] {logging_mixin.py:151} INFO - Record Inserted !!
[2024-02-29T00:01:18.549+0000] {logging_mixin.py:151} INFO - Record Inserted !!
[2024-02-29T00:01:18.860+0000] {logging_mixin.py:151} INFO - Record Inserted !!
[2024-02-29T00:01:19.514+0000] {logging_mixin.py:151} INFO - Record Inserted !!
[2024-02-29T00:01:20.015+0000] {logging_mixin.py:151} INFO - Record Inserted !!
[2024-02-29T00:01:20.314+0000] {logging_mixin.py:151} INFO - Record Inserted !!
[2024-02-29T00:01:20.940+0000] {logging_mixin.py:151} INFO - Record Inserted !!
[2024-02-29T00:01:21.238+0000] {logging_mixin.py:151} INFO - Record Inserted !!
[2024-02-29T00:01:21.567+0000] {logging_mixin.py:151} INFO - Record Inserted !!
[2024-02-29T00:01:21.900+0000] {logging_mixin.py:151} INFO - Record Inserted !!
[2024-02-29T00:01:22.243+0000] {logging_mixin.py:151} INFO - Record Inserted !!
[2024-02-29T00:01:22.568+0000] {logging_mixin.py:151} INFO - Record Inserted !!
[2024-02-29T00:01:22.891+0000] {logging_mixin.py:151} INFO - Record Inserted !!
[2024-02-29T00:01:23.213+0000] {logging_mixin.py:151} INFO - Record Inserted !!
[2024-02-29T00:01:23.495+0000] {logging_mixin.py:151} INFO - Record Inserted !!
[2024-02-29T00:01:23.828+0000] {logging_mixin.py:151} INFO - Record Inserted !!
[2024-02-29T00:01:24.171+0000] {logging_mixin.py:151} INFO - Record Inserted !!
[2024-02-29T00:01:24.806+0000] {logging_mixin.py:151} INFO - Record Inserted !!
[2024-02-29T00:01:25.114+0000] {logging_mixin.py:151} INFO - Record Inserted !!
[2024-02-29T00:01:25.402+0000] {logging_mixin.py:151} INFO - Record Inserted !!
[2024-02-29T00:01:25.754+0000] {logging_mixin.py:151} INFO - Record Inserted !!
[2024-02-29T00:01:26.054+0000] {logging_mixin.py:151} INFO - Record Inserted !!
[2024-02-29T00:01:26.403+0000] {logging_mixin.py:151} INFO - Record Inserted !!
[2024-02-29T00:01:26.732+0000] {logging_mixin.py:151} INFO - Record Inserted !!
[2024-02-29T00:01:27.031+0000] {logging_mixin.py:151} INFO - Record Inserted !!
[2024-02-29T00:01:27.365+0000] {logging_mixin.py:151} INFO - Record Inserted !!
[2024-02-29T00:01:27.679+0000] {logging_mixin.py:151} INFO - Record Inserted !!
[2024-02-29T00:01:28.001+0000] {logging_mixin.py:151} INFO - Record Inserted !!
[2024-02-29T00:01:28.276+0000] {logging_mixin.py:151} INFO - Record Inserted !!
[2024-02-29T00:01:28.598+0000] {logging_mixin.py:151} INFO - Record Inserted !!
[2024-02-29T00:01:29.670+0000] {logging_mixin.py:151} INFO - Record Inserted !!
[2024-02-29T00:01:30.012+0000] {logging_mixin.py:151} INFO - Record Inserted !!
[2024-02-29T00:01:30.309+0000] {logging_mixin.py:151} INFO - Record Inserted !!
[2024-02-29T00:01:30.655+0000] {logging_mixin.py:151} INFO - Record Inserted !!
[2024-02-29T00:01:30.960+0000] {logging_mixin.py:151} INFO - Record Inserted !!
[2024-02-29T00:01:32.126+0000] {logging_mixin.py:151} INFO - Record Inserted !!
[2024-02-29T00:01:32.480+0000] {logging_mixin.py:151} INFO - Record Inserted !!
[2024-02-29T00:01:32.829+0000] {logging_mixin.py:151} INFO - Record Inserted !!
[2024-02-29T00:01:33.153+0000] {logging_mixin.py:151} INFO - Record Inserted !!
[2024-02-29T00:01:33.764+0000] {logging_mixin.py:151} INFO - Record Inserted !!
[2024-02-29T00:01:34.073+0000] {logging_mixin.py:151} INFO - Record Inserted !!
[2024-02-29T00:01:34.428+0000] {logging_mixin.py:151} INFO - Record Inserted !!
[2024-02-29T00:01:34.939+0000] {logging_mixin.py:151} INFO - Record Inserted !!
[2024-02-29T00:01:35.230+0000] {logging_mixin.py:151} INFO - Record Inserted !!
[2024-02-29T00:01:35.517+0000] {logging_mixin.py:151} INFO - Record Inserted !!
[2024-02-29T00:01:35.811+0000] {logging_mixin.py:151} INFO - Record Inserted !!
[2024-02-29T00:01:36.112+0000] {logging_mixin.py:151} INFO - Record Inserted !!
[2024-02-29T00:01:36.391+0000] {logging_mixin.py:151} INFO - Record Inserted !!
[2024-02-29T00:01:36.675+0000] {logging_mixin.py:151} INFO - Record Inserted !!
[2024-02-29T00:01:37.031+0000] {logging_mixin.py:151} INFO - Record Inserted !!
[2024-02-29T00:01:37.318+0000] {logging_mixin.py:151} INFO - Record Inserted !!
[2024-02-29T00:01:37.595+0000] {logging_mixin.py:151} INFO - Record Inserted !!
[2024-02-29T00:01:37.926+0000] {logging_mixin.py:151} INFO - Record Inserted !!
[2024-02-29T00:01:38.240+0000] {logging_mixin.py:151} INFO - Record Inserted !!
[2024-02-29T00:01:38.555+0000] {logging_mixin.py:151} INFO - Record Inserted !!
[2024-02-29T00:01:38.859+0000] {logging_mixin.py:151} INFO - Record Inserted !!
[2024-02-29T00:01:39.495+0000] {logging_mixin.py:151} INFO - Record Inserted !!
[2024-02-29T00:01:39.923+0000] {logging_mixin.py:151} INFO - Record Inserted !!
[2024-02-29T00:01:40.256+0000] {logging_mixin.py:151} INFO - Record Inserted !!
[2024-02-29T00:01:40.610+0000] {logging_mixin.py:151} INFO - Record Inserted !!
[2024-02-29T00:01:40.912+0000] {logging_mixin.py:151} INFO - Record Inserted !!
[2024-02-29T00:01:41.545+0000] {logging_mixin.py:151} INFO - Record Inserted !!
[2024-02-29T00:01:41.896+0000] {logging_mixin.py:151} INFO - Record Inserted !!
[2024-02-29T00:01:42.185+0000] {logging_mixin.py:151} INFO - Record Inserted !!
[2024-02-29T00:01:42.512+0000] {logging_mixin.py:151} INFO - Record Inserted !!
[2024-02-29T00:01:42.854+0000] {logging_mixin.py:151} INFO - Record Inserted !!
[2024-02-29T00:01:43.192+0000] {logging_mixin.py:151} INFO - Record Inserted !!
[2024-02-29T00:01:43.515+0000] {logging_mixin.py:151} INFO - Record Inserted !!
[2024-02-29T00:01:44.162+0000] {logging_mixin.py:151} INFO - Record Inserted !!
[2024-02-29T00:01:44.493+0000] {logging_mixin.py:151} INFO - Record Inserted !!
[2024-02-29T00:01:44.797+0000] {logging_mixin.py:151} INFO - Record Inserted !!
[2024-02-29T00:01:45.125+0000] {logging_mixin.py:151} INFO - Record Inserted !!
[2024-02-29T00:01:45.460+0000] {logging_mixin.py:151} INFO - Record Inserted !!
[2024-02-29T00:01:45.732+0000] {logging_mixin.py:151} INFO - Record Inserted !!
[2024-02-29T00:01:46.031+0000] {logging_mixin.py:151} INFO - Record Inserted !!
[2024-02-29T00:01:46.777+0000] {logging_mixin.py:151} INFO - Record Inserted !!
[2024-02-29T00:01:47.113+0000] {logging_mixin.py:151} INFO - Record Inserted !!
[2024-02-29T00:01:47.400+0000] {logging_mixin.py:151} INFO - Record Inserted !!
[2024-02-29T00:01:47.705+0000] {logging_mixin.py:151} INFO - Record Inserted !!
[2024-02-29T00:01:47.989+0000] {logging_mixin.py:151} INFO - Record Inserted !!
[2024-02-29T00:01:48.281+0000] {logging_mixin.py:151} INFO - Record Inserted !!
[2024-02-29T00:01:48.592+0000] {logging_mixin.py:151} INFO - Record Inserted !!
[2024-02-29T00:01:48.929+0000] {logging_mixin.py:151} INFO - Record Inserted !!
[2024-02-29T00:01:49.272+0000] {logging_mixin.py:151} INFO - Record Inserted !!
[2024-02-29T00:01:49.616+0000] {logging_mixin.py:151} INFO - Record Inserted !!
[2024-02-29T00:01:49.914+0000] {logging_mixin.py:151} INFO - Record Inserted !!
[2024-02-29T00:01:50.208+0000] {logging_mixin.py:151} INFO - Record Inserted !!
[2024-02-29T00:01:50.511+0000] {logging_mixin.py:151} INFO - Record Inserted !!
[2024-02-29T00:01:50.855+0000] {logging_mixin.py:151} INFO - Record Inserted !!
[2024-02-29T00:01:51.141+0000] {logging_mixin.py:151} INFO - Record Inserted !!
[2024-02-29T00:01:51.434+0000] {logging_mixin.py:151} INFO - Record Inserted !!
[2024-02-29T00:01:51.783+0000] {logging_mixin.py:151} INFO - Record Inserted !!
[2024-02-29T00:01:52.113+0000] {logging_mixin.py:151} INFO - Record Inserted !!
[2024-02-29T00:01:52.455+0000] {logging_mixin.py:151} INFO - Record Inserted !!
[2024-02-29T00:01:52.764+0000] {logging_mixin.py:151} INFO - Record Inserted !!
[2024-02-29T00:01:53.088+0000] {logging_mixin.py:151} INFO - Record Inserted !!
[2024-02-29T00:01:53.422+0000] {logging_mixin.py:151} INFO - Record Inserted !!
[2024-02-29T00:01:53.709+0000] {logging_mixin.py:151} INFO - Record Inserted !!
[2024-02-29T00:01:54.078+0000] {logging_mixin.py:151} INFO - Record Inserted !!
[2024-02-29T00:01:54.377+0000] {logging_mixin.py:151} INFO - Record Inserted !!
[2024-02-29T00:01:54.689+0000] {logging_mixin.py:151} INFO - Record Inserted !!
[2024-02-29T00:01:54.999+0000] {logging_mixin.py:151} INFO - Record Inserted !!
[2024-02-29T00:01:55.341+0000] {logging_mixin.py:151} INFO - Record Inserted !!
[2024-02-29T00:01:55.932+0000] {logging_mixin.py:151} INFO - Record Inserted !!
[2024-02-29T00:01:56.222+0000] {logging_mixin.py:151} INFO - Record Inserted !!
[2024-02-29T00:01:56.527+0000] {logging_mixin.py:151} INFO - Record Inserted !!
[2024-02-29T00:01:56.824+0000] {logging_mixin.py:151} INFO - Record Inserted !!
[2024-02-29T00:01:57.139+0000] {logging_mixin.py:151} INFO - Record Inserted !!
[2024-02-29T00:01:57.440+0000] {logging_mixin.py:151} INFO - Record Inserted !!
[2024-02-29T00:01:57.779+0000] {logging_mixin.py:151} INFO - Record Inserted !!
[2024-02-29T00:01:58.067+0000] {logging_mixin.py:151} INFO - Record Inserted !!
[2024-02-29T00:01:58.363+0000] {logging_mixin.py:151} INFO - Record Inserted !!
[2024-02-29T00:01:58.696+0000] {logging_mixin.py:151} INFO - Record Inserted !!
[2024-02-29T00:01:59.215+0000] {logging_mixin.py:151} INFO - Record Inserted !!
[2024-02-29T00:01:59.498+0000] {logging_mixin.py:151} INFO - Record Inserted !!
[2024-02-29T00:01:59.801+0000] {logging_mixin.py:151} INFO - Record Inserted !!
[2024-02-29T00:02:00.698+0000] {logging_mixin.py:151} INFO - Record Inserted !!
[2024-02-29T00:02:01.018+0000] {logging_mixin.py:151} INFO - Record Inserted !!
[2024-02-29T00:02:01.379+0000] {logging_mixin.py:151} INFO - Record Inserted !!
[2024-02-29T00:02:01.755+0000] {logging_mixin.py:151} INFO - Record Inserted !!
[2024-02-29T00:02:02.137+0000] {logging_mixin.py:151} INFO - Record Inserted !!
[2024-02-29T00:02:02.430+0000] {logging_mixin.py:151} INFO - Record Inserted !!
[2024-02-29T00:02:02.725+0000] {logging_mixin.py:151} INFO - Record Inserted !!
[2024-02-29T00:02:03.097+0000] {logging_mixin.py:151} INFO - Record Inserted !!
[2024-02-29T00:02:03.440+0000] {logging_mixin.py:151} INFO - Record Inserted !!
[2024-02-29T00:02:03.794+0000] {logging_mixin.py:151} INFO - Record Inserted !!
[2024-02-29T00:02:04.127+0000] {logging_mixin.py:151} INFO - Record Inserted !!
[2024-02-29T00:02:04.411+0000] {logging_mixin.py:151} INFO - Record Inserted !!
[2024-02-29T00:02:04.756+0000] {logging_mixin.py:151} INFO - Record Inserted !!
[2024-02-29T00:02:05.042+0000] {logging_mixin.py:151} INFO - Record Inserted !!
[2024-02-29T00:02:05.447+0000] {logging_mixin.py:151} INFO - Record Inserted !!
[2024-02-29T00:02:05.719+0000] {logging_mixin.py:151} INFO - Record Inserted !!
[2024-02-29T00:02:06.026+0000] {logging_mixin.py:151} INFO - Record Inserted !!
[2024-02-29T00:02:06.325+0000] {logging_mixin.py:151} INFO - Record Inserted !!
[2024-02-29T00:02:06.629+0000] {logging_mixin.py:151} INFO - Record Inserted !!
[2024-02-29T00:02:06.921+0000] {logging_mixin.py:151} INFO - Record Inserted !!
[2024-02-29T00:02:07.240+0000] {logging_mixin.py:151} INFO - Record Inserted !!
[2024-02-29T00:02:07.711+0000] {logging_mixin.py:151} INFO - Record Inserted !!
[2024-02-29T00:02:08.046+0000] {logging_mixin.py:151} INFO - Record Inserted !!
[2024-02-29T00:02:09.369+0000] {logging_mixin.py:151} INFO - Record Inserted !!
[2024-02-29T00:02:09.691+0000] {logging_mixin.py:151} INFO - Record Inserted !!
[2024-02-29T00:02:09.967+0000] {logging_mixin.py:151} INFO - Record Inserted !!
[2024-02-29T00:02:10.303+0000] {logging_mixin.py:151} INFO - Record Inserted !!
[2024-02-29T00:02:10.599+0000] {logging_mixin.py:151} INFO - Record Inserted !!
[2024-02-29T00:02:10.934+0000] {logging_mixin.py:151} INFO - Record Inserted !!
[2024-02-29T00:02:11.238+0000] {logging_mixin.py:151} INFO - Record Inserted !!
[2024-02-29T00:02:11.516+0000] {logging_mixin.py:151} INFO - Record Inserted !!
[2024-02-29T00:02:11.821+0000] {logging_mixin.py:151} INFO - Record Inserted !!
[2024-02-29T00:02:12.139+0000] {logging_mixin.py:151} INFO - Record Inserted !!
[2024-02-29T00:02:12.457+0000] {logging_mixin.py:151} INFO - Record Inserted !!
[2024-02-29T00:02:12.805+0000] {logging_mixin.py:151} INFO - Record Inserted !!
[2024-02-29T00:02:13.139+0000] {logging_mixin.py:151} INFO - Record Inserted !!
[2024-02-29T00:02:13.434+0000] {logging_mixin.py:151} INFO - Record Inserted !!
[2024-02-29T00:02:13.767+0000] {logging_mixin.py:151} INFO - Record Inserted !!
[2024-02-29T00:02:14.115+0000] {logging_mixin.py:151} INFO - Record Inserted !!
[2024-02-29T00:02:14.465+0000] {logging_mixin.py:151} INFO - Record Inserted !!
[2024-02-29T00:02:15.036+0000] {logging_mixin.py:151} INFO - Record Inserted !!
[2024-02-29T00:02:15.397+0000] {logging_mixin.py:151} INFO - Record Inserted !!
[2024-02-29T00:02:15.735+0000] {logging_mixin.py:151} INFO - Record Inserted !!
[2024-02-29T00:02:16.063+0000] {logging_mixin.py:151} INFO - Record Inserted !!
[2024-02-29T00:02:16.372+0000] {logging_mixin.py:151} INFO - Record Inserted !!
[2024-02-29T00:02:16.684+0000] {logging_mixin.py:151} INFO - Record Inserted !!
[2024-02-29T00:02:16.971+0000] {logging_mixin.py:151} INFO - Record Inserted !!
[2024-02-29T00:02:17.272+0000] {logging_mixin.py:151} INFO - Record Inserted !!
[2024-02-29T00:02:17.618+0000] {logging_mixin.py:151} INFO - Record Inserted !!
[2024-02-29T00:02:17.957+0000] {logging_mixin.py:151} INFO - Record Inserted !!
[2024-02-29T00:02:18.293+0000] {logging_mixin.py:151} INFO - Record Inserted !!
[2024-02-29T00:02:18.627+0000] {logging_mixin.py:151} INFO - Record Inserted !!
[2024-02-29T00:02:18.920+0000] {logging_mixin.py:151} INFO - Record Inserted !!
[2024-02-29T00:02:19.263+0000] {logging_mixin.py:151} INFO - Record Inserted !!
[2024-02-29T00:02:19.621+0000] {logging_mixin.py:151} INFO - Record Inserted !!
[2024-02-29T00:02:19.939+0000] {logging_mixin.py:151} INFO - Record Inserted !!
[2024-02-29T00:02:20.222+0000] {logging_mixin.py:151} INFO - Record Inserted !!
[2024-02-29T00:02:20.527+0000] {logging_mixin.py:151} INFO - Record Inserted !!
[2024-02-29T00:02:20.810+0000] {logging_mixin.py:151} INFO - Record Inserted !!
[2024-02-29T00:02:21.470+0000] {logging_mixin.py:151} INFO - Record Inserted !!
[2024-02-29T00:02:21.823+0000] {logging_mixin.py:151} INFO - Record Inserted !!
[2024-02-29T00:02:22.156+0000] {logging_mixin.py:151} INFO - Record Inserted !!
[2024-02-29T00:02:22.466+0000] {logging_mixin.py:151} INFO - Record Inserted !!
[2024-02-29T00:02:22.802+0000] {logging_mixin.py:151} INFO - Record Inserted !!
[2024-02-29T00:02:23.090+0000] {logging_mixin.py:151} INFO - Record Inserted !!
[2024-02-29T00:02:23.410+0000] {logging_mixin.py:151} INFO - Record Inserted !!
[2024-02-29T00:02:23.717+0000] {logging_mixin.py:151} INFO - Record Inserted !!
[2024-02-29T00:02:24.011+0000] {logging_mixin.py:151} INFO - Record Inserted !!
[2024-02-29T00:02:24.354+0000] {logging_mixin.py:151} INFO - Record Inserted !!
[2024-02-29T00:02:24.692+0000] {logging_mixin.py:151} INFO - Record Inserted !!
[2024-02-29T00:02:24.990+0000] {logging_mixin.py:151} INFO - Record Inserted !!
[2024-02-29T00:02:25.305+0000] {logging_mixin.py:151} INFO - Record Inserted !!
[2024-02-29T00:02:25.670+0000] {logging_mixin.py:151} INFO - Record Inserted !!
[2024-02-29T00:02:25.950+0000] {logging_mixin.py:151} INFO - Record Inserted !!
[2024-02-29T00:02:26.264+0000] {logging_mixin.py:151} INFO - Record Inserted !!
[2024-02-29T00:02:26.585+0000] {logging_mixin.py:151} INFO - Record Inserted !!
[2024-02-29T00:02:26.956+0000] {logging_mixin.py:151} INFO - Record Inserted !!
[2024-02-29T00:02:27.247+0000] {logging_mixin.py:151} INFO - Record Inserted !!
[2024-02-29T00:02:27.576+0000] {logging_mixin.py:151} INFO - Record Inserted !!
[2024-02-29T00:02:27.868+0000] {logging_mixin.py:151} INFO - Record Inserted !!
[2024-02-29T00:02:28.226+0000] {logging_mixin.py:151} INFO - Record Inserted !!
[2024-02-29T00:02:28.539+0000] {logging_mixin.py:151} INFO - Record Inserted !!
[2024-02-29T00:02:28.834+0000] {logging_mixin.py:151} INFO - Record Inserted !!
[2024-02-29T00:02:29.178+0000] {logging_mixin.py:151} INFO - Record Inserted !!
[2024-02-29T00:02:29.498+0000] {logging_mixin.py:151} INFO - Record Inserted !!
[2024-02-29T00:02:29.823+0000] {logging_mixin.py:151} INFO - Record Inserted !!
[2024-02-29T00:02:30.161+0000] {logging_mixin.py:151} INFO - Record Inserted !!
[2024-02-29T00:02:30.463+0000] {logging_mixin.py:151} INFO - Record Inserted !!
[2024-02-29T00:02:30.780+0000] {logging_mixin.py:151} INFO - Record Inserted !!
[2024-02-29T00:02:31.066+0000] {logging_mixin.py:151} INFO - Record Inserted !!
[2024-02-29T00:02:31.403+0000] {logging_mixin.py:151} INFO - Record Inserted !!
[2024-02-29T00:02:31.674+0000] {logging_mixin.py:151} INFO - Record Inserted !!
[2024-02-29T00:02:32.309+0000] {logging_mixin.py:151} INFO - Record Inserted !!
[2024-02-29T00:02:32.663+0000] {logging_mixin.py:151} INFO - Record Inserted !!
[2024-02-29T00:02:33.022+0000] {logging_mixin.py:151} INFO - Record Inserted !!
[2024-02-29T00:02:33.324+0000] {logging_mixin.py:151} INFO - Record Inserted !!
[2024-02-29T00:02:33.650+0000] {logging_mixin.py:151} INFO - Record Inserted !!
[2024-02-29T00:02:33.938+0000] {logging_mixin.py:151} INFO - Record Inserted !!
[2024-02-29T00:02:34.245+0000] {logging_mixin.py:151} INFO - Record Inserted !!
[2024-02-29T00:02:34.977+0000] {logging_mixin.py:151} INFO - Record Inserted !!
[2024-02-29T00:02:35.616+0000] {logging_mixin.py:151} INFO - Record Inserted !!
[2024-02-29T00:02:35.947+0000] {logging_mixin.py:151} INFO - Record Inserted !!
[2024-02-29T00:02:36.267+0000] {logging_mixin.py:151} INFO - Record Inserted !!
[2024-02-29T00:02:36.572+0000] {logging_mixin.py:151} INFO - Record Inserted !!
[2024-02-29T00:02:36.887+0000] {logging_mixin.py:151} INFO - Record Inserted !!
[2024-02-29T00:02:37.217+0000] {logging_mixin.py:151} INFO - Record Inserted !!
[2024-02-29T00:02:37.555+0000] {logging_mixin.py:151} INFO - Record Inserted !!
[2024-02-29T00:02:37.879+0000] {logging_mixin.py:151} INFO - Record Inserted !!
[2024-02-29T00:02:38.205+0000] {logging_mixin.py:151} INFO - Record Inserted !!
[2024-02-29T00:02:38.540+0000] {logging_mixin.py:151} INFO - Record Inserted !!
[2024-02-29T00:02:38.862+0000] {logging_mixin.py:151} INFO - Record Inserted !!
[2024-02-29T00:02:39.136+0000] {logging_mixin.py:151} INFO - Record Inserted !!
[2024-02-29T00:02:39.709+0000] {logging_mixin.py:151} INFO - Record Inserted !!
[2024-02-29T00:02:40.061+0000] {logging_mixin.py:151} INFO - Record Inserted !!
[2024-02-29T00:02:40.702+0000] {logging_mixin.py:151} INFO - Record Inserted !!
[2024-02-29T00:02:42.062+0000] {logging_mixin.py:151} INFO - Record Inserted !!
[2024-02-29T00:02:42.354+0000] {logging_mixin.py:151} INFO - Record Inserted !!
[2024-02-29T00:02:43.806+0000] {logging_mixin.py:151} INFO - Record Inserted !!
[2024-02-29T00:02:44.104+0000] {logging_mixin.py:151} INFO - Record Inserted !!
[2024-02-29T00:02:44.424+0000] {logging_mixin.py:151} INFO - Record Inserted !!
[2024-02-29T00:02:44.758+0000] {logging_mixin.py:151} INFO - Record Inserted !!
[2024-02-29T00:02:45.388+0000] {logging_mixin.py:151} INFO - Record Inserted !!
[2024-02-29T00:02:45.740+0000] {logging_mixin.py:151} INFO - Record Inserted !!
[2024-02-29T00:02:46.081+0000] {logging_mixin.py:151} INFO - Record Inserted !!
[2024-02-29T00:02:46.773+0000] {logging_mixin.py:151} INFO - Record Inserted !!
[2024-02-29T00:02:47.105+0000] {logging_mixin.py:151} INFO - Record Inserted !!
[2024-02-29T00:02:47.428+0000] {logging_mixin.py:151} INFO - Record Inserted !!
[2024-02-29T00:02:47.717+0000] {logging_mixin.py:151} INFO - Record Inserted !!
[2024-02-29T00:02:48.078+0000] {logging_mixin.py:151} INFO - Record Inserted !!
[2024-02-29T00:02:48.725+0000] {logging_mixin.py:151} INFO - Record Inserted !!
[2024-02-29T00:02:49.059+0000] {logging_mixin.py:151} INFO - Record Inserted !!
[2024-02-29T00:02:49.370+0000] {logging_mixin.py:151} INFO - Record Inserted !!
[2024-02-29T00:02:49.671+0000] {logging_mixin.py:151} INFO - Record Inserted !!
[2024-02-29T00:02:50.285+0000] {logging_mixin.py:151} INFO - Record Inserted !!
[2024-02-29T00:02:50.566+0000] {logging_mixin.py:151} INFO - Record Inserted !!
[2024-02-29T00:02:50.879+0000] {logging_mixin.py:151} INFO - Record Inserted !!
[2024-02-29T00:02:51.234+0000] {logging_mixin.py:151} INFO - Record Inserted !!
[2024-02-29T00:02:51.529+0000] {logging_mixin.py:151} INFO - Record Inserted !!
[2024-02-29T00:02:51.802+0000] {logging_mixin.py:151} INFO - Record Inserted !!
[2024-02-29T00:02:52.149+0000] {logging_mixin.py:151} INFO - Record Inserted !!
[2024-02-29T00:02:52.663+0000] {logging_mixin.py:151} INFO - Record Inserted !!
[2024-02-29T00:02:52.994+0000] {logging_mixin.py:151} INFO - Record Inserted !!
[2024-02-29T00:02:53.307+0000] {logging_mixin.py:151} INFO - Record Inserted !!
[2024-02-29T00:02:53.626+0000] {logging_mixin.py:151} INFO - Record Inserted !!
[2024-02-29T00:02:53.949+0000] {logging_mixin.py:151} INFO - Record Inserted !!
[2024-02-29T00:02:54.244+0000] {logging_mixin.py:151} INFO - Record Inserted !!
[2024-02-29T00:02:54.760+0000] {logging_mixin.py:151} INFO - Record Inserted !!
[2024-02-29T00:02:55.057+0000] {logging_mixin.py:151} INFO - Record Inserted !!
[2024-02-29T00:02:55.376+0000] {logging_mixin.py:151} INFO - Record Inserted !!
[2024-02-29T00:02:55.715+0000] {logging_mixin.py:151} INFO - Record Inserted !!
[2024-02-29T00:02:56.023+0000] {logging_mixin.py:151} INFO - Record Inserted !!
[2024-02-29T00:02:56.400+0000] {logging_mixin.py:151} INFO - Record Inserted !!
[2024-02-29T00:02:56.675+0000] {logging_mixin.py:151} INFO - Record Inserted !!
[2024-02-29T00:02:57.004+0000] {logging_mixin.py:151} INFO - Record Inserted !!
[2024-02-29T00:02:57.364+0000] {logging_mixin.py:151} INFO - Record Inserted !!
[2024-02-29T00:02:57.683+0000] {logging_mixin.py:151} INFO - Record Inserted !!
[2024-02-29T00:02:58.043+0000] {logging_mixin.py:151} INFO - Record Inserted !!
[2024-02-29T00:02:58.385+0000] {logging_mixin.py:151} INFO - Record Inserted !!
[2024-02-29T00:02:58.710+0000] {logging_mixin.py:151} INFO - Record Inserted !!
[2024-02-29T00:02:59.035+0000] {logging_mixin.py:151} INFO - Record Inserted !!
[2024-02-29T00:02:59.355+0000] {logging_mixin.py:151} INFO - Record Inserted !!
[2024-02-29T00:02:59.695+0000] {logging_mixin.py:151} INFO - Record Inserted !!
[2024-02-29T00:03:00.438+0000] {logging_mixin.py:151} INFO - Record Inserted !!
[2024-02-29T00:03:00.822+0000] {logging_mixin.py:151} INFO - Record Inserted !!
[2024-02-29T00:03:01.268+0000] {logging_mixin.py:151} INFO - Record Inserted !!
[2024-02-29T00:03:01.626+0000] {logging_mixin.py:151} INFO - Record Inserted !!
[2024-02-29T00:03:02.021+0000] {logging_mixin.py:151} INFO - Record Inserted !!
[2024-02-29T00:03:02.519+0000] {logging_mixin.py:151} INFO - Record Inserted !!
[2024-02-29T00:03:02.849+0000] {logging_mixin.py:151} INFO - Record Inserted !!
[2024-02-29T00:03:03.470+0000] {logging_mixin.py:151} INFO - Record Inserted !!
[2024-02-29T00:03:05.024+0000] {logging_mixin.py:151} INFO - Record Inserted !!
[2024-02-29T00:03:05.521+0000] {logging_mixin.py:151} INFO - Record Inserted !!
[2024-02-29T00:03:05.831+0000] {logging_mixin.py:151} INFO - Record Inserted !!
[2024-02-29T00:03:06.117+0000] {logging_mixin.py:151} INFO - Record Inserted !!
[2024-02-29T00:03:06.466+0000] {logging_mixin.py:151} INFO - Record Inserted !!
[2024-02-29T00:03:06.756+0000] {logging_mixin.py:151} INFO - Record Inserted !!
[2024-02-29T00:03:07.037+0000] {logging_mixin.py:151} INFO - Record Inserted !!
[2024-02-29T00:03:07.378+0000] {logging_mixin.py:151} INFO - Record Inserted !!
[2024-02-29T00:03:07.752+0000] {logging_mixin.py:151} INFO - Record Inserted !!
[2024-02-29T00:03:08.059+0000] {logging_mixin.py:151} INFO - Record Inserted !!
[2024-02-29T00:03:09.161+0000] {logging_mixin.py:151} INFO - Record Inserted !!
[2024-02-29T00:03:09.517+0000] {logging_mixin.py:151} INFO - Record Inserted !!
[2024-02-29T00:03:09.825+0000] {logging_mixin.py:151} INFO - Record Inserted !!
[2024-02-29T00:03:10.534+0000] {logging_mixin.py:151} INFO - Record Inserted !!
[2024-02-29T00:03:11.143+0000] {logging_mixin.py:151} INFO - Record Inserted !!
[2024-02-29T00:03:11.431+0000] {logging_mixin.py:151} INFO - Record Inserted !!
[2024-02-29T00:03:12.382+0000] {logging_mixin.py:151} INFO - Record Inserted !!
[2024-02-29T00:03:12.931+0000] {logging_mixin.py:151} INFO - Record Inserted !!
[2024-02-29T00:03:13.222+0000] {logging_mixin.py:151} INFO - Record Inserted !!
[2024-02-29T00:03:13.553+0000] {logging_mixin.py:151} INFO - Record Inserted !!
[2024-02-29T00:03:13.854+0000] {logging_mixin.py:151} INFO - Record Inserted !!
[2024-02-29T00:03:14.530+0000] {logging_mixin.py:151} INFO - Record Inserted !!
[2024-02-29T00:03:14.831+0000] {logging_mixin.py:151} INFO - Record Inserted !!
[2024-02-29T00:03:15.155+0000] {logging_mixin.py:151} INFO - Record Inserted !!
[2024-02-29T00:03:15.466+0000] {logging_mixin.py:151} INFO - Record Inserted !!
[2024-02-29T00:03:15.807+0000] {logging_mixin.py:151} INFO - Record Inserted !!
[2024-02-29T00:03:16.136+0000] {logging_mixin.py:151} INFO - Record Inserted !!
[2024-02-29T00:03:16.447+0000] {logging_mixin.py:151} INFO - Record Inserted !!
[2024-02-29T00:03:16.752+0000] {logging_mixin.py:151} INFO - Record Inserted !!
[2024-02-29T00:03:17.033+0000] {logging_mixin.py:151} INFO - Record Inserted !!
[2024-02-29T00:03:17.353+0000] {logging_mixin.py:151} INFO - Record Inserted !!
[2024-02-29T00:03:17.669+0000] {logging_mixin.py:151} INFO - Record Inserted !!
[2024-02-29T00:03:17.964+0000] {logging_mixin.py:151} INFO - Record Inserted !!
[2024-02-29T00:03:18.265+0000] {logging_mixin.py:151} INFO - Record Inserted !!
[2024-02-29T00:03:18.609+0000] {logging_mixin.py:151} INFO - Record Inserted !!
[2024-02-29T00:03:18.952+0000] {logging_mixin.py:151} INFO - Record Inserted !!
[2024-02-29T00:03:19.259+0000] {logging_mixin.py:151} INFO - Record Inserted !!
[2024-02-29T00:03:19.584+0000] {logging_mixin.py:151} INFO - Record Inserted !!
[2024-02-29T00:03:20.171+0000] {logging_mixin.py:151} INFO - Record Inserted !!
[2024-02-29T00:03:20.776+0000] {logging_mixin.py:151} INFO - Record Inserted !!
[2024-02-29T00:03:21.145+0000] {logging_mixin.py:151} INFO - Record Inserted !!
[2024-02-29T00:03:21.487+0000] {logging_mixin.py:151} INFO - Record Inserted !!
[2024-02-29T00:03:21.833+0000] {logging_mixin.py:151} INFO - Record Inserted !!
[2024-02-29T00:03:22.107+0000] {logging_mixin.py:151} INFO - Record Inserted !!
[2024-02-29T00:03:22.442+0000] {logging_mixin.py:151} INFO - Record Inserted !!
[2024-02-29T00:03:23.771+0000] {logging_mixin.py:151} INFO - Record Inserted !!
[2024-02-29T00:03:24.078+0000] {logging_mixin.py:151} INFO - Record Inserted !!
[2024-02-29T00:03:24.433+0000] {logging_mixin.py:151} INFO - Record Inserted !!
[2024-02-29T00:03:25.087+0000] {logging_mixin.py:151} INFO - Record Inserted !!
[2024-02-29T00:03:25.384+0000] {logging_mixin.py:151} INFO - Record Inserted !!
[2024-02-29T00:03:25.722+0000] {logging_mixin.py:151} INFO - Record Inserted !!
[2024-02-29T00:03:26.018+0000] {logging_mixin.py:151} INFO - Record Inserted !!
[2024-02-29T00:03:26.371+0000] {logging_mixin.py:151} INFO - Record Inserted !!
[2024-02-29T00:03:26.698+0000] {logging_mixin.py:151} INFO - Record Inserted !!
[2024-02-29T00:03:26.991+0000] {logging_mixin.py:151} INFO - Record Inserted !!
[2024-02-29T00:03:27.736+0000] {logging_mixin.py:151} INFO - Record Inserted !!
[2024-02-29T00:03:28.071+0000] {logging_mixin.py:151} INFO - Record Inserted !!
[2024-02-29T00:03:28.354+0000] {logging_mixin.py:151} INFO - Record Inserted !!
[2024-02-29T00:03:28.666+0000] {logging_mixin.py:151} INFO - Record Inserted !!
[2024-02-29T00:03:28.993+0000] {logging_mixin.py:151} INFO - Record Inserted !!
[2024-02-29T00:03:29.326+0000] {logging_mixin.py:151} INFO - Record Inserted !!
[2024-02-29T00:03:29.626+0000] {logging_mixin.py:151} INFO - Record Inserted !!
[2024-02-29T00:03:29.974+0000] {logging_mixin.py:151} INFO - Record Inserted !!
[2024-02-29T00:03:30.343+0000] {logging_mixin.py:151} INFO - Record Inserted !!
[2024-02-29T00:03:30.642+0000] {logging_mixin.py:151} INFO - Record Inserted !!
[2024-02-29T00:03:30.922+0000] {logging_mixin.py:151} INFO - Record Inserted !!
[2024-02-29T00:03:31.257+0000] {logging_mixin.py:151} INFO - Record Inserted !!
[2024-02-29T00:03:31.554+0000] {logging_mixin.py:151} INFO - Record Inserted !!
[2024-02-29T00:03:31.889+0000] {logging_mixin.py:151} INFO - Record Inserted !!
[2024-02-29T00:03:32.169+0000] {logging_mixin.py:151} INFO - Record Inserted !!
[2024-02-29T00:03:32.450+0000] {logging_mixin.py:151} INFO - Record Inserted !!
[2024-02-29T00:03:32.980+0000] {logging_mixin.py:151} INFO - Record Inserted !!
[2024-02-29T00:03:33.342+0000] {logging_mixin.py:151} INFO - Record Inserted !!
[2024-02-29T00:03:34.087+0000] {logging_mixin.py:151} INFO - Record Inserted !!
[2024-02-29T00:03:34.466+0000] {logging_mixin.py:151} INFO - Record Inserted !!
[2024-02-29T00:03:34.811+0000] {logging_mixin.py:151} INFO - Record Inserted !!
[2024-02-29T00:03:35.460+0000] {logging_mixin.py:151} INFO - Record Inserted !!
[2024-02-29T00:03:36.133+0000] {logging_mixin.py:151} INFO - Record Inserted !!
[2024-02-29T00:03:36.434+0000] {logging_mixin.py:151} INFO - Record Inserted !!
[2024-02-29T00:03:36.765+0000] {logging_mixin.py:151} INFO - Record Inserted !!
[2024-02-29T00:03:37.106+0000] {logging_mixin.py:151} INFO - Record Inserted !!
[2024-02-29T00:03:37.432+0000] {logging_mixin.py:151} INFO - Record Inserted !!
[2024-02-29T00:03:37.754+0000] {logging_mixin.py:151} INFO - Record Inserted !!
[2024-02-29T00:03:38.081+0000] {logging_mixin.py:151} INFO - Record Inserted !!
[2024-02-29T00:03:38.398+0000] {logging_mixin.py:151} INFO - Record Inserted !!
[2024-02-29T00:03:38.730+0000] {logging_mixin.py:151} INFO - Record Inserted !!
[2024-02-29T00:03:39.012+0000] {logging_mixin.py:151} INFO - Record Inserted !!
[2024-02-29T00:03:39.363+0000] {logging_mixin.py:151} INFO - Record Inserted !!
[2024-02-29T00:03:39.674+0000] {logging_mixin.py:151} INFO - Record Inserted !!
[2024-02-29T00:03:40.186+0000] {logging_mixin.py:151} INFO - Record Inserted !!
[2024-02-29T00:03:40.516+0000] {logging_mixin.py:151} INFO - Record Inserted !!
[2024-02-29T00:03:40.850+0000] {logging_mixin.py:151} INFO - Record Inserted !!
[2024-02-29T00:03:41.171+0000] {logging_mixin.py:151} INFO - Record Inserted !!
[2024-02-29T00:03:41.451+0000] {logging_mixin.py:151} INFO - Record Inserted !!
[2024-02-29T00:03:41.784+0000] {logging_mixin.py:151} INFO - Record Inserted !!
[2024-02-29T00:03:42.064+0000] {logging_mixin.py:151} INFO - Record Inserted !!
[2024-02-29T00:03:42.401+0000] {logging_mixin.py:151} INFO - Record Inserted !!
[2024-02-29T00:03:42.703+0000] {logging_mixin.py:151} INFO - Record Inserted !!
[2024-02-29T00:03:43.018+0000] {logging_mixin.py:151} INFO - Record Inserted !!
[2024-02-29T00:03:43.341+0000] {logging_mixin.py:151} INFO - Record Inserted !!
[2024-02-29T00:03:43.699+0000] {logging_mixin.py:151} INFO - Record Inserted !!
[2024-02-29T00:03:44.025+0000] {logging_mixin.py:151} INFO - Record Inserted !!
[2024-02-29T00:03:45.394+0000] {logging_mixin.py:151} INFO - Record Inserted !!
[2024-02-29T00:03:45.736+0000] {logging_mixin.py:151} INFO - Record Inserted !!
[2024-02-29T00:03:46.049+0000] {logging_mixin.py:151} INFO - Record Inserted !!
[2024-02-29T00:03:46.377+0000] {logging_mixin.py:151} INFO - Record Inserted !!
[2024-02-29T00:03:46.732+0000] {logging_mixin.py:151} INFO - Record Inserted !!
[2024-02-29T00:03:47.067+0000] {logging_mixin.py:151} INFO - Record Inserted !!
[2024-02-29T00:03:47.641+0000] {logging_mixin.py:151} INFO - Record Inserted !!
[2024-02-29T00:03:48.338+0000] {logging_mixin.py:151} INFO - Record Inserted !!
[2024-02-29T00:03:48.674+0000] {logging_mixin.py:151} INFO - Record Inserted !!
[2024-02-29T00:03:49.015+0000] {logging_mixin.py:151} INFO - Record Inserted !!
[2024-02-29T00:03:49.361+0000] {logging_mixin.py:151} INFO - Record Inserted !!
[2024-02-29T00:03:49.979+0000] {logging_mixin.py:151} INFO - Record Inserted !!
[2024-02-29T00:03:50.678+0000] {logging_mixin.py:151} INFO - Record Inserted !!
[2024-02-29T00:03:51.394+0000] {logging_mixin.py:151} INFO - Record Inserted !!
[2024-02-29T00:03:51.691+0000] {logging_mixin.py:151} INFO - Record Inserted !!
[2024-02-29T00:03:51.987+0000] {logging_mixin.py:151} INFO - Record Inserted !!
[2024-02-29T00:03:52.274+0000] {logging_mixin.py:151} INFO - Record Inserted !!
[2024-02-29T00:03:52.612+0000] {logging_mixin.py:151} INFO - Record Inserted !!
[2024-02-29T00:03:52.882+0000] {logging_mixin.py:151} INFO - Record Inserted !!
[2024-02-29T00:03:53.169+0000] {logging_mixin.py:151} INFO - Record Inserted !!
[2024-02-29T00:03:53.458+0000] {logging_mixin.py:151} INFO - Record Inserted !!
[2024-02-29T00:03:53.805+0000] {logging_mixin.py:151} INFO - Record Inserted !!
[2024-02-29T00:03:54.140+0000] {logging_mixin.py:151} INFO - Record Inserted !!
[2024-02-29T00:03:54.452+0000] {logging_mixin.py:151} INFO - Record Inserted !!
[2024-02-29T00:03:54.787+0000] {logging_mixin.py:151} INFO - Record Inserted !!
[2024-02-29T00:03:55.111+0000] {logging_mixin.py:151} INFO - Record Inserted !!
[2024-02-29T00:03:55.418+0000] {logging_mixin.py:151} INFO - Record Inserted !!
[2024-02-29T00:03:55.720+0000] {logging_mixin.py:151} INFO - Record Inserted !!
[2024-02-29T00:03:56.423+0000] {logging_mixin.py:151} INFO - Record Inserted !!
[2024-02-29T00:03:56.771+0000] {logging_mixin.py:151} INFO - Record Inserted !!
[2024-02-29T00:03:57.117+0000] {logging_mixin.py:151} INFO - Record Inserted !!
[2024-02-29T00:03:58.593+0000] {logging_mixin.py:151} INFO - Record Inserted !!
[2024-02-29T00:03:58.905+0000] {logging_mixin.py:151} INFO - Record Inserted !!
[2024-02-29T00:03:59.185+0000] {logging_mixin.py:151} INFO - Record Inserted !!
[2024-02-29T00:03:59.539+0000] {logging_mixin.py:151} INFO - Record Inserted !!
[2024-02-29T00:03:59.897+0000] {logging_mixin.py:151} INFO - Record Inserted !!
[2024-02-29T00:04:00.231+0000] {logging_mixin.py:151} INFO - Record Inserted !!
[2024-02-29T00:04:00.586+0000] {logging_mixin.py:151} INFO - Record Inserted !!
[2024-02-29T00:04:01.224+0000] {logging_mixin.py:151} INFO - Record Inserted !!
[2024-02-29T00:04:01.837+0000] {logging_mixin.py:151} INFO - Record Inserted !!
[2024-02-29T00:04:02.133+0000] {logging_mixin.py:151} INFO - Record Inserted !!
[2024-02-29T00:04:03.430+0000] {logging_mixin.py:151} INFO - Record Inserted !!
[2024-02-29T00:04:03.777+0000] {logging_mixin.py:151} INFO - Record Inserted !!
[2024-02-29T00:04:04.087+0000] {logging_mixin.py:151} INFO - Record Inserted !!
[2024-02-29T00:04:05.431+0000] {logging_mixin.py:151} INFO - Record Inserted !!
[2024-02-29T00:04:05.735+0000] {logging_mixin.py:151} INFO - Record Inserted !!
[2024-02-29T00:04:06.099+0000] {logging_mixin.py:151} INFO - Record Inserted !!
[2024-02-29T00:04:06.435+0000] {logging_mixin.py:151} INFO - Record Inserted !!
[2024-02-29T00:04:06.806+0000] {logging_mixin.py:151} INFO - Record Inserted !!
[2024-02-29T00:04:07.148+0000] {logging_mixin.py:151} INFO - Record Inserted !!
[2024-02-29T00:04:07.493+0000] {logging_mixin.py:151} INFO - Record Inserted !!
[2024-02-29T00:04:07.988+0000] {logging_mixin.py:151} INFO - Record Inserted !!
[2024-02-29T00:04:08.299+0000] {logging_mixin.py:151} INFO - Record Inserted !!
[2024-02-29T00:04:08.575+0000] {logging_mixin.py:151} INFO - Record Inserted !!
[2024-02-29T00:04:08.878+0000] {logging_mixin.py:151} INFO - Record Inserted !!
[2024-02-29T00:04:09.185+0000] {logging_mixin.py:151} INFO - Record Inserted !!
[2024-02-29T00:04:09.540+0000] {logging_mixin.py:151} INFO - Record Inserted !!
[2024-02-29T00:04:09.880+0000] {logging_mixin.py:151} INFO - Record Inserted !!
[2024-02-29T00:04:10.228+0000] {logging_mixin.py:151} INFO - Record Inserted !!
[2024-02-29T00:04:10.643+0000] {logging_mixin.py:151} INFO - Record Inserted !!
[2024-02-29T00:04:11.276+0000] {logging_mixin.py:151} INFO - Record Inserted !!
[2024-02-29T00:04:11.593+0000] {logging_mixin.py:151} INFO - Record Inserted !!
[2024-02-29T00:04:12.179+0000] {logging_mixin.py:151} INFO - Record Inserted !!
[2024-02-29T00:04:12.458+0000] {logging_mixin.py:151} INFO - Record Inserted !!
[2024-02-29T00:04:13.068+0000] {logging_mixin.py:151} INFO - Record Inserted !!
[2024-02-29T00:04:13.421+0000] {logging_mixin.py:151} INFO - Record Inserted !!
[2024-02-29T00:04:13.748+0000] {logging_mixin.py:151} INFO - Record Inserted !!
[2024-02-29T00:04:14.032+0000] {logging_mixin.py:151} INFO - Record Inserted !!
[2024-02-29T00:04:14.371+0000] {logging_mixin.py:151} INFO - Record Inserted !!
[2024-02-29T00:04:14.719+0000] {logging_mixin.py:151} INFO - Record Inserted !!
[2024-02-29T00:04:15.037+0000] {logging_mixin.py:151} INFO - Record Inserted !!
[2024-02-29T00:04:15.340+0000] {logging_mixin.py:151} INFO - Record Inserted !!
[2024-02-29T00:04:15.659+0000] {logging_mixin.py:151} INFO - Record Inserted !!
[2024-02-29T00:04:16.384+0000] {logging_mixin.py:151} INFO - Record Inserted !!
[2024-02-29T00:04:16.670+0000] {logging_mixin.py:151} INFO - Record Inserted !!
[2024-02-29T00:04:17.408+0000] {logging_mixin.py:151} INFO - Record Inserted !!
[2024-02-29T00:04:17.749+0000] {logging_mixin.py:151} INFO - Record Inserted !!
[2024-02-29T00:04:18.279+0000] {logging_mixin.py:151} INFO - Record Inserted !!
[2024-02-29T00:04:18.573+0000] {logging_mixin.py:151} INFO - Record Inserted !!
[2024-02-29T00:04:18.886+0000] {logging_mixin.py:151} INFO - Record Inserted !!
[2024-02-29T00:04:19.170+0000] {logging_mixin.py:151} INFO - Record Inserted !!
[2024-02-29T00:04:19.920+0000] {logging_mixin.py:151} INFO - Record Inserted !!
[2024-02-29T00:04:20.200+0000] {logging_mixin.py:151} INFO - Record Inserted !!
[2024-02-29T00:04:20.579+0000] {logging_mixin.py:151} INFO - Record Inserted !!
[2024-02-29T00:04:20.921+0000] {logging_mixin.py:151} INFO - Record Inserted !!
[2024-02-29T00:04:21.263+0000] {logging_mixin.py:151} INFO - Record Inserted !!
[2024-02-29T00:04:21.580+0000] {logging_mixin.py:151} INFO - Record Inserted !!
[2024-02-29T00:04:21.895+0000] {logging_mixin.py:151} INFO - Record Inserted !!
[2024-02-29T00:04:22.426+0000] {logging_mixin.py:151} INFO - Record Inserted !!
[2024-02-29T00:04:23.244+0000] {logging_mixin.py:151} INFO - Record Inserted !!
[2024-02-29T00:04:23.859+0000] {logging_mixin.py:151} INFO - Record Inserted !!
[2024-02-29T00:04:24.155+0000] {logging_mixin.py:151} INFO - Record Inserted !!
[2024-02-29T00:04:24.450+0000] {logging_mixin.py:151} INFO - Record Inserted !!
[2024-02-29T00:04:25.074+0000] {logging_mixin.py:151} INFO - Record Inserted !!
[2024-02-29T00:04:25.678+0000] {logging_mixin.py:151} INFO - Record Inserted !!
[2024-02-29T00:04:26.032+0000] {logging_mixin.py:151} INFO - Record Inserted !!
[2024-02-29T00:04:26.357+0000] {logging_mixin.py:151} INFO - Record Inserted !!
[2024-02-29T00:04:26.680+0000] {logging_mixin.py:151} INFO - Record Inserted !!
[2024-02-29T00:04:27.033+0000] {logging_mixin.py:151} INFO - Record Inserted !!
[2024-02-29T00:04:27.398+0000] {logging_mixin.py:151} INFO - Record Inserted !!
[2024-02-29T00:04:27.729+0000] {logging_mixin.py:151} INFO - Record Inserted !!
[2024-02-29T00:04:28.090+0000] {logging_mixin.py:151} INFO - Record Inserted !!
[2024-02-29T00:04:28.408+0000] {logging_mixin.py:151} INFO - Record Inserted !!
[2024-02-29T00:04:29.751+0000] {logging_mixin.py:151} INFO - Record Inserted !!
[2024-02-29T00:04:30.088+0000] {logging_mixin.py:151} INFO - Record Inserted !!
[2024-02-29T00:04:30.380+0000] {logging_mixin.py:151} INFO - Record Inserted !!
[2024-02-29T00:04:30.924+0000] {logging_mixin.py:151} INFO - Record Inserted !!
[2024-02-29T00:04:31.302+0000] {logging_mixin.py:151} INFO - Record Inserted !!
[2024-02-29T00:04:31.636+0000] {logging_mixin.py:151} INFO - Record Inserted !!
[2024-02-29T00:04:31.959+0000] {logging_mixin.py:151} INFO - Record Inserted !!
[2024-02-29T00:04:32.285+0000] {logging_mixin.py:151} INFO - Record Inserted !!
[2024-02-29T00:04:32.589+0000] {logging_mixin.py:151} INFO - Record Inserted !!
[2024-02-29T00:04:32.926+0000] {logging_mixin.py:151} INFO - Record Inserted !!
[2024-02-29T00:04:33.271+0000] {logging_mixin.py:151} INFO - Record Inserted !!
[2024-02-29T00:04:33.890+0000] {logging_mixin.py:151} INFO - Record Inserted !!
[2024-02-29T00:04:34.195+0000] {logging_mixin.py:151} INFO - Record Inserted !!
[2024-02-29T00:04:34.511+0000] {logging_mixin.py:151} INFO - Record Inserted !!
[2024-02-29T00:04:34.869+0000] {logging_mixin.py:151} INFO - Record Inserted !!
[2024-02-29T00:04:35.219+0000] {logging_mixin.py:151} INFO - Record Inserted !!
[2024-02-29T00:04:35.554+0000] {logging_mixin.py:151} INFO - Record Inserted !!
[2024-02-29T00:04:35.861+0000] {logging_mixin.py:151} INFO - Record Inserted !!
[2024-02-29T00:04:36.166+0000] {logging_mixin.py:151} INFO - Record Inserted !!
[2024-02-29T00:04:36.509+0000] {logging_mixin.py:151} INFO - Record Inserted !!
[2024-02-29T00:04:36.822+0000] {logging_mixin.py:151} INFO - Record Inserted !!
[2024-02-29T00:04:37.133+0000] {logging_mixin.py:151} INFO - Record Inserted !!
[2024-02-29T00:04:37.467+0000] {logging_mixin.py:151} INFO - Record Inserted !!
[2024-02-29T00:04:37.809+0000] {logging_mixin.py:151} INFO - Record Inserted !!
[2024-02-29T00:04:38.158+0000] {logging_mixin.py:151} INFO - Record Inserted !!
[2024-02-29T00:04:38.439+0000] {logging_mixin.py:151} INFO - Record Inserted !!
[2024-02-29T00:04:38.754+0000] {logging_mixin.py:151} INFO - Record Inserted !!
[2024-02-29T00:04:39.214+0000] {logging_mixin.py:151} INFO - Record Inserted !!
[2024-02-29T00:04:39.674+0000] {logging_mixin.py:151} INFO - Record Inserted !!
[2024-02-29T00:04:39.988+0000] {logging_mixin.py:151} INFO - Record Inserted !!
[2024-02-29T00:04:40.288+0000] {logging_mixin.py:151} INFO - Record Inserted !!
[2024-02-29T00:04:40.634+0000] {logging_mixin.py:151} INFO - Record Inserted !!
[2024-02-29T00:04:40.990+0000] {logging_mixin.py:151} INFO - Record Inserted !!
[2024-02-29T00:04:41.328+0000] {logging_mixin.py:151} INFO - Record Inserted !!
[2024-02-29T00:04:41.628+0000] {logging_mixin.py:151} INFO - Record Inserted !!
[2024-02-29T00:04:42.279+0000] {logging_mixin.py:151} INFO - Record Inserted !!
[2024-02-29T00:04:42.873+0000] {logging_mixin.py:151} INFO - Record Inserted !!
[2024-02-29T00:04:43.213+0000] {logging_mixin.py:151} INFO - Record Inserted !!
[2024-02-29T00:04:43.543+0000] {logging_mixin.py:151} INFO - Record Inserted !!
[2024-02-29T00:04:43.826+0000] {logging_mixin.py:151} INFO - Record Inserted !!
[2024-02-29T00:04:44.122+0000] {logging_mixin.py:151} INFO - Record Inserted !!
[2024-02-29T00:04:44.493+0000] {logging_mixin.py:151} INFO - Record Inserted !!
[2024-02-29T00:04:45.092+0000] {logging_mixin.py:151} INFO - Record Inserted !!
[2024-02-29T00:04:45.856+0000] {logging_mixin.py:151} INFO - Record Inserted !!
[2024-02-29T00:04:46.154+0000] {logging_mixin.py:151} INFO - Record Inserted !!
[2024-02-29T00:04:46.459+0000] {logging_mixin.py:151} INFO - Record Inserted !!
[2024-02-29T00:04:46.804+0000] {logging_mixin.py:151} INFO - Record Inserted !!
[2024-02-29T00:04:47.102+0000] {logging_mixin.py:151} INFO - Record Inserted !!
[2024-02-29T00:04:47.480+0000] {logging_mixin.py:151} INFO - Record Inserted !!
[2024-02-29T00:04:48.089+0000] {logging_mixin.py:151} INFO - Record Inserted !!
[2024-02-29T00:04:48.439+0000] {logging_mixin.py:151} INFO - Record Inserted !!
[2024-02-29T00:04:48.731+0000] {logging_mixin.py:151} INFO - Record Inserted !!
[2024-02-29T00:04:49.037+0000] {logging_mixin.py:151} INFO - Record Inserted !!
[2024-02-29T00:04:49.329+0000] {logging_mixin.py:151} INFO - Record Inserted !!
[2024-02-29T00:04:49.735+0000] {logging_mixin.py:151} INFO - Record Inserted !!
[2024-02-29T00:04:50.060+0000] {logging_mixin.py:151} INFO - Record Inserted !!
[2024-02-29T00:04:50.685+0000] {logging_mixin.py:151} INFO - Record Inserted !!
[2024-02-29T00:04:52.222+0000] {logging_mixin.py:151} INFO - Record Inserted !!
[2024-02-29T00:04:52.590+0000] {logging_mixin.py:151} INFO - Record Inserted !!
[2024-02-29T00:04:52.909+0000] {logging_mixin.py:151} INFO - Record Inserted !!
[2024-02-29T00:04:53.253+0000] {logging_mixin.py:151} INFO - Record Inserted !!
[2024-02-29T00:04:53.612+0000] {logging_mixin.py:151} INFO - Record Inserted !!
[2024-02-29T00:04:53.959+0000] {logging_mixin.py:151} INFO - Record Inserted !!
[2024-02-29T00:04:54.305+0000] {logging_mixin.py:151} INFO - Record Inserted !!
[2024-02-29T00:04:54.660+0000] {logging_mixin.py:151} INFO - Record Inserted !!
[2024-02-29T00:04:55.299+0000] {logging_mixin.py:151} INFO - Record Inserted !!
[2024-02-29T00:04:55.620+0000] {logging_mixin.py:151} INFO - Record Inserted !!
[2024-02-29T00:04:55.945+0000] {logging_mixin.py:151} INFO - Record Inserted !!
[2024-02-29T00:04:56.265+0000] {logging_mixin.py:151} INFO - Record Inserted !!
[2024-02-29T00:04:56.551+0000] {logging_mixin.py:151} INFO - Record Inserted !!
[2024-02-29T00:04:56.882+0000] {logging_mixin.py:151} INFO - Record Inserted !!
[2024-02-29T00:04:57.241+0000] {logging_mixin.py:151} INFO - Record Inserted !!
[2024-02-29T00:04:57.583+0000] {logging_mixin.py:151} INFO - Record Inserted !!
[2024-02-29T00:04:57.945+0000] {logging_mixin.py:151} INFO - Record Inserted !!
[2024-02-29T00:04:58.230+0000] {logging_mixin.py:151} INFO - Record Inserted !!
[2024-02-29T00:04:58.594+0000] {logging_mixin.py:151} INFO - Record Inserted !!
[2024-02-29T00:04:58.911+0000] {logging_mixin.py:151} INFO - Record Inserted !!
[2024-02-29T00:04:59.253+0000] {logging_mixin.py:151} INFO - Record Inserted !!
[2024-02-29T00:04:59.541+0000] {logging_mixin.py:151} INFO - Record Inserted !!
[2024-02-29T00:05:00.160+0000] {logging_mixin.py:151} INFO - Record Inserted !!
[2024-02-29T00:05:01.076+0000] {logging_mixin.py:151} INFO - Record Inserted !!
[2024-02-29T00:05:02.386+0000] {logging_mixin.py:151} INFO - Record Inserted !!
[2024-02-29T00:05:03.439+0000] {logging_mixin.py:151} INFO - Record Inserted !!
[2024-02-29T00:05:03.464+0000] {conn.py:919} INFO - <BrokerConnection node_id=1 host=broker:29092 <connected> [IPv4 ('172.18.0.8', 29092)]>: Closing connection. 
[2024-02-29T00:05:03.469+0000] {python.py:194} INFO - Done. Returned value was: None
[2024-02-29T00:05:03.546+0000] {taskinstance.py:1400} INFO - Marking task as SUCCESS. dag_id=user_automation, task_id=stream_data_from_api, execution_date=20240228T000000, start_date=20240229T000002, end_date=20240229T000503
[2024-02-29T00:05:03.662+0000] {local_task_job_runner.py:228} INFO - Task exited with return code 0
[2024-02-29T00:05:03.705+0000] {taskinstance.py:2784} INFO - 0 downstream tasks scheduled from follow-on schedule check
