[2024-02-28T00:00:02.711+0000] {taskinstance.py:1159} INFO - Dependencies all met for dep_context=non-requeueable deps ti=<TaskInstance: user_automation.stream_data_from_api scheduled__2024-02-27T00:00:00+00:00 [queued]>
[2024-02-28T00:00:02.717+0000] {taskinstance.py:1159} INFO - Dependencies all met for dep_context=requeueable deps ti=<TaskInstance: user_automation.stream_data_from_api scheduled__2024-02-27T00:00:00+00:00 [queued]>
[2024-02-28T00:00:02.717+0000] {taskinstance.py:1361} INFO - Starting attempt 1 of 1
[2024-02-28T00:00:02.730+0000] {taskinstance.py:1382} INFO - Executing <Task(PythonOperator): stream_data_from_api> on 2024-02-27 00:00:00+00:00
[2024-02-28T00:00:02.736+0000] {standard_task_runner.py:57} INFO - Started process 3874 to run task
[2024-02-28T00:00:02.741+0000] {standard_task_runner.py:84} INFO - Running: ['***', 'tasks', 'run', 'user_automation', 'stream_data_from_api', 'scheduled__2024-02-27T00:00:00+00:00', '--job-id', '5', '--raw', '--subdir', 'DAGS_FOLDER/kafka_stream.py', '--cfg-path', '/tmp/tmp2z_tazn7']
[2024-02-28T00:00:02.744+0000] {standard_task_runner.py:85} INFO - Job 5: Subtask stream_data_from_api
[2024-02-28T00:00:02.814+0000] {task_command.py:415} INFO - Running <TaskInstance: user_automation.stream_data_from_api scheduled__2024-02-27T00:00:00+00:00 [running]> on host 94f6b65a2c73
[2024-02-28T00:00:02.892+0000] {taskinstance.py:1660} INFO - Exporting env vars: AIRFLOW_CTX_DAG_OWNER='airscholar' AIRFLOW_CTX_DAG_ID='user_automation' AIRFLOW_CTX_TASK_ID='stream_data_from_api' AIRFLOW_CTX_EXECUTION_DATE='2024-02-27T00:00:00+00:00' AIRFLOW_CTX_TRY_NUMBER='1' AIRFLOW_CTX_DAG_RUN_ID='scheduled__2024-02-27T00:00:00+00:00'
[2024-02-28T00:00:02.959+0000] {conn.py:380} INFO - <BrokerConnection node_id=bootstrap-0 host=broker:29092 <connecting> [IPv4 ('172.18.0.8', 29092)]>: connecting to broker:29092 [('172.18.0.8', 29092) IPv4]
[2024-02-28T00:00:02.961+0000] {conn.py:1205} INFO - Probing node bootstrap-0 broker version
[2024-02-28T00:00:02.962+0000] {conn.py:410} INFO - <BrokerConnection node_id=bootstrap-0 host=broker:29092 <connecting> [IPv4 ('172.18.0.8', 29092)]>: Connection complete.
[2024-02-28T00:00:03.072+0000] {conn.py:1267} INFO - Broker version identified as 2.5.0
[2024-02-28T00:00:03.073+0000] {conn.py:1268} INFO - Set configuration api_version=(2, 5, 0) to skip auto check_version requests on startup
[2024-02-28T00:00:04.028+0000] {logging_mixin.py:151} INFO - Record Inserted !!
[2024-02-28T00:00:04.034+0000] {conn.py:380} INFO - <BrokerConnection node_id=1 host=broker:29092 <connecting> [IPv4 ('172.18.0.8', 29092)]>: connecting to broker:29092 [('172.18.0.8', 29092) IPv4]
[2024-02-28T00:00:04.038+0000] {conn.py:410} INFO - <BrokerConnection node_id=1 host=broker:29092 <connecting> [IPv4 ('172.18.0.8', 29092)]>: Connection complete.
[2024-02-28T00:00:04.040+0000] {conn.py:919} INFO - <BrokerConnection node_id=bootstrap-0 host=broker:29092 <connected> [IPv4 ('172.18.0.8', 29092)]>: Closing connection. 
[2024-02-28T00:00:04.492+0000] {logging_mixin.py:151} INFO - Record Inserted !!
[2024-02-28T00:00:05.918+0000] {logging_mixin.py:151} INFO - Record Inserted !!
[2024-02-28T00:00:07.385+0000] {logging_mixin.py:151} INFO - Record Inserted !!
[2024-02-28T00:00:07.748+0000] {logging_mixin.py:151} INFO - Record Inserted !!
[2024-02-28T00:00:08.533+0000] {logging_mixin.py:151} INFO - Record Inserted !!
[2024-02-28T00:00:09.001+0000] {logging_mixin.py:151} INFO - Record Inserted !!
[2024-02-28T00:00:09.363+0000] {logging_mixin.py:151} INFO - Record Inserted !!
[2024-02-28T00:00:09.683+0000] {logging_mixin.py:151} INFO - Record Inserted !!
[2024-02-28T00:00:10.094+0000] {logging_mixin.py:151} INFO - Record Inserted !!
[2024-02-28T00:00:10.478+0000] {logging_mixin.py:151} INFO - Record Inserted !!
[2024-02-28T00:00:10.988+0000] {logging_mixin.py:151} INFO - Record Inserted !!
[2024-02-28T00:00:11.514+0000] {logging_mixin.py:151} INFO - Record Inserted !!
[2024-02-28T00:00:12.206+0000] {logging_mixin.py:151} INFO - Record Inserted !!
[2024-02-28T00:00:12.507+0000] {logging_mixin.py:151} INFO - Record Inserted !!
[2024-02-28T00:00:12.846+0000] {logging_mixin.py:151} INFO - Record Inserted !!
[2024-02-28T00:00:13.183+0000] {logging_mixin.py:151} INFO - Record Inserted !!
[2024-02-28T00:00:13.554+0000] {logging_mixin.py:151} INFO - Record Inserted !!
[2024-02-28T00:00:13.886+0000] {logging_mixin.py:151} INFO - Record Inserted !!
[2024-02-28T00:00:14.271+0000] {logging_mixin.py:151} INFO - Record Inserted !!
[2024-02-28T00:00:14.604+0000] {logging_mixin.py:151} INFO - Record Inserted !!
[2024-02-28T00:00:14.993+0000] {logging_mixin.py:151} INFO - Record Inserted !!
[2024-02-28T00:00:15.369+0000] {logging_mixin.py:151} INFO - Record Inserted !!
[2024-02-28T00:00:15.958+0000] {logging_mixin.py:151} INFO - Record Inserted !!
[2024-02-28T00:00:18.264+0000] {logging_mixin.py:151} INFO - Record Inserted !!
[2024-02-28T00:00:19.678+0000] {logging_mixin.py:151} INFO - Record Inserted !!
[2024-02-28T00:00:20.532+0000] {logging_mixin.py:151} INFO - Record Inserted !!
[2024-02-28T00:00:20.853+0000] {logging_mixin.py:151} INFO - Record Inserted !!
[2024-02-28T00:00:21.225+0000] {logging_mixin.py:151} INFO - Record Inserted !!
[2024-02-28T00:00:21.558+0000] {logging_mixin.py:151} INFO - Record Inserted !!
[2024-02-28T00:00:21.884+0000] {logging_mixin.py:151} INFO - Record Inserted !!
[2024-02-28T00:00:22.235+0000] {logging_mixin.py:151} INFO - Record Inserted !!
[2024-02-28T00:00:22.575+0000] {logging_mixin.py:151} INFO - Record Inserted !!
[2024-02-28T00:00:22.945+0000] {logging_mixin.py:151} INFO - Record Inserted !!
[2024-02-28T00:00:23.302+0000] {logging_mixin.py:151} INFO - Record Inserted !!
[2024-02-28T00:00:23.715+0000] {logging_mixin.py:151} INFO - Record Inserted !!
[2024-02-28T00:00:24.032+0000] {logging_mixin.py:151} INFO - Record Inserted !!
[2024-02-28T00:00:24.372+0000] {logging_mixin.py:151} INFO - Record Inserted !!
[2024-02-28T00:00:24.702+0000] {logging_mixin.py:151} INFO - Record Inserted !!
[2024-02-28T00:00:25.057+0000] {logging_mixin.py:151} INFO - Record Inserted !!
[2024-02-28T00:00:25.533+0000] {logging_mixin.py:151} INFO - Record Inserted !!
[2024-02-28T00:00:25.966+0000] {logging_mixin.py:151} INFO - Record Inserted !!
[2024-02-28T00:00:26.569+0000] {logging_mixin.py:151} INFO - Record Inserted !!
[2024-02-28T00:00:26.911+0000] {logging_mixin.py:151} INFO - Record Inserted !!
[2024-02-28T00:00:27.893+0000] {logging_mixin.py:151} INFO - Record Inserted !!
[2024-02-28T00:00:28.247+0000] {logging_mixin.py:151} INFO - Record Inserted !!
[2024-02-28T00:00:28.573+0000] {logging_mixin.py:151} INFO - Record Inserted !!
[2024-02-28T00:00:29.322+0000] {logging_mixin.py:151} INFO - Record Inserted !!
[2024-02-28T00:00:29.639+0000] {logging_mixin.py:151} INFO - Record Inserted !!
[2024-02-28T00:00:29.996+0000] {logging_mixin.py:151} INFO - Record Inserted !!
[2024-02-28T00:00:30.405+0000] {logging_mixin.py:151} INFO - Record Inserted !!
[2024-02-28T00:00:30.750+0000] {logging_mixin.py:151} INFO - Record Inserted !!
[2024-02-28T00:00:31.097+0000] {logging_mixin.py:151} INFO - Record Inserted !!
[2024-02-28T00:00:31.452+0000] {logging_mixin.py:151} INFO - Record Inserted !!
[2024-02-28T00:00:31.811+0000] {logging_mixin.py:151} INFO - Record Inserted !!
[2024-02-28T00:00:32.190+0000] {logging_mixin.py:151} INFO - Record Inserted !!
[2024-02-28T00:00:32.508+0000] {logging_mixin.py:151} INFO - Record Inserted !!
[2024-02-28T00:00:32.876+0000] {logging_mixin.py:151} INFO - Record Inserted !!
[2024-02-28T00:00:33.228+0000] {logging_mixin.py:151} INFO - Record Inserted !!
[2024-02-28T00:00:33.611+0000] {logging_mixin.py:151} INFO - Record Inserted !!
[2024-02-28T00:00:33.926+0000] {logging_mixin.py:151} INFO - Record Inserted !!
[2024-02-28T00:00:34.504+0000] {logging_mixin.py:151} INFO - Record Inserted !!
[2024-02-28T00:00:35.359+0000] {logging_mixin.py:151} INFO - Record Inserted !!
[2024-02-28T00:00:35.740+0000] {logging_mixin.py:151} INFO - Record Inserted !!
[2024-02-28T00:00:36.162+0000] {logging_mixin.py:151} INFO - Record Inserted !!
[2024-02-28T00:00:36.554+0000] {logging_mixin.py:151} INFO - Record Inserted !!
[2024-02-28T00:00:36.925+0000] {logging_mixin.py:151} INFO - Record Inserted !!
[2024-02-28T00:00:37.233+0000] {logging_mixin.py:151} INFO - Record Inserted !!
[2024-02-28T00:00:37.560+0000] {logging_mixin.py:151} INFO - Record Inserted !!
[2024-02-28T00:00:37.870+0000] {logging_mixin.py:151} INFO - Record Inserted !!
[2024-02-28T00:00:38.176+0000] {logging_mixin.py:151} INFO - Record Inserted !!
[2024-02-28T00:00:38.512+0000] {logging_mixin.py:151} INFO - Record Inserted !!
[2024-02-28T00:00:38.816+0000] {logging_mixin.py:151} INFO - Record Inserted !!
[2024-02-28T00:00:39.133+0000] {logging_mixin.py:151} INFO - Record Inserted !!
[2024-02-28T00:00:39.503+0000] {logging_mixin.py:151} INFO - Record Inserted !!
[2024-02-28T00:00:39.966+0000] {logging_mixin.py:151} INFO - Record Inserted !!
[2024-02-28T00:00:40.479+0000] {logging_mixin.py:151} INFO - Record Inserted !!
[2024-02-28T00:00:40.806+0000] {logging_mixin.py:151} INFO - Record Inserted !!
[2024-02-28T00:00:41.136+0000] {logging_mixin.py:151} INFO - Record Inserted !!
[2024-02-28T00:00:41.506+0000] {logging_mixin.py:151} INFO - Record Inserted !!
[2024-02-28T00:00:41.812+0000] {logging_mixin.py:151} INFO - Record Inserted !!
[2024-02-28T00:00:42.171+0000] {logging_mixin.py:151} INFO - Record Inserted !!
[2024-02-28T00:00:42.549+0000] {logging_mixin.py:151} INFO - Record Inserted !!
[2024-02-28T00:00:42.877+0000] {logging_mixin.py:151} INFO - Record Inserted !!
[2024-02-28T00:00:43.543+0000] {logging_mixin.py:151} INFO - Record Inserted !!
[2024-02-28T00:00:43.873+0000] {logging_mixin.py:151} INFO - Record Inserted !!
[2024-02-28T00:00:44.205+0000] {logging_mixin.py:151} INFO - Record Inserted !!
[2024-02-28T00:00:44.513+0000] {logging_mixin.py:151} INFO - Record Inserted !!
[2024-02-28T00:00:44.863+0000] {logging_mixin.py:151} INFO - Record Inserted !!
[2024-02-28T00:00:45.263+0000] {logging_mixin.py:151} INFO - Record Inserted !!
[2024-02-28T00:00:45.579+0000] {logging_mixin.py:151} INFO - Record Inserted !!
[2024-02-28T00:00:45.898+0000] {logging_mixin.py:151} INFO - Record Inserted !!
[2024-02-28T00:00:46.301+0000] {logging_mixin.py:151} INFO - Record Inserted !!
[2024-02-28T00:00:46.669+0000] {logging_mixin.py:151} INFO - Record Inserted !!
[2024-02-28T00:00:47.069+0000] {logging_mixin.py:151} INFO - Record Inserted !!
[2024-02-28T00:00:47.376+0000] {logging_mixin.py:151} INFO - Record Inserted !!
[2024-02-28T00:00:47.691+0000] {logging_mixin.py:151} INFO - Record Inserted !!
[2024-02-28T00:00:47.996+0000] {logging_mixin.py:151} INFO - Record Inserted !!
[2024-02-28T00:00:48.306+0000] {logging_mixin.py:151} INFO - Record Inserted !!
[2024-02-28T00:00:48.598+0000] {logging_mixin.py:151} INFO - Record Inserted !!
[2024-02-28T00:00:48.912+0000] {logging_mixin.py:151} INFO - Record Inserted !!
[2024-02-28T00:00:49.254+0000] {logging_mixin.py:151} INFO - Record Inserted !!
[2024-02-28T00:00:49.710+0000] {logging_mixin.py:151} INFO - Record Inserted !!
[2024-02-28T00:00:50.041+0000] {logging_mixin.py:151} INFO - Record Inserted !!
[2024-02-28T00:00:50.698+0000] {logging_mixin.py:151} INFO - Record Inserted !!
[2024-02-28T00:00:51.029+0000] {logging_mixin.py:151} INFO - Record Inserted !!
[2024-02-28T00:00:51.423+0000] {logging_mixin.py:151} INFO - Record Inserted !!
[2024-02-28T00:00:51.747+0000] {logging_mixin.py:151} INFO - Record Inserted !!
[2024-02-28T00:00:52.045+0000] {logging_mixin.py:151} INFO - Record Inserted !!
[2024-02-28T00:00:52.337+0000] {logging_mixin.py:151} INFO - Record Inserted !!
[2024-02-28T00:00:52.671+0000] {logging_mixin.py:151} INFO - Record Inserted !!
[2024-02-28T00:00:53.242+0000] {logging_mixin.py:151} INFO - Record Inserted !!
[2024-02-28T00:00:53.566+0000] {logging_mixin.py:151} INFO - Record Inserted !!
[2024-02-28T00:00:53.863+0000] {logging_mixin.py:151} INFO - Record Inserted !!
[2024-02-28T00:00:54.211+0000] {logging_mixin.py:151} INFO - Record Inserted !!
[2024-02-28T00:00:54.755+0000] {logging_mixin.py:151} INFO - Record Inserted !!
[2024-02-28T00:00:55.102+0000] {logging_mixin.py:151} INFO - Record Inserted !!
[2024-02-28T00:00:55.415+0000] {logging_mixin.py:151} INFO - Record Inserted !!
[2024-02-28T00:00:55.754+0000] {logging_mixin.py:151} INFO - Record Inserted !!
[2024-02-28T00:00:56.103+0000] {logging_mixin.py:151} INFO - Record Inserted !!
[2024-02-28T00:00:56.464+0000] {logging_mixin.py:151} INFO - Record Inserted !!
[2024-02-28T00:00:56.953+0000] {logging_mixin.py:151} INFO - Record Inserted !!
[2024-02-28T00:00:57.248+0000] {logging_mixin.py:151} INFO - Record Inserted !!
[2024-02-28T00:00:57.554+0000] {logging_mixin.py:151} INFO - Record Inserted !!
[2024-02-28T00:00:57.853+0000] {logging_mixin.py:151} INFO - Record Inserted !!
[2024-02-28T00:00:58.180+0000] {logging_mixin.py:151} INFO - Record Inserted !!
[2024-02-28T00:00:58.504+0000] {logging_mixin.py:151} INFO - Record Inserted !!
[2024-02-28T00:00:58.818+0000] {logging_mixin.py:151} INFO - Record Inserted !!
[2024-02-28T00:00:59.123+0000] {logging_mixin.py:151} INFO - Record Inserted !!
[2024-02-28T00:00:59.439+0000] {logging_mixin.py:151} INFO - Record Inserted !!
[2024-02-28T00:00:59.749+0000] {logging_mixin.py:151} INFO - Record Inserted !!
[2024-02-28T00:01:00.073+0000] {logging_mixin.py:151} INFO - Record Inserted !!
[2024-02-28T00:01:00.403+0000] {logging_mixin.py:151} INFO - Record Inserted !!
[2024-02-28T00:01:00.722+0000] {logging_mixin.py:151} INFO - Record Inserted !!
[2024-02-28T00:01:01.470+0000] {logging_mixin.py:151} INFO - Record Inserted !!
[2024-02-28T00:01:01.827+0000] {logging_mixin.py:151} INFO - Record Inserted !!
[2024-02-28T00:01:02.168+0000] {logging_mixin.py:151} INFO - Record Inserted !!
[2024-02-28T00:01:02.530+0000] {logging_mixin.py:151} INFO - Record Inserted !!
[2024-02-28T00:01:02.865+0000] {logging_mixin.py:151} INFO - Record Inserted !!
[2024-02-28T00:01:03.224+0000] {logging_mixin.py:151} INFO - Record Inserted !!
[2024-02-28T00:01:03.560+0000] {logging_mixin.py:151} INFO - Record Inserted !!
[2024-02-28T00:01:03.867+0000] {logging_mixin.py:151} INFO - Record Inserted !!
[2024-02-28T00:01:04.218+0000] {logging_mixin.py:151} INFO - Record Inserted !!
[2024-02-28T00:01:04.533+0000] {logging_mixin.py:151} INFO - Record Inserted !!
[2024-02-28T00:01:04.887+0000] {logging_mixin.py:151} INFO - Record Inserted !!
[2024-02-28T00:01:05.230+0000] {logging_mixin.py:151} INFO - Record Inserted !!
[2024-02-28T00:01:05.547+0000] {logging_mixin.py:151} INFO - Record Inserted !!
[2024-02-28T00:01:05.860+0000] {logging_mixin.py:151} INFO - Record Inserted !!
[2024-02-28T00:01:06.510+0000] {logging_mixin.py:151} INFO - Record Inserted !!
[2024-02-28T00:01:06.821+0000] {logging_mixin.py:151} INFO - Record Inserted !!
[2024-02-28T00:01:07.136+0000] {logging_mixin.py:151} INFO - Record Inserted !!
[2024-02-28T00:01:07.441+0000] {logging_mixin.py:151} INFO - Record Inserted !!
[2024-02-28T00:01:07.751+0000] {logging_mixin.py:151} INFO - Record Inserted !!
[2024-02-28T00:01:08.074+0000] {logging_mixin.py:151} INFO - Record Inserted !!
[2024-02-28T00:01:08.401+0000] {logging_mixin.py:151} INFO - Record Inserted !!
[2024-02-28T00:01:08.757+0000] {logging_mixin.py:151} INFO - Record Inserted !!
[2024-02-28T00:01:09.088+0000] {logging_mixin.py:151} INFO - Record Inserted !!
[2024-02-28T00:01:09.391+0000] {logging_mixin.py:151} INFO - Record Inserted !!
[2024-02-28T00:01:09.710+0000] {logging_mixin.py:151} INFO - Record Inserted !!
[2024-02-28T00:01:10.064+0000] {logging_mixin.py:151} INFO - Record Inserted !!
[2024-02-28T00:01:10.389+0000] {logging_mixin.py:151} INFO - Record Inserted !!
[2024-02-28T00:01:11.027+0000] {logging_mixin.py:151} INFO - Record Inserted !!
[2024-02-28T00:01:11.364+0000] {logging_mixin.py:151} INFO - Record Inserted !!
[2024-02-28T00:01:11.704+0000] {logging_mixin.py:151} INFO - Record Inserted !!
[2024-02-28T00:01:12.308+0000] {logging_mixin.py:151} INFO - Record Inserted !!
[2024-02-28T00:01:12.628+0000] {logging_mixin.py:151} INFO - Record Inserted !!
[2024-02-28T00:01:12.954+0000] {logging_mixin.py:151} INFO - Record Inserted !!
[2024-02-28T00:01:13.254+0000] {logging_mixin.py:151} INFO - Record Inserted !!
[2024-02-28T00:01:13.589+0000] {logging_mixin.py:151} INFO - Record Inserted !!
[2024-02-28T00:01:13.934+0000] {logging_mixin.py:151} INFO - Record Inserted !!
[2024-02-28T00:01:14.261+0000] {logging_mixin.py:151} INFO - Record Inserted !!
[2024-02-28T00:01:14.716+0000] {logging_mixin.py:151} INFO - Record Inserted !!
[2024-02-28T00:01:15.056+0000] {logging_mixin.py:151} INFO - Record Inserted !!
[2024-02-28T00:01:15.399+0000] {logging_mixin.py:151} INFO - Record Inserted !!
[2024-02-28T00:01:15.712+0000] {logging_mixin.py:151} INFO - Record Inserted !!
[2024-02-28T00:01:16.344+0000] {logging_mixin.py:151} INFO - Record Inserted !!
[2024-02-28T00:01:16.708+0000] {logging_mixin.py:151} INFO - Record Inserted !!
[2024-02-28T00:01:17.037+0000] {logging_mixin.py:151} INFO - Record Inserted !!
[2024-02-28T00:01:17.344+0000] {logging_mixin.py:151} INFO - Record Inserted !!
[2024-02-28T00:01:17.669+0000] {logging_mixin.py:151} INFO - Record Inserted !!
[2024-02-28T00:01:17.995+0000] {logging_mixin.py:151} INFO - Record Inserted !!
[2024-02-28T00:01:18.279+0000] {logging_mixin.py:151} INFO - Record Inserted !!
[2024-02-28T00:01:18.606+0000] {logging_mixin.py:151} INFO - Record Inserted !!
[2024-02-28T00:01:18.979+0000] {logging_mixin.py:151} INFO - Record Inserted !!
[2024-02-28T00:01:19.318+0000] {logging_mixin.py:151} INFO - Record Inserted !!
[2024-02-28T00:01:19.630+0000] {logging_mixin.py:151} INFO - Record Inserted !!
[2024-02-28T00:01:19.934+0000] {logging_mixin.py:151} INFO - Record Inserted !!
[2024-02-28T00:01:20.262+0000] {logging_mixin.py:151} INFO - Record Inserted !!
[2024-02-28T00:01:20.582+0000] {logging_mixin.py:151} INFO - Record Inserted !!
[2024-02-28T00:01:20.894+0000] {logging_mixin.py:151} INFO - Record Inserted !!
[2024-02-28T00:01:21.274+0000] {logging_mixin.py:151} INFO - Record Inserted !!
[2024-02-28T00:01:21.619+0000] {logging_mixin.py:151} INFO - Record Inserted !!
[2024-02-28T00:01:21.942+0000] {logging_mixin.py:151} INFO - Record Inserted !!
[2024-02-28T00:01:22.274+0000] {logging_mixin.py:151} INFO - Record Inserted !!
[2024-02-28T00:01:22.611+0000] {logging_mixin.py:151} INFO - Record Inserted !!
[2024-02-28T00:01:22.914+0000] {logging_mixin.py:151} INFO - Record Inserted !!
[2024-02-28T00:01:23.241+0000] {logging_mixin.py:151} INFO - Record Inserted !!
[2024-02-28T00:01:23.691+0000] {logging_mixin.py:151} INFO - Record Inserted !!
[2024-02-28T00:01:24.030+0000] {logging_mixin.py:151} INFO - Record Inserted !!
[2024-02-28T00:01:24.333+0000] {logging_mixin.py:151} INFO - Record Inserted !!
[2024-02-28T00:01:24.646+0000] {logging_mixin.py:151} INFO - Record Inserted !!
[2024-02-28T00:01:24.965+0000] {logging_mixin.py:151} INFO - Record Inserted !!
[2024-02-28T00:01:25.267+0000] {logging_mixin.py:151} INFO - Record Inserted !!
[2024-02-28T00:01:25.568+0000] {logging_mixin.py:151} INFO - Record Inserted !!
[2024-02-28T00:01:25.889+0000] {logging_mixin.py:151} INFO - Record Inserted !!
[2024-02-28T00:01:26.252+0000] {logging_mixin.py:151} INFO - Record Inserted !!
[2024-02-28T00:01:26.555+0000] {logging_mixin.py:151} INFO - Record Inserted !!
[2024-02-28T00:01:26.894+0000] {logging_mixin.py:151} INFO - Record Inserted !!
[2024-02-28T00:01:27.205+0000] {logging_mixin.py:151} INFO - Record Inserted !!
[2024-02-28T00:01:27.513+0000] {logging_mixin.py:151} INFO - Record Inserted !!
[2024-02-28T00:01:27.821+0000] {logging_mixin.py:151} INFO - Record Inserted !!
[2024-02-28T00:01:28.187+0000] {logging_mixin.py:151} INFO - Record Inserted !!
[2024-02-28T00:01:28.536+0000] {logging_mixin.py:151} INFO - Record Inserted !!
[2024-02-28T00:01:28.859+0000] {logging_mixin.py:151} INFO - Record Inserted !!
[2024-02-28T00:01:29.202+0000] {logging_mixin.py:151} INFO - Record Inserted !!
[2024-02-28T00:01:29.535+0000] {logging_mixin.py:151} INFO - Record Inserted !!
[2024-02-28T00:01:29.871+0000] {logging_mixin.py:151} INFO - Record Inserted !!
[2024-02-28T00:01:30.232+0000] {logging_mixin.py:151} INFO - Record Inserted !!
[2024-02-28T00:01:30.537+0000] {logging_mixin.py:151} INFO - Record Inserted !!
[2024-02-28T00:01:30.868+0000] {logging_mixin.py:151} INFO - Record Inserted !!
[2024-02-28T00:01:31.197+0000] {logging_mixin.py:151} INFO - Record Inserted !!
[2024-02-28T00:01:31.502+0000] {logging_mixin.py:151} INFO - Record Inserted !!
[2024-02-28T00:01:31.806+0000] {logging_mixin.py:151} INFO - Record Inserted !!
[2024-02-28T00:01:32.123+0000] {logging_mixin.py:151} INFO - Record Inserted !!
[2024-02-28T00:01:32.450+0000] {logging_mixin.py:151} INFO - Record Inserted !!
[2024-02-28T00:01:33.054+0000] {logging_mixin.py:151} INFO - Record Inserted !!
[2024-02-28T00:01:33.399+0000] {logging_mixin.py:151} INFO - Record Inserted !!
[2024-02-28T00:01:33.716+0000] {logging_mixin.py:151} INFO - Record Inserted !!
[2024-02-28T00:01:34.386+0000] {logging_mixin.py:151} INFO - Record Inserted !!
[2024-02-28T00:01:34.991+0000] {logging_mixin.py:151} INFO - Record Inserted !!
[2024-02-28T00:01:36.290+0000] {logging_mixin.py:151} INFO - Record Inserted !!
[2024-02-28T00:01:37.004+0000] {logging_mixin.py:151} INFO - Record Inserted !!
[2024-02-28T00:01:37.338+0000] {logging_mixin.py:151} INFO - Record Inserted !!
[2024-02-28T00:01:37.653+0000] {logging_mixin.py:151} INFO - Record Inserted !!
[2024-02-28T00:01:37.996+0000] {logging_mixin.py:151} INFO - Record Inserted !!
[2024-02-28T00:01:38.321+0000] {logging_mixin.py:151} INFO - Record Inserted !!
[2024-02-28T00:01:38.628+0000] {logging_mixin.py:151} INFO - Record Inserted !!
[2024-02-28T00:01:38.966+0000] {logging_mixin.py:151} INFO - Record Inserted !!
[2024-02-28T00:01:39.310+0000] {logging_mixin.py:151} INFO - Record Inserted !!
[2024-02-28T00:01:39.610+0000] {logging_mixin.py:151} INFO - Record Inserted !!
[2024-02-28T00:01:39.926+0000] {logging_mixin.py:151} INFO - Record Inserted !!
[2024-02-28T00:01:40.238+0000] {logging_mixin.py:151} INFO - Record Inserted !!
[2024-02-28T00:01:41.102+0000] {logging_mixin.py:151} INFO - Record Inserted !!
[2024-02-28T00:01:41.437+0000] {logging_mixin.py:151} INFO - Record Inserted !!
[2024-02-28T00:01:41.748+0000] {logging_mixin.py:151} INFO - Record Inserted !!
[2024-02-28T00:01:42.346+0000] {logging_mixin.py:151} INFO - Record Inserted !!
[2024-02-28T00:01:42.698+0000] {logging_mixin.py:151} INFO - Record Inserted !!
[2024-02-28T00:01:43.023+0000] {logging_mixin.py:151} INFO - Record Inserted !!
[2024-02-28T00:01:43.356+0000] {logging_mixin.py:151} INFO - Record Inserted !!
[2024-02-28T00:01:43.667+0000] {logging_mixin.py:151} INFO - Record Inserted !!
[2024-02-28T00:01:43.966+0000] {logging_mixin.py:151} INFO - Record Inserted !!
[2024-02-28T00:01:44.618+0000] {logging_mixin.py:151} INFO - Record Inserted !!
[2024-02-28T00:01:45.300+0000] {logging_mixin.py:151} INFO - Record Inserted !!
[2024-02-28T00:01:45.645+0000] {logging_mixin.py:151} INFO - Record Inserted !!
[2024-02-28T00:01:46.004+0000] {logging_mixin.py:151} INFO - Record Inserted !!
[2024-02-28T00:01:46.339+0000] {logging_mixin.py:151} INFO - Record Inserted !!
[2024-02-28T00:01:46.729+0000] {logging_mixin.py:151} INFO - Record Inserted !!
[2024-02-28T00:01:47.180+0000] {logging_mixin.py:151} INFO - Record Inserted !!
[2024-02-28T00:01:47.501+0000] {logging_mixin.py:151} INFO - Record Inserted !!
[2024-02-28T00:01:47.843+0000] {logging_mixin.py:151} INFO - Record Inserted !!
[2024-02-28T00:01:48.475+0000] {logging_mixin.py:151} INFO - Record Inserted !!
[2024-02-28T00:01:48.844+0000] {logging_mixin.py:151} INFO - Record Inserted !!
[2024-02-28T00:01:49.497+0000] {logging_mixin.py:151} INFO - Record Inserted !!
[2024-02-28T00:01:49.851+0000] {logging_mixin.py:151} INFO - Record Inserted !!
[2024-02-28T00:01:50.131+0000] {logging_mixin.py:151} INFO - Record Inserted !!
[2024-02-28T00:01:50.483+0000] {logging_mixin.py:151} INFO - Record Inserted !!
[2024-02-28T00:01:50.799+0000] {logging_mixin.py:151} INFO - Record Inserted !!
[2024-02-28T00:01:51.108+0000] {logging_mixin.py:151} INFO - Record Inserted !!
[2024-02-28T00:01:51.465+0000] {logging_mixin.py:151} INFO - Record Inserted !!
[2024-02-28T00:01:52.205+0000] {logging_mixin.py:151} INFO - Record Inserted !!
[2024-02-28T00:01:52.548+0000] {logging_mixin.py:151} INFO - Record Inserted !!
[2024-02-28T00:01:52.906+0000] {logging_mixin.py:151} INFO - Record Inserted !!
[2024-02-28T00:01:53.231+0000] {logging_mixin.py:151} INFO - Record Inserted !!
[2024-02-28T00:01:53.547+0000] {logging_mixin.py:151} INFO - Record Inserted !!
[2024-02-28T00:01:53.860+0000] {logging_mixin.py:151} INFO - Record Inserted !!
[2024-02-28T00:01:54.174+0000] {logging_mixin.py:151} INFO - Record Inserted !!
[2024-02-28T00:01:54.494+0000] {logging_mixin.py:151} INFO - Record Inserted !!
[2024-02-28T00:01:54.812+0000] {logging_mixin.py:151} INFO - Record Inserted !!
[2024-02-28T00:01:55.423+0000] {logging_mixin.py:151} INFO - Record Inserted !!
[2024-02-28T00:01:55.734+0000] {logging_mixin.py:151} INFO - Record Inserted !!
[2024-02-28T00:01:56.095+0000] {logging_mixin.py:151} INFO - Record Inserted !!
[2024-02-28T00:01:56.440+0000] {logging_mixin.py:151} INFO - Record Inserted !!
[2024-02-28T00:01:56.759+0000] {logging_mixin.py:151} INFO - Record Inserted !!
[2024-02-28T00:01:57.909+0000] {logging_mixin.py:151} INFO - Record Inserted !!
[2024-02-28T00:01:58.260+0000] {logging_mixin.py:151} INFO - Record Inserted !!
[2024-02-28T00:01:58.565+0000] {logging_mixin.py:151} INFO - Record Inserted !!
[2024-02-28T00:01:58.877+0000] {logging_mixin.py:151} INFO - Record Inserted !!
[2024-02-28T00:01:59.196+0000] {logging_mixin.py:151} INFO - Record Inserted !!
[2024-02-28T00:01:59.521+0000] {logging_mixin.py:151} INFO - Record Inserted !!
[2024-02-28T00:01:59.872+0000] {logging_mixin.py:151} INFO - Record Inserted !!
[2024-02-28T00:02:00.198+0000] {logging_mixin.py:151} INFO - Record Inserted !!
[2024-02-28T00:02:00.489+0000] {logging_mixin.py:151} INFO - Record Inserted !!
[2024-02-28T00:02:00.815+0000] {logging_mixin.py:151} INFO - Record Inserted !!
[2024-02-28T00:02:01.154+0000] {logging_mixin.py:151} INFO - Record Inserted !!
[2024-02-28T00:02:01.512+0000] {logging_mixin.py:151} INFO - Record Inserted !!
[2024-02-28T00:02:01.821+0000] {logging_mixin.py:151} INFO - Record Inserted !!
[2024-02-28T00:02:02.130+0000] {logging_mixin.py:151} INFO - Record Inserted !!
[2024-02-28T00:02:02.458+0000] {logging_mixin.py:151} INFO - Record Inserted !!
[2024-02-28T00:02:02.752+0000] {logging_mixin.py:151} INFO - Record Inserted !!
[2024-02-28T00:02:03.052+0000] {logging_mixin.py:151} INFO - Record Inserted !!
[2024-02-28T00:02:03.348+0000] {logging_mixin.py:151} INFO - Record Inserted !!
[2024-02-28T00:02:03.644+0000] {logging_mixin.py:151} INFO - Record Inserted !!
[2024-02-28T00:02:03.959+0000] {logging_mixin.py:151} INFO - Record Inserted !!
[2024-02-28T00:02:04.265+0000] {logging_mixin.py:151} INFO - Record Inserted !!
[2024-02-28T00:02:04.568+0000] {logging_mixin.py:151} INFO - Record Inserted !!
[2024-02-28T00:02:04.897+0000] {logging_mixin.py:151} INFO - Record Inserted !!
[2024-02-28T00:02:05.211+0000] {logging_mixin.py:151} INFO - Record Inserted !!
[2024-02-28T00:02:05.527+0000] {logging_mixin.py:151} INFO - Record Inserted !!
[2024-02-28T00:02:05.842+0000] {logging_mixin.py:151} INFO - Record Inserted !!
[2024-02-28T00:02:06.154+0000] {logging_mixin.py:151} INFO - Record Inserted !!
[2024-02-28T00:02:06.513+0000] {logging_mixin.py:151} INFO - Record Inserted !!
[2024-02-28T00:02:06.830+0000] {logging_mixin.py:151} INFO - Record Inserted !!
[2024-02-28T00:02:07.130+0000] {logging_mixin.py:151} INFO - Record Inserted !!
[2024-02-28T00:02:07.462+0000] {logging_mixin.py:151} INFO - Record Inserted !!
[2024-02-28T00:02:08.331+0000] {logging_mixin.py:151} INFO - Record Inserted !!
[2024-02-28T00:02:08.605+0000] {logging_mixin.py:151} INFO - Record Inserted !!
[2024-02-28T00:02:08.938+0000] {logging_mixin.py:151} INFO - Record Inserted !!
[2024-02-28T00:02:09.540+0000] {logging_mixin.py:151} INFO - Record Inserted !!
[2024-02-28T00:02:09.848+0000] {logging_mixin.py:151} INFO - Record Inserted !!
[2024-02-28T00:02:10.159+0000] {logging_mixin.py:151} INFO - Record Inserted !!
[2024-02-28T00:02:10.454+0000] {logging_mixin.py:151} INFO - Record Inserted !!
[2024-02-28T00:02:10.762+0000] {logging_mixin.py:151} INFO - Record Inserted !!
[2024-02-28T00:02:11.080+0000] {logging_mixin.py:151} INFO - Record Inserted !!
[2024-02-28T00:02:11.392+0000] {logging_mixin.py:151} INFO - Record Inserted !!
[2024-02-28T00:02:11.707+0000] {logging_mixin.py:151} INFO - Record Inserted !!
[2024-02-28T00:02:12.333+0000] {logging_mixin.py:151} INFO - Record Inserted !!
[2024-02-28T00:02:12.664+0000] {logging_mixin.py:151} INFO - Record Inserted !!
[2024-02-28T00:02:12.958+0000] {logging_mixin.py:151} INFO - Record Inserted !!
[2024-02-28T00:02:13.252+0000] {logging_mixin.py:151} INFO - Record Inserted !!
[2024-02-28T00:02:13.570+0000] {logging_mixin.py:151} INFO - Record Inserted !!
[2024-02-28T00:02:13.851+0000] {logging_mixin.py:151} INFO - Record Inserted !!
[2024-02-28T00:02:14.174+0000] {logging_mixin.py:151} INFO - Record Inserted !!
[2024-02-28T00:02:14.542+0000] {logging_mixin.py:151} INFO - Record Inserted !!
[2024-02-28T00:02:14.835+0000] {logging_mixin.py:151} INFO - Record Inserted !!
[2024-02-28T00:02:15.174+0000] {logging_mixin.py:151} INFO - Record Inserted !!
[2024-02-28T00:02:15.468+0000] {logging_mixin.py:151} INFO - Record Inserted !!
[2024-02-28T00:02:16.032+0000] {logging_mixin.py:151} INFO - Record Inserted !!
[2024-02-28T00:02:16.351+0000] {logging_mixin.py:151} INFO - Record Inserted !!
[2024-02-28T00:02:16.666+0000] {logging_mixin.py:151} INFO - Record Inserted !!
[2024-02-28T00:02:16.979+0000] {logging_mixin.py:151} INFO - Record Inserted !!
[2024-02-28T00:02:17.282+0000] {logging_mixin.py:151} INFO - Record Inserted !!
[2024-02-28T00:02:17.585+0000] {logging_mixin.py:151} INFO - Record Inserted !!
[2024-02-28T00:02:17.883+0000] {logging_mixin.py:151} INFO - Record Inserted !!
[2024-02-28T00:02:18.223+0000] {logging_mixin.py:151} INFO - Record Inserted !!
[2024-02-28T00:02:18.566+0000] {logging_mixin.py:151} INFO - Record Inserted !!
[2024-02-28T00:02:18.868+0000] {logging_mixin.py:151} INFO - Record Inserted !!
[2024-02-28T00:02:19.180+0000] {logging_mixin.py:151} INFO - Record Inserted !!
[2024-02-28T00:02:19.466+0000] {logging_mixin.py:151} INFO - Record Inserted !!
[2024-02-28T00:02:19.773+0000] {logging_mixin.py:151} INFO - Record Inserted !!
[2024-02-28T00:02:20.107+0000] {logging_mixin.py:151} INFO - Record Inserted !!
[2024-02-28T00:02:20.416+0000] {logging_mixin.py:151} INFO - Record Inserted !!
[2024-02-28T00:02:20.719+0000] {logging_mixin.py:151} INFO - Record Inserted !!
[2024-02-28T00:02:21.055+0000] {logging_mixin.py:151} INFO - Record Inserted !!
[2024-02-28T00:02:21.379+0000] {logging_mixin.py:151} INFO - Record Inserted !!
[2024-02-28T00:02:21.768+0000] {logging_mixin.py:151} INFO - Record Inserted !!
[2024-02-28T00:02:22.096+0000] {logging_mixin.py:151} INFO - Record Inserted !!
[2024-02-28T00:02:22.436+0000] {logging_mixin.py:151} INFO - Record Inserted !!
[2024-02-28T00:02:22.775+0000] {logging_mixin.py:151} INFO - Record Inserted !!
[2024-02-28T00:02:23.085+0000] {logging_mixin.py:151} INFO - Record Inserted !!
[2024-02-28T00:02:23.393+0000] {logging_mixin.py:151} INFO - Record Inserted !!
[2024-02-28T00:02:23.691+0000] {logging_mixin.py:151} INFO - Record Inserted !!
[2024-02-28T00:02:23.995+0000] {logging_mixin.py:151} INFO - Record Inserted !!
[2024-02-28T00:02:24.341+0000] {logging_mixin.py:151} INFO - Record Inserted !!
[2024-02-28T00:02:24.652+0000] {logging_mixin.py:151} INFO - Record Inserted !!
[2024-02-28T00:02:24.973+0000] {logging_mixin.py:151} INFO - Record Inserted !!
[2024-02-28T00:02:25.318+0000] {logging_mixin.py:151} INFO - Record Inserted !!
[2024-02-28T00:02:25.932+0000] {logging_mixin.py:151} INFO - Record Inserted !!
[2024-02-28T00:02:26.249+0000] {logging_mixin.py:151} INFO - Record Inserted !!
[2024-02-28T00:02:26.584+0000] {logging_mixin.py:151} INFO - Record Inserted !!
[2024-02-28T00:02:26.905+0000] {logging_mixin.py:151} INFO - Record Inserted !!
[2024-02-28T00:02:27.280+0000] {logging_mixin.py:151} INFO - Record Inserted !!
[2024-02-28T00:02:27.635+0000] {logging_mixin.py:151} INFO - Record Inserted !!
[2024-02-28T00:02:27.942+0000] {logging_mixin.py:151} INFO - Record Inserted !!
[2024-02-28T00:02:28.268+0000] {logging_mixin.py:151} INFO - Record Inserted !!
[2024-02-28T00:02:28.579+0000] {logging_mixin.py:151} INFO - Record Inserted !!
[2024-02-28T00:02:28.897+0000] {logging_mixin.py:151} INFO - Record Inserted !!
[2024-02-28T00:02:29.217+0000] {logging_mixin.py:151} INFO - Record Inserted !!
[2024-02-28T00:02:29.542+0000] {logging_mixin.py:151} INFO - Record Inserted !!
[2024-02-28T00:02:29.879+0000] {logging_mixin.py:151} INFO - Record Inserted !!
[2024-02-28T00:02:30.224+0000] {logging_mixin.py:151} INFO - Record Inserted !!
[2024-02-28T00:02:30.550+0000] {logging_mixin.py:151} INFO - Record Inserted !!
[2024-02-28T00:02:30.930+0000] {logging_mixin.py:151} INFO - Record Inserted !!
[2024-02-28T00:02:31.219+0000] {logging_mixin.py:151} INFO - Record Inserted !!
[2024-02-28T00:02:31.511+0000] {logging_mixin.py:151} INFO - Record Inserted !!
[2024-02-28T00:02:31.869+0000] {logging_mixin.py:151} INFO - Record Inserted !!
[2024-02-28T00:02:32.169+0000] {logging_mixin.py:151} INFO - Record Inserted !!
[2024-02-28T00:02:32.475+0000] {logging_mixin.py:151} INFO - Record Inserted !!
[2024-02-28T00:02:32.821+0000] {logging_mixin.py:151} INFO - Record Inserted !!
[2024-02-28T00:02:33.149+0000] {logging_mixin.py:151} INFO - Record Inserted !!
[2024-02-28T00:02:33.494+0000] {logging_mixin.py:151} INFO - Record Inserted !!
[2024-02-28T00:02:33.804+0000] {logging_mixin.py:151} INFO - Record Inserted !!
[2024-02-28T00:02:34.127+0000] {logging_mixin.py:151} INFO - Record Inserted !!
[2024-02-28T00:02:34.450+0000] {logging_mixin.py:151} INFO - Record Inserted !!
[2024-02-28T00:02:34.769+0000] {logging_mixin.py:151} INFO - Record Inserted !!
[2024-02-28T00:02:35.074+0000] {logging_mixin.py:151} INFO - Record Inserted !!
[2024-02-28T00:02:35.448+0000] {logging_mixin.py:151} INFO - Record Inserted !!
[2024-02-28T00:02:35.783+0000] {logging_mixin.py:151} INFO - Record Inserted !!
[2024-02-28T00:02:36.084+0000] {logging_mixin.py:151} INFO - Record Inserted !!
[2024-02-28T00:02:36.402+0000] {logging_mixin.py:151} INFO - Record Inserted !!
[2024-02-28T00:02:36.711+0000] {logging_mixin.py:151} INFO - Record Inserted !!
[2024-02-28T00:02:37.053+0000] {logging_mixin.py:151} INFO - Record Inserted !!
[2024-02-28T00:02:37.386+0000] {logging_mixin.py:151} INFO - Record Inserted !!
[2024-02-28T00:02:37.717+0000] {logging_mixin.py:151} INFO - Record Inserted !!
[2024-02-28T00:02:38.023+0000] {logging_mixin.py:151} INFO - Record Inserted !!
[2024-02-28T00:02:38.381+0000] {logging_mixin.py:151} INFO - Record Inserted !!
[2024-02-28T00:02:38.720+0000] {logging_mixin.py:151} INFO - Record Inserted !!
[2024-02-28T00:02:39.255+0000] {logging_mixin.py:151} INFO - Record Inserted !!
[2024-02-28T00:02:39.563+0000] {logging_mixin.py:151} INFO - Record Inserted !!
[2024-02-28T00:02:39.869+0000] {logging_mixin.py:151} INFO - Record Inserted !!
[2024-02-28T00:02:40.176+0000] {logging_mixin.py:151} INFO - Record Inserted !!
[2024-02-28T00:02:40.485+0000] {logging_mixin.py:151} INFO - Record Inserted !!
[2024-02-28T00:02:40.796+0000] {logging_mixin.py:151} INFO - Record Inserted !!
[2024-02-28T00:02:41.093+0000] {logging_mixin.py:151} INFO - Record Inserted !!
[2024-02-28T00:02:41.432+0000] {logging_mixin.py:151} INFO - Record Inserted !!
[2024-02-28T00:02:41.745+0000] {logging_mixin.py:151} INFO - Record Inserted !!
[2024-02-28T00:02:42.052+0000] {logging_mixin.py:151} INFO - Record Inserted !!
[2024-02-28T00:02:42.359+0000] {logging_mixin.py:151} INFO - Record Inserted !!
[2024-02-28T00:02:42.668+0000] {logging_mixin.py:151} INFO - Record Inserted !!
[2024-02-28T00:02:42.953+0000] {logging_mixin.py:151} INFO - Record Inserted !!
[2024-02-28T00:02:43.267+0000] {logging_mixin.py:151} INFO - Record Inserted !!
[2024-02-28T00:02:43.591+0000] {logging_mixin.py:151} INFO - Record Inserted !!
[2024-02-28T00:02:43.924+0000] {logging_mixin.py:151} INFO - Record Inserted !!
[2024-02-28T00:02:44.264+0000] {logging_mixin.py:151} INFO - Record Inserted !!
[2024-02-28T00:02:44.582+0000] {logging_mixin.py:151} INFO - Record Inserted !!
[2024-02-28T00:02:44.910+0000] {logging_mixin.py:151} INFO - Record Inserted !!
[2024-02-28T00:02:45.241+0000] {logging_mixin.py:151} INFO - Record Inserted !!
[2024-02-28T00:02:45.543+0000] {logging_mixin.py:151} INFO - Record Inserted !!
[2024-02-28T00:02:45.962+0000] {logging_mixin.py:151} INFO - Record Inserted !!
[2024-02-28T00:02:46.239+0000] {logging_mixin.py:151} INFO - Record Inserted !!
[2024-02-28T00:02:46.872+0000] {logging_mixin.py:151} INFO - Record Inserted !!
[2024-02-28T00:02:47.179+0000] {logging_mixin.py:151} INFO - Record Inserted !!
[2024-02-28T00:02:47.512+0000] {logging_mixin.py:151} INFO - Record Inserted !!
[2024-02-28T00:02:47.854+0000] {logging_mixin.py:151} INFO - Record Inserted !!
[2024-02-28T00:02:48.167+0000] {logging_mixin.py:151} INFO - Record Inserted !!
[2024-02-28T00:02:48.496+0000] {logging_mixin.py:151} INFO - Record Inserted !!
[2024-02-28T00:02:49.102+0000] {logging_mixin.py:151} INFO - Record Inserted !!
[2024-02-28T00:02:49.397+0000] {logging_mixin.py:151} INFO - Record Inserted !!
[2024-02-28T00:02:49.800+0000] {logging_mixin.py:151} INFO - Record Inserted !!
[2024-02-28T00:02:50.146+0000] {logging_mixin.py:151} INFO - Record Inserted !!
[2024-02-28T00:02:50.455+0000] {logging_mixin.py:151} INFO - Record Inserted !!
[2024-02-28T00:02:50.782+0000] {logging_mixin.py:151} INFO - Record Inserted !!
[2024-02-28T00:02:51.105+0000] {logging_mixin.py:151} INFO - Record Inserted !!
[2024-02-28T00:02:51.416+0000] {logging_mixin.py:151} INFO - Record Inserted !!
[2024-02-28T00:02:51.733+0000] {logging_mixin.py:151} INFO - Record Inserted !!
[2024-02-28T00:02:52.061+0000] {logging_mixin.py:151} INFO - Record Inserted !!
[2024-02-28T00:02:52.679+0000] {logging_mixin.py:151} INFO - Record Inserted !!
[2024-02-28T00:02:53.020+0000] {logging_mixin.py:151} INFO - Record Inserted !!
[2024-02-28T00:02:53.356+0000] {logging_mixin.py:151} INFO - Record Inserted !!
[2024-02-28T00:02:53.717+0000] {logging_mixin.py:151} INFO - Record Inserted !!
[2024-02-28T00:02:54.064+0000] {logging_mixin.py:151} INFO - Record Inserted !!
[2024-02-28T00:02:54.400+0000] {logging_mixin.py:151} INFO - Record Inserted !!
[2024-02-28T00:02:55.071+0000] {logging_mixin.py:151} INFO - Record Inserted !!
[2024-02-28T00:02:55.398+0000] {logging_mixin.py:151} INFO - Record Inserted !!
[2024-02-28T00:02:55.738+0000] {logging_mixin.py:151} INFO - Record Inserted !!
[2024-02-28T00:02:56.058+0000] {logging_mixin.py:151} INFO - Record Inserted !!
[2024-02-28T00:02:56.354+0000] {logging_mixin.py:151} INFO - Record Inserted !!
[2024-02-28T00:02:56.679+0000] {logging_mixin.py:151} INFO - Record Inserted !!
[2024-02-28T00:02:57.004+0000] {logging_mixin.py:151} INFO - Record Inserted !!
[2024-02-28T00:02:57.306+0000] {logging_mixin.py:151} INFO - Record Inserted !!
[2024-02-28T00:02:57.941+0000] {logging_mixin.py:151} INFO - Record Inserted !!
[2024-02-28T00:02:58.285+0000] {logging_mixin.py:151} INFO - Record Inserted !!
[2024-02-28T00:02:58.589+0000] {logging_mixin.py:151} INFO - Record Inserted !!
[2024-02-28T00:02:58.871+0000] {logging_mixin.py:151} INFO - Record Inserted !!
[2024-02-28T00:02:59.207+0000] {logging_mixin.py:151} INFO - Record Inserted !!
[2024-02-28T00:02:59.504+0000] {logging_mixin.py:151} INFO - Record Inserted !!
[2024-02-28T00:03:00.053+0000] {logging_mixin.py:151} INFO - Record Inserted !!
[2024-02-28T00:03:00.395+0000] {logging_mixin.py:151} INFO - Record Inserted !!
[2024-02-28T00:03:00.744+0000] {logging_mixin.py:151} INFO - Record Inserted !!
[2024-02-28T00:03:01.087+0000] {logging_mixin.py:151} INFO - Record Inserted !!
[2024-02-28T00:03:01.420+0000] {logging_mixin.py:151} INFO - Record Inserted !!
[2024-02-28T00:03:01.735+0000] {logging_mixin.py:151} INFO - Record Inserted !!
[2024-02-28T00:03:02.090+0000] {logging_mixin.py:151} INFO - Record Inserted !!
[2024-02-28T00:03:02.712+0000] {logging_mixin.py:151} INFO - Record Inserted !!
[2024-02-28T00:03:03.034+0000] {logging_mixin.py:151} INFO - Record Inserted !!
[2024-02-28T00:03:03.377+0000] {logging_mixin.py:151} INFO - Record Inserted !!
[2024-02-28T00:03:03.715+0000] {logging_mixin.py:151} INFO - Record Inserted !!
[2024-02-28T00:03:04.023+0000] {logging_mixin.py:151} INFO - Record Inserted !!
[2024-02-28T00:03:04.339+0000] {logging_mixin.py:151} INFO - Record Inserted !!
[2024-02-28T00:03:04.691+0000] {logging_mixin.py:151} INFO - Record Inserted !!
[2024-02-28T00:03:05.002+0000] {logging_mixin.py:151} INFO - Record Inserted !!
[2024-02-28T00:03:05.320+0000] {logging_mixin.py:151} INFO - Record Inserted !!
[2024-02-28T00:03:05.637+0000] {logging_mixin.py:151} INFO - Record Inserted !!
[2024-02-28T00:03:05.973+0000] {logging_mixin.py:151} INFO - Record Inserted !!
[2024-02-28T00:03:06.291+0000] {logging_mixin.py:151} INFO - Record Inserted !!
[2024-02-28T00:03:06.625+0000] {logging_mixin.py:151} INFO - Record Inserted !!
[2024-02-28T00:03:06.969+0000] {logging_mixin.py:151} INFO - Record Inserted !!
[2024-02-28T00:03:07.420+0000] {logging_mixin.py:151} INFO - Record Inserted !!
[2024-02-28T00:03:07.739+0000] {logging_mixin.py:151} INFO - Record Inserted !!
[2024-02-28T00:03:08.079+0000] {logging_mixin.py:151} INFO - Record Inserted !!
[2024-02-28T00:03:08.423+0000] {logging_mixin.py:151} INFO - Record Inserted !!
[2024-02-28T00:03:08.755+0000] {logging_mixin.py:151} INFO - Record Inserted !!
[2024-02-28T00:03:09.074+0000] {logging_mixin.py:151} INFO - Record Inserted !!
[2024-02-28T00:03:09.407+0000] {logging_mixin.py:151} INFO - Record Inserted !!
[2024-02-28T00:03:10.040+0000] {logging_mixin.py:151} INFO - Record Inserted !!
[2024-02-28T00:03:10.340+0000] {logging_mixin.py:151} INFO - Record Inserted !!
[2024-02-28T00:03:10.669+0000] {logging_mixin.py:151} INFO - Record Inserted !!
[2024-02-28T00:03:11.014+0000] {logging_mixin.py:151} INFO - Record Inserted !!
[2024-02-28T00:03:11.348+0000] {logging_mixin.py:151} INFO - Record Inserted !!
[2024-02-28T00:03:11.683+0000] {logging_mixin.py:151} INFO - Record Inserted !!
[2024-02-28T00:03:12.016+0000] {logging_mixin.py:151} INFO - Record Inserted !!
[2024-02-28T00:03:12.334+0000] {logging_mixin.py:151} INFO - Record Inserted !!
[2024-02-28T00:03:12.670+0000] {logging_mixin.py:151} INFO - Record Inserted !!
[2024-02-28T00:03:12.976+0000] {logging_mixin.py:151} INFO - Record Inserted !!
[2024-02-28T00:03:13.309+0000] {logging_mixin.py:151} INFO - Record Inserted !!
[2024-02-28T00:03:13.614+0000] {logging_mixin.py:151} INFO - Record Inserted !!
[2024-02-28T00:03:13.911+0000] {logging_mixin.py:151} INFO - Record Inserted !!
[2024-02-28T00:03:14.300+0000] {logging_mixin.py:151} INFO - Record Inserted !!
[2024-02-28T00:03:14.635+0000] {logging_mixin.py:151} INFO - Record Inserted !!
[2024-02-28T00:03:14.962+0000] {logging_mixin.py:151} INFO - Record Inserted !!
[2024-02-28T00:03:15.592+0000] {logging_mixin.py:151} INFO - Record Inserted !!
[2024-02-28T00:03:15.949+0000] {logging_mixin.py:151} INFO - Record Inserted !!
[2024-02-28T00:03:16.275+0000] {logging_mixin.py:151} INFO - Record Inserted !!
[2024-02-28T00:03:16.660+0000] {logging_mixin.py:151} INFO - Record Inserted !!
[2024-02-28T00:03:16.945+0000] {logging_mixin.py:151} INFO - Record Inserted !!
[2024-02-28T00:03:17.559+0000] {logging_mixin.py:151} INFO - Record Inserted !!
[2024-02-28T00:03:17.886+0000] {logging_mixin.py:151} INFO - Record Inserted !!
[2024-02-28T00:03:18.176+0000] {logging_mixin.py:151} INFO - Record Inserted !!
[2024-02-28T00:03:18.476+0000] {logging_mixin.py:151} INFO - Record Inserted !!
[2024-02-28T00:03:18.815+0000] {logging_mixin.py:151} INFO - Record Inserted !!
[2024-02-28T00:03:19.155+0000] {logging_mixin.py:151} INFO - Record Inserted !!
[2024-02-28T00:03:19.483+0000] {logging_mixin.py:151} INFO - Record Inserted !!
[2024-02-28T00:03:19.812+0000] {logging_mixin.py:151} INFO - Record Inserted !!
[2024-02-28T00:03:20.123+0000] {logging_mixin.py:151} INFO - Record Inserted !!
[2024-02-28T00:03:20.419+0000] {logging_mixin.py:151} INFO - Record Inserted !!
[2024-02-28T00:03:20.714+0000] {logging_mixin.py:151} INFO - Record Inserted !!
[2024-02-28T00:03:21.047+0000] {logging_mixin.py:151} INFO - Record Inserted !!
[2024-02-28T00:03:21.649+0000] {logging_mixin.py:151} INFO - Record Inserted !!
[2024-02-28T00:03:22.279+0000] {logging_mixin.py:151} INFO - Record Inserted !!
[2024-02-28T00:03:22.603+0000] {logging_mixin.py:151} INFO - Record Inserted !!
[2024-02-28T00:03:22.919+0000] {logging_mixin.py:151} INFO - Record Inserted !!
[2024-02-28T00:03:23.603+0000] {logging_mixin.py:151} INFO - Record Inserted !!
[2024-02-28T00:03:23.917+0000] {logging_mixin.py:151} INFO - Record Inserted !!
[2024-02-28T00:03:24.247+0000] {logging_mixin.py:151} INFO - Record Inserted !!
[2024-02-28T00:03:24.525+0000] {logging_mixin.py:151} INFO - Record Inserted !!
[2024-02-28T00:03:24.826+0000] {logging_mixin.py:151} INFO - Record Inserted !!
[2024-02-28T00:03:25.141+0000] {logging_mixin.py:151} INFO - Record Inserted !!
[2024-02-28T00:03:25.475+0000] {logging_mixin.py:151} INFO - Record Inserted !!
[2024-02-28T00:03:25.797+0000] {logging_mixin.py:151} INFO - Record Inserted !!
[2024-02-28T00:03:26.147+0000] {logging_mixin.py:151} INFO - Record Inserted !!
[2024-02-28T00:03:26.770+0000] {logging_mixin.py:151} INFO - Record Inserted !!
[2024-02-28T00:03:27.134+0000] {logging_mixin.py:151} INFO - Record Inserted !!
[2024-02-28T00:03:27.792+0000] {logging_mixin.py:151} INFO - Record Inserted !!
[2024-02-28T00:03:28.513+0000] {logging_mixin.py:151} INFO - Record Inserted !!
[2024-02-28T00:03:28.834+0000] {logging_mixin.py:151} INFO - Record Inserted !!
[2024-02-28T00:03:29.139+0000] {logging_mixin.py:151} INFO - Record Inserted !!
[2024-02-28T00:03:29.449+0000] {logging_mixin.py:151} INFO - Record Inserted !!
[2024-02-28T00:03:29.758+0000] {logging_mixin.py:151} INFO - Record Inserted !!
[2024-02-28T00:03:30.086+0000] {logging_mixin.py:151} INFO - Record Inserted !!
[2024-02-28T00:03:30.421+0000] {logging_mixin.py:151} INFO - Record Inserted !!
[2024-02-28T00:03:30.765+0000] {logging_mixin.py:151} INFO - Record Inserted !!
[2024-02-28T00:03:31.076+0000] {logging_mixin.py:151} INFO - Record Inserted !!
[2024-02-28T00:03:31.404+0000] {logging_mixin.py:151} INFO - Record Inserted !!
[2024-02-28T00:03:31.712+0000] {logging_mixin.py:151} INFO - Record Inserted !!
[2024-02-28T00:03:32.060+0000] {logging_mixin.py:151} INFO - Record Inserted !!
[2024-02-28T00:03:32.371+0000] {logging_mixin.py:151} INFO - Record Inserted !!
[2024-02-28T00:03:32.697+0000] {logging_mixin.py:151} INFO - Record Inserted !!
[2024-02-28T00:03:33.045+0000] {logging_mixin.py:151} INFO - Record Inserted !!
[2024-02-28T00:03:33.383+0000] {logging_mixin.py:151} INFO - Record Inserted !!
[2024-02-28T00:03:33.725+0000] {logging_mixin.py:151} INFO - Record Inserted !!
[2024-02-28T00:03:34.033+0000] {logging_mixin.py:151} INFO - Record Inserted !!
[2024-02-28T00:03:34.365+0000] {logging_mixin.py:151} INFO - Record Inserted !!
[2024-02-28T00:03:34.676+0000] {logging_mixin.py:151} INFO - Record Inserted !!
[2024-02-28T00:03:34.995+0000] {logging_mixin.py:151} INFO - Record Inserted !!
[2024-02-28T00:03:35.290+0000] {logging_mixin.py:151} INFO - Record Inserted !!
[2024-02-28T00:03:35.724+0000] {logging_mixin.py:151} INFO - Record Inserted !!
[2024-02-28T00:03:36.341+0000] {logging_mixin.py:151} INFO - Record Inserted !!
[2024-02-28T00:03:36.635+0000] {logging_mixin.py:151} INFO - Record Inserted !!
[2024-02-28T00:03:36.957+0000] {logging_mixin.py:151} INFO - Record Inserted !!
[2024-02-28T00:03:37.528+0000] {logging_mixin.py:151} INFO - Record Inserted !!
[2024-02-28T00:03:37.833+0000] {logging_mixin.py:151} INFO - Record Inserted !!
[2024-02-28T00:03:38.157+0000] {logging_mixin.py:151} INFO - Record Inserted !!
[2024-02-28T00:03:38.457+0000] {logging_mixin.py:151} INFO - Record Inserted !!
[2024-02-28T00:03:38.804+0000] {logging_mixin.py:151} INFO - Record Inserted !!
[2024-02-28T00:03:39.150+0000] {logging_mixin.py:151} INFO - Record Inserted !!
[2024-02-28T00:03:39.441+0000] {logging_mixin.py:151} INFO - Record Inserted !!
[2024-02-28T00:03:39.778+0000] {logging_mixin.py:151} INFO - Record Inserted !!
[2024-02-28T00:03:40.126+0000] {logging_mixin.py:151} INFO - Record Inserted !!
[2024-02-28T00:03:40.442+0000] {logging_mixin.py:151} INFO - Record Inserted !!
[2024-02-28T00:03:40.790+0000] {logging_mixin.py:151} INFO - Record Inserted !!
[2024-02-28T00:03:41.135+0000] {logging_mixin.py:151} INFO - Record Inserted !!
[2024-02-28T00:03:41.485+0000] {logging_mixin.py:151} INFO - Record Inserted !!
[2024-02-28T00:03:41.796+0000] {logging_mixin.py:151} INFO - Record Inserted !!
[2024-02-28T00:03:42.141+0000] {logging_mixin.py:151} INFO - Record Inserted !!
[2024-02-28T00:03:42.483+0000] {logging_mixin.py:151} INFO - Record Inserted !!
[2024-02-28T00:03:42.802+0000] {logging_mixin.py:151} INFO - Record Inserted !!
[2024-02-28T00:03:43.128+0000] {logging_mixin.py:151} INFO - Record Inserted !!
[2024-02-28T00:03:43.528+0000] {logging_mixin.py:151} INFO - Record Inserted !!
[2024-02-28T00:03:43.842+0000] {logging_mixin.py:151} INFO - Record Inserted !!
[2024-02-28T00:03:44.154+0000] {logging_mixin.py:151} INFO - Record Inserted !!
[2024-02-28T00:03:44.800+0000] {logging_mixin.py:151} INFO - Record Inserted !!
[2024-02-28T00:03:45.153+0000] {logging_mixin.py:151} INFO - Record Inserted !!
[2024-02-28T00:03:45.500+0000] {logging_mixin.py:151} INFO - Record Inserted !!
[2024-02-28T00:03:45.826+0000] {logging_mixin.py:151} INFO - Record Inserted !!
[2024-02-28T00:03:46.183+0000] {logging_mixin.py:151} INFO - Record Inserted !!
[2024-02-28T00:03:46.840+0000] {logging_mixin.py:151} INFO - Record Inserted !!
[2024-02-28T00:03:47.131+0000] {logging_mixin.py:151} INFO - Record Inserted !!
[2024-02-28T00:03:47.469+0000] {logging_mixin.py:151} INFO - Record Inserted !!
[2024-02-28T00:03:48.180+0000] {logging_mixin.py:151} INFO - Record Inserted !!
[2024-02-28T00:03:48.890+0000] {logging_mixin.py:151} INFO - Record Inserted !!
[2024-02-28T00:03:49.231+0000] {logging_mixin.py:151} INFO - Record Inserted !!
[2024-02-28T00:03:49.533+0000] {logging_mixin.py:151} INFO - Record Inserted !!
[2024-02-28T00:03:50.115+0000] {logging_mixin.py:151} INFO - Record Inserted !!
[2024-02-28T00:03:50.399+0000] {logging_mixin.py:151} INFO - Record Inserted !!
[2024-02-28T00:03:50.695+0000] {logging_mixin.py:151} INFO - Record Inserted !!
[2024-02-28T00:03:51.039+0000] {logging_mixin.py:151} INFO - Record Inserted !!
[2024-02-28T00:03:51.395+0000] {logging_mixin.py:151} INFO - Record Inserted !!
[2024-02-28T00:03:51.729+0000] {logging_mixin.py:151} INFO - Record Inserted !!
[2024-02-28T00:03:52.034+0000] {logging_mixin.py:151} INFO - Record Inserted !!
[2024-02-28T00:03:52.385+0000] {logging_mixin.py:151} INFO - Record Inserted !!
[2024-02-28T00:03:52.715+0000] {logging_mixin.py:151} INFO - Record Inserted !!
[2024-02-28T00:03:53.029+0000] {logging_mixin.py:151} INFO - Record Inserted !!
[2024-02-28T00:03:53.331+0000] {logging_mixin.py:151} INFO - Record Inserted !!
[2024-02-28T00:03:53.693+0000] {logging_mixin.py:151} INFO - Record Inserted !!
[2024-02-28T00:03:53.994+0000] {logging_mixin.py:151} INFO - Record Inserted !!
[2024-02-28T00:03:54.313+0000] {logging_mixin.py:151} INFO - Record Inserted !!
[2024-02-28T00:03:54.610+0000] {logging_mixin.py:151} INFO - Record Inserted !!
[2024-02-28T00:03:54.934+0000] {logging_mixin.py:151} INFO - Record Inserted !!
[2024-02-28T00:03:55.563+0000] {logging_mixin.py:151} INFO - Record Inserted !!
[2024-02-28T00:03:55.879+0000] {logging_mixin.py:151} INFO - Record Inserted !!
[2024-02-28T00:03:56.188+0000] {logging_mixin.py:151} INFO - Record Inserted !!
[2024-02-28T00:03:56.528+0000] {logging_mixin.py:151} INFO - Record Inserted !!
[2024-02-28T00:03:56.862+0000] {logging_mixin.py:151} INFO - Record Inserted !!
[2024-02-28T00:03:57.177+0000] {logging_mixin.py:151} INFO - Record Inserted !!
[2024-02-28T00:03:57.797+0000] {logging_mixin.py:151} INFO - Record Inserted !!
[2024-02-28T00:03:58.155+0000] {logging_mixin.py:151} INFO - Record Inserted !!
[2024-02-28T00:03:58.486+0000] {logging_mixin.py:151} INFO - Record Inserted !!
[2024-02-28T00:03:58.812+0000] {logging_mixin.py:151} INFO - Record Inserted !!
[2024-02-28T00:03:59.128+0000] {logging_mixin.py:151} INFO - Record Inserted !!
[2024-02-28T00:03:59.445+0000] {logging_mixin.py:151} INFO - Record Inserted !!
[2024-02-28T00:03:59.781+0000] {logging_mixin.py:151} INFO - Record Inserted !!
[2024-02-28T00:04:00.095+0000] {logging_mixin.py:151} INFO - Record Inserted !!
[2024-02-28T00:04:00.409+0000] {logging_mixin.py:151} INFO - Record Inserted !!
[2024-02-28T00:04:00.729+0000] {logging_mixin.py:151} INFO - Record Inserted !!
[2024-02-28T00:04:01.503+0000] {logging_mixin.py:151} INFO - Record Inserted !!
[2024-02-28T00:04:01.840+0000] {logging_mixin.py:151} INFO - Record Inserted !!
[2024-02-28T00:04:02.160+0000] {logging_mixin.py:151} INFO - Record Inserted !!
[2024-02-28T00:04:02.495+0000] {logging_mixin.py:151} INFO - Record Inserted !!
[2024-02-28T00:04:03.131+0000] {logging_mixin.py:151} INFO - Record Inserted !!
[2024-02-28T00:04:03.455+0000] {logging_mixin.py:151} INFO - Record Inserted !!
[2024-02-28T00:04:03.780+0000] {logging_mixin.py:151} INFO - Record Inserted !!
[2024-02-28T00:04:04.116+0000] {logging_mixin.py:151} INFO - Record Inserted !!
[2024-02-28T00:04:04.453+0000] {logging_mixin.py:151} INFO - Record Inserted !!
[2024-02-28T00:04:04.760+0000] {logging_mixin.py:151} INFO - Record Inserted !!
[2024-02-28T00:04:05.092+0000] {logging_mixin.py:151} INFO - Record Inserted !!
[2024-02-28T00:04:05.431+0000] {logging_mixin.py:151} INFO - Record Inserted !!
[2024-02-28T00:04:05.760+0000] {logging_mixin.py:151} INFO - Record Inserted !!
[2024-02-28T00:04:06.093+0000] {logging_mixin.py:151} INFO - Record Inserted !!
[2024-02-28T00:04:06.714+0000] {logging_mixin.py:151} INFO - Record Inserted !!
[2024-02-28T00:04:07.031+0000] {logging_mixin.py:151} INFO - Record Inserted !!
[2024-02-28T00:04:07.409+0000] {logging_mixin.py:151} INFO - Record Inserted !!
[2024-02-28T00:04:07.761+0000] {logging_mixin.py:151} INFO - Record Inserted !!
[2024-02-28T00:04:08.091+0000] {logging_mixin.py:151} INFO - Record Inserted !!
[2024-02-28T00:04:08.402+0000] {logging_mixin.py:151} INFO - Record Inserted !!
[2024-02-28T00:04:08.718+0000] {logging_mixin.py:151} INFO - Record Inserted !!
[2024-02-28T00:04:09.050+0000] {logging_mixin.py:151} INFO - Record Inserted !!
[2024-02-28T00:04:09.356+0000] {logging_mixin.py:151} INFO - Record Inserted !!
[2024-02-28T00:04:09.943+0000] {logging_mixin.py:151} INFO - Record Inserted !!
[2024-02-28T00:04:10.261+0000] {logging_mixin.py:151} INFO - Record Inserted !!
[2024-02-28T00:04:10.616+0000] {logging_mixin.py:151} INFO - Record Inserted !!
[2024-02-28T00:04:11.193+0000] {logging_mixin.py:151} INFO - Record Inserted !!
[2024-02-28T00:04:11.515+0000] {logging_mixin.py:151} INFO - Record Inserted !!
[2024-02-28T00:04:11.821+0000] {logging_mixin.py:151} INFO - Record Inserted !!
[2024-02-28T00:04:12.153+0000] {logging_mixin.py:151} INFO - Record Inserted !!
[2024-02-28T00:04:12.514+0000] {logging_mixin.py:151} INFO - Record Inserted !!
[2024-02-28T00:04:12.831+0000] {logging_mixin.py:151} INFO - Record Inserted !!
[2024-02-28T00:04:13.118+0000] {logging_mixin.py:151} INFO - Record Inserted !!
[2024-02-28T00:04:13.444+0000] {logging_mixin.py:151} INFO - Record Inserted !!
[2024-02-28T00:04:13.798+0000] {logging_mixin.py:151} INFO - Record Inserted !!
[2024-02-28T00:04:14.126+0000] {logging_mixin.py:151} INFO - Record Inserted !!
[2024-02-28T00:04:14.472+0000] {logging_mixin.py:151} INFO - Record Inserted !!
[2024-02-28T00:04:14.796+0000] {logging_mixin.py:151} INFO - Record Inserted !!
[2024-02-28T00:04:15.170+0000] {logging_mixin.py:151} INFO - Record Inserted !!
[2024-02-28T00:04:15.507+0000] {logging_mixin.py:151} INFO - Record Inserted !!
[2024-02-28T00:04:15.838+0000] {logging_mixin.py:151} INFO - Record Inserted !!
[2024-02-28T00:04:16.188+0000] {logging_mixin.py:151} INFO - Record Inserted !!
[2024-02-28T00:04:16.485+0000] {logging_mixin.py:151} INFO - Record Inserted !!
[2024-02-28T00:04:17.159+0000] {logging_mixin.py:151} INFO - Record Inserted !!
[2024-02-28T00:04:17.480+0000] {logging_mixin.py:151} INFO - Record Inserted !!
[2024-02-28T00:04:17.814+0000] {logging_mixin.py:151} INFO - Record Inserted !!
[2024-02-28T00:04:18.142+0000] {logging_mixin.py:151} INFO - Record Inserted !!
[2024-02-28T00:04:18.436+0000] {logging_mixin.py:151} INFO - Record Inserted !!
[2024-02-28T00:04:18.763+0000] {logging_mixin.py:151} INFO - Record Inserted !!
[2024-02-28T00:04:19.081+0000] {logging_mixin.py:151} INFO - Record Inserted !!
[2024-02-28T00:04:19.603+0000] {logging_mixin.py:151} INFO - Record Inserted !!
[2024-02-28T00:04:19.920+0000] {logging_mixin.py:151} INFO - Record Inserted !!
[2024-02-28T00:04:20.285+0000] {logging_mixin.py:151} INFO - Record Inserted !!
[2024-02-28T00:04:20.609+0000] {logging_mixin.py:151} INFO - Record Inserted !!
[2024-02-28T00:04:20.899+0000] {logging_mixin.py:151} INFO - Record Inserted !!
[2024-02-28T00:04:21.197+0000] {logging_mixin.py:151} INFO - Record Inserted !!
[2024-02-28T00:04:21.505+0000] {logging_mixin.py:151} INFO - Record Inserted !!
[2024-02-28T00:04:21.811+0000] {logging_mixin.py:151} INFO - Record Inserted !!
[2024-02-28T00:04:22.143+0000] {logging_mixin.py:151} INFO - Record Inserted !!
[2024-02-28T00:04:22.456+0000] {logging_mixin.py:151} INFO - Record Inserted !!
[2024-02-28T00:04:22.822+0000] {logging_mixin.py:151} INFO - Record Inserted !!
[2024-02-28T00:04:23.142+0000] {logging_mixin.py:151} INFO - Record Inserted !!
[2024-02-28T00:04:23.452+0000] {logging_mixin.py:151} INFO - Record Inserted !!
[2024-02-28T00:04:23.765+0000] {logging_mixin.py:151} INFO - Record Inserted !!
[2024-02-28T00:04:24.070+0000] {logging_mixin.py:151} INFO - Record Inserted !!
[2024-02-28T00:04:24.419+0000] {logging_mixin.py:151} INFO - Record Inserted !!
[2024-02-28T00:04:24.758+0000] {logging_mixin.py:151} INFO - Record Inserted !!
[2024-02-28T00:04:25.105+0000] {logging_mixin.py:151} INFO - Record Inserted !!
[2024-02-28T00:04:25.762+0000] {logging_mixin.py:151} INFO - Record Inserted !!
[2024-02-28T00:04:26.089+0000] {logging_mixin.py:151} INFO - Record Inserted !!
[2024-02-28T00:04:26.430+0000] {logging_mixin.py:151} INFO - Record Inserted !!
[2024-02-28T00:04:26.766+0000] {logging_mixin.py:151} INFO - Record Inserted !!
[2024-02-28T00:04:27.107+0000] {logging_mixin.py:151} INFO - Record Inserted !!
[2024-02-28T00:04:27.530+0000] {logging_mixin.py:151} INFO - Record Inserted !!
[2024-02-28T00:04:27.879+0000] {logging_mixin.py:151} INFO - Record Inserted !!
[2024-02-28T00:04:28.197+0000] {logging_mixin.py:151} INFO - Record Inserted !!
[2024-02-28T00:04:28.500+0000] {logging_mixin.py:151} INFO - Record Inserted !!
[2024-02-28T00:04:28.800+0000] {logging_mixin.py:151} INFO - Record Inserted !!
[2024-02-28T00:04:29.086+0000] {logging_mixin.py:151} INFO - Record Inserted !!
[2024-02-28T00:04:29.405+0000] {logging_mixin.py:151} INFO - Record Inserted !!
[2024-02-28T00:04:29.728+0000] {logging_mixin.py:151} INFO - Record Inserted !!
[2024-02-28T00:04:30.057+0000] {logging_mixin.py:151} INFO - Record Inserted !!
[2024-02-28T00:04:30.372+0000] {logging_mixin.py:151} INFO - Record Inserted !!
[2024-02-28T00:04:30.686+0000] {logging_mixin.py:151} INFO - Record Inserted !!
[2024-02-28T00:04:31.012+0000] {logging_mixin.py:151} INFO - Record Inserted !!
[2024-02-28T00:04:31.362+0000] {logging_mixin.py:151} INFO - Record Inserted !!
[2024-02-28T00:04:31.708+0000] {logging_mixin.py:151} INFO - Record Inserted !!
[2024-02-28T00:04:32.011+0000] {logging_mixin.py:151} INFO - Record Inserted !!
[2024-02-28T00:04:32.337+0000] {logging_mixin.py:151} INFO - Record Inserted !!
[2024-02-28T00:04:32.679+0000] {logging_mixin.py:151} INFO - Record Inserted !!
[2024-02-28T00:04:33.236+0000] {logging_mixin.py:151} INFO - Record Inserted !!
[2024-02-28T00:04:33.530+0000] {logging_mixin.py:151} INFO - Record Inserted !!
[2024-02-28T00:04:34.257+0000] {logging_mixin.py:151} INFO - Record Inserted !!
[2024-02-28T00:04:34.564+0000] {logging_mixin.py:151} INFO - Record Inserted !!
[2024-02-28T00:04:34.854+0000] {logging_mixin.py:151} INFO - Record Inserted !!
[2024-02-28T00:04:35.201+0000] {logging_mixin.py:151} INFO - Record Inserted !!
[2024-02-28T00:04:35.896+0000] {logging_mixin.py:151} INFO - Record Inserted !!
[2024-02-28T00:04:36.258+0000] {logging_mixin.py:151} INFO - Record Inserted !!
[2024-02-28T00:04:36.556+0000] {logging_mixin.py:151} INFO - Record Inserted !!
[2024-02-28T00:04:36.983+0000] {logging_mixin.py:151} INFO - Record Inserted !!
[2024-02-28T00:04:37.306+0000] {logging_mixin.py:151} INFO - Record Inserted !!
[2024-02-28T00:04:37.619+0000] {logging_mixin.py:151} INFO - Record Inserted !!
[2024-02-28T00:04:37.953+0000] {logging_mixin.py:151} INFO - Record Inserted !!
[2024-02-28T00:04:38.245+0000] {logging_mixin.py:151} INFO - Record Inserted !!
[2024-02-28T00:04:38.579+0000] {logging_mixin.py:151} INFO - Record Inserted !!
[2024-02-28T00:04:38.871+0000] {logging_mixin.py:151} INFO - Record Inserted !!
[2024-02-28T00:04:39.214+0000] {logging_mixin.py:151} INFO - Record Inserted !!
[2024-02-28T00:04:39.508+0000] {logging_mixin.py:151} INFO - Record Inserted !!
[2024-02-28T00:04:39.841+0000] {logging_mixin.py:151} INFO - Record Inserted !!
[2024-02-28T00:04:40.154+0000] {logging_mixin.py:151} INFO - Record Inserted !!
[2024-02-28T00:04:40.490+0000] {logging_mixin.py:151} INFO - Record Inserted !!
[2024-02-28T00:04:40.824+0000] {logging_mixin.py:151} INFO - Record Inserted !!
[2024-02-28T00:04:41.179+0000] {logging_mixin.py:151} INFO - Record Inserted !!
[2024-02-28T00:04:41.686+0000] {logging_mixin.py:151} INFO - Record Inserted !!
[2024-02-28T00:04:42.002+0000] {logging_mixin.py:151} INFO - Record Inserted !!
[2024-02-28T00:04:42.341+0000] {logging_mixin.py:151} INFO - Record Inserted !!
[2024-02-28T00:04:42.673+0000] {logging_mixin.py:151} INFO - Record Inserted !!
[2024-02-28T00:04:43.242+0000] {logging_mixin.py:151} INFO - Record Inserted !!
[2024-02-28T00:04:43.520+0000] {logging_mixin.py:151} INFO - Record Inserted !!
[2024-02-28T00:04:43.847+0000] {logging_mixin.py:151} INFO - Record Inserted !!
[2024-02-28T00:04:44.173+0000] {logging_mixin.py:151} INFO - Record Inserted !!
[2024-02-28T00:04:44.465+0000] {logging_mixin.py:151} INFO - Record Inserted !!
[2024-02-28T00:04:44.790+0000] {logging_mixin.py:151} INFO - Record Inserted !!
[2024-02-28T00:04:45.126+0000] {logging_mixin.py:151} INFO - Record Inserted !!
[2024-02-28T00:04:45.470+0000] {logging_mixin.py:151} INFO - Record Inserted !!
[2024-02-28T00:04:46.222+0000] {logging_mixin.py:151} INFO - Record Inserted !!
[2024-02-28T00:04:46.547+0000] {logging_mixin.py:151} INFO - Record Inserted !!
[2024-02-28T00:04:46.864+0000] {logging_mixin.py:151} INFO - Record Inserted !!
[2024-02-28T00:04:47.156+0000] {logging_mixin.py:151} INFO - Record Inserted !!
[2024-02-28T00:04:47.777+0000] {logging_mixin.py:151} INFO - Record Inserted !!
[2024-02-28T00:04:48.065+0000] {logging_mixin.py:151} INFO - Record Inserted !!
[2024-02-28T00:04:48.426+0000] {logging_mixin.py:151} INFO - Record Inserted !!
[2024-02-28T00:04:48.722+0000] {logging_mixin.py:151} INFO - Record Inserted !!
[2024-02-28T00:04:49.042+0000] {logging_mixin.py:151} INFO - Record Inserted !!
[2024-02-28T00:04:49.701+0000] {logging_mixin.py:151} INFO - Record Inserted !!
[2024-02-28T00:04:50.012+0000] {logging_mixin.py:151} INFO - Record Inserted !!
[2024-02-28T00:04:50.351+0000] {logging_mixin.py:151} INFO - Record Inserted !!
[2024-02-28T00:04:50.658+0000] {logging_mixin.py:151} INFO - Record Inserted !!
[2024-02-28T00:04:50.965+0000] {logging_mixin.py:151} INFO - Record Inserted !!
[2024-02-28T00:04:51.266+0000] {logging_mixin.py:151} INFO - Record Inserted !!
[2024-02-28T00:04:51.560+0000] {logging_mixin.py:151} INFO - Record Inserted !!
[2024-02-28T00:04:51.892+0000] {logging_mixin.py:151} INFO - Record Inserted !!
[2024-02-28T00:04:52.208+0000] {logging_mixin.py:151} INFO - Record Inserted !!
[2024-02-28T00:04:52.525+0000] {logging_mixin.py:151} INFO - Record Inserted !!
[2024-02-28T00:04:52.849+0000] {logging_mixin.py:151} INFO - Record Inserted !!
[2024-02-28T00:04:53.159+0000] {logging_mixin.py:151} INFO - Record Inserted !!
[2024-02-28T00:04:53.450+0000] {logging_mixin.py:151} INFO - Record Inserted !!
[2024-02-28T00:04:53.753+0000] {logging_mixin.py:151} INFO - Record Inserted !!
[2024-02-28T00:04:54.276+0000] {logging_mixin.py:151} INFO - Record Inserted !!
[2024-02-28T00:04:54.967+0000] {logging_mixin.py:151} INFO - Record Inserted !!
[2024-02-28T00:04:55.584+0000] {logging_mixin.py:151} INFO - Record Inserted !!
[2024-02-28T00:04:55.879+0000] {logging_mixin.py:151} INFO - Record Inserted !!
[2024-02-28T00:04:56.157+0000] {logging_mixin.py:151} INFO - Record Inserted !!
[2024-02-28T00:04:56.444+0000] {logging_mixin.py:151} INFO - Record Inserted !!
[2024-02-28T00:04:56.789+0000] {logging_mixin.py:151} INFO - Record Inserted !!
[2024-02-28T00:04:57.085+0000] {logging_mixin.py:151} INFO - Record Inserted !!
[2024-02-28T00:04:57.413+0000] {logging_mixin.py:151} INFO - Record Inserted !!
[2024-02-28T00:04:57.715+0000] {logging_mixin.py:151} INFO - Record Inserted !!
[2024-02-28T00:04:58.027+0000] {logging_mixin.py:151} INFO - Record Inserted !!
[2024-02-28T00:04:58.431+0000] {logging_mixin.py:151} INFO - Record Inserted !!
[2024-02-28T00:04:59.857+0000] {logging_mixin.py:151} INFO - Record Inserted !!
[2024-02-28T00:05:01.915+0000] {logging_mixin.py:151} INFO - Record Inserted !!
[2024-02-28T00:05:02.269+0000] {logging_mixin.py:151} INFO - Record Inserted !!
[2024-02-28T00:05:02.610+0000] {logging_mixin.py:151} INFO - Record Inserted !!
[2024-02-28T00:05:03.091+0000] {logging_mixin.py:151} INFO - Record Inserted !!
[2024-02-28T00:05:03.096+0000] {conn.py:919} INFO - <BrokerConnection node_id=1 host=broker:29092 <connected> [IPv4 ('172.18.0.8', 29092)]>: Closing connection. 
[2024-02-28T00:05:03.101+0000] {python.py:194} INFO - Done. Returned value was: None
[2024-02-28T00:05:03.161+0000] {taskinstance.py:1400} INFO - Marking task as SUCCESS. dag_id=user_automation, task_id=stream_data_from_api, execution_date=20240227T000000, start_date=20240228T000002, end_date=20240228T000503
[2024-02-28T00:05:03.297+0000] {local_task_job_runner.py:228} INFO - Task exited with return code 0
[2024-02-28T00:05:03.323+0000] {taskinstance.py:2784} INFO - 0 downstream tasks scheduled from follow-on schedule check
