[2024-01-27T05:46:23.752+0000] {taskinstance.py:1159} INFO - Dependencies all met for dep_context=non-requeueable deps ti=<TaskInstance: user_automation.stream_data_from_api manual__2024-01-27T05:45:54.565050+00:00 [queued]>
[2024-01-27T05:46:24.234+0000] {taskinstance.py:1159} INFO - Dependencies all met for dep_context=requeueable deps ti=<TaskInstance: user_automation.stream_data_from_api manual__2024-01-27T05:45:54.565050+00:00 [queued]>
[2024-01-27T05:46:24.334+0000] {taskinstance.py:1361} INFO - Starting attempt 1 of 1
[2024-01-27T05:46:24.595+0000] {taskinstance.py:1382} INFO - Executing <Task(PythonOperator): stream_data_from_api> on 2024-01-27 05:45:54.565050+00:00
[2024-01-27T05:46:25.099+0000] {standard_task_runner.py:57} INFO - Started process 87 to run task
[2024-01-27T05:46:25.363+0000] {standard_task_runner.py:84} INFO - Running: ['***', 'tasks', 'run', 'user_automation', 'stream_data_from_api', 'manual__2024-01-27T05:45:54.565050+00:00', '--job-id', '3', '--raw', '--subdir', 'DAGS_FOLDER/kafka_stream.py', '--cfg-path', '/tmp/tmp1na7gtpi']
[2024-01-27T05:46:25.421+0000] {standard_task_runner.py:85} INFO - Job 3: Subtask stream_data_from_api
[2024-01-27T05:46:25.753+0000] {task_command.py:415} INFO - Running <TaskInstance: user_automation.stream_data_from_api manual__2024-01-27T05:45:54.565050+00:00 [running]> on host 01c8c4768a7d
[2024-01-27T05:46:26.146+0000] {taskinstance.py:1660} INFO - Exporting env vars: AIRFLOW_CTX_DAG_OWNER='airscholar' AIRFLOW_CTX_DAG_ID='user_automation' AIRFLOW_CTX_TASK_ID='stream_data_from_api' AIRFLOW_CTX_EXECUTION_DATE='2024-01-27T05:45:54.565050+00:00' AIRFLOW_CTX_TRY_NUMBER='1' AIRFLOW_CTX_DAG_RUN_ID='manual__2024-01-27T05:45:54.565050+00:00'
[2024-01-27T05:46:26.501+0000] {conn.py:380} INFO - <BrokerConnection node_id=bootstrap-0 host=broker:29092 <connecting> [IPv4 ('172.23.0.8', 29092)]>: connecting to broker:29092 [('172.23.0.8', 29092) IPv4]
[2024-01-27T05:46:26.513+0000] {conn.py:1205} INFO - Probing node bootstrap-0 broker version
[2024-01-27T05:46:26.529+0000] {conn.py:410} INFO - <BrokerConnection node_id=bootstrap-0 host=broker:29092 <connecting> [IPv4 ('172.23.0.8', 29092)]>: Connection complete.
[2024-01-27T05:46:26.681+0000] {conn.py:1267} INFO - Broker version identified as 2.5.0
[2024-01-27T05:46:26.683+0000] {conn.py:1268} INFO - Set configuration api_version=(2, 5, 0) to skip auto check_version requests on startup
[2024-01-27T05:46:28.534+0000] {kafka_stream.py:58} ERROR - An error occured: Object of type UUID is not JSON serializable
[2024-01-27T05:46:29.866+0000] {kafka_stream.py:58} ERROR - An error occured: Object of type UUID is not JSON serializable
[2024-01-27T05:46:31.100+0000] {kafka_stream.py:58} ERROR - An error occured: Object of type UUID is not JSON serializable
[2024-01-27T05:46:32.483+0000] {kafka_stream.py:58} ERROR - An error occured: Object of type UUID is not JSON serializable
[2024-01-27T05:46:34.075+0000] {kafka_stream.py:58} ERROR - An error occured: Object of type UUID is not JSON serializable
[2024-01-27T05:46:36.400+0000] {kafka_stream.py:58} ERROR - An error occured: Object of type UUID is not JSON serializable
[2024-01-27T05:46:39.208+0000] {kafka_stream.py:58} ERROR - An error occured: Object of type UUID is not JSON serializable
[2024-01-27T05:46:41.435+0000] {kafka_stream.py:58} ERROR - An error occured: Object of type UUID is not JSON serializable
[2024-01-27T05:46:43.471+0000] {kafka_stream.py:58} ERROR - An error occured: Object of type UUID is not JSON serializable
[2024-01-27T05:46:45.307+0000] {kafka_stream.py:58} ERROR - An error occured: Object of type UUID is not JSON serializable
[2024-01-27T05:46:46.390+0000] {kafka_stream.py:58} ERROR - An error occured: Object of type UUID is not JSON serializable
[2024-01-27T05:46:49.756+0000] {kafka_stream.py:58} ERROR - An error occured: Object of type UUID is not JSON serializable
[2024-01-27T05:46:54.070+0000] {kafka_stream.py:58} ERROR - An error occured: Object of type UUID is not JSON serializable
[2024-01-27T05:46:55.443+0000] {kafka_stream.py:58} ERROR - An error occured: Object of type UUID is not JSON serializable
[2024-01-27T05:46:57.796+0000] {kafka_stream.py:58} ERROR - An error occured: Object of type UUID is not JSON serializable
[2024-01-27T05:46:59.165+0000] {kafka_stream.py:58} ERROR - An error occured: Object of type UUID is not JSON serializable
[2024-01-27T05:47:00.302+0000] {kafka_stream.py:58} ERROR - An error occured: Object of type UUID is not JSON serializable
[2024-01-27T05:47:01.601+0000] {kafka_stream.py:58} ERROR - An error occured: Object of type UUID is not JSON serializable
[2024-01-27T05:47:02.665+0000] {kafka_stream.py:58} ERROR - An error occured: Object of type UUID is not JSON serializable
[2024-01-27T05:47:04.271+0000] {kafka_stream.py:58} ERROR - An error occured: Object of type UUID is not JSON serializable
[2024-01-27T05:47:05.018+0000] {kafka_stream.py:58} ERROR - An error occured: Object of type UUID is not JSON serializable
[2024-01-27T05:47:05.611+0000] {kafka_stream.py:58} ERROR - An error occured: Object of type UUID is not JSON serializable
[2024-01-27T05:47:06.637+0000] {kafka_stream.py:58} ERROR - An error occured: Object of type UUID is not JSON serializable
[2024-01-27T05:47:08.689+0000] {kafka_stream.py:58} ERROR - An error occured: Object of type UUID is not JSON serializable
[2024-01-27T05:47:09.895+0000] {local_task_job_runner.py:294} WARNING - State of this instance has been externally set to failed. Terminating instance.
[2024-01-27T05:47:09.944+0000] {process_utils.py:131} INFO - Sending 15 to group 87. PIDs of all processes in the group: [87]
[2024-01-27T05:47:09.954+0000] {process_utils.py:86} INFO - Sending the signal 15 to group 87
[2024-01-27T05:47:09.967+0000] {taskinstance.py:1632} ERROR - Received SIGTERM. Terminating subprocesses.
[2024-01-27T05:47:09.998+0000] {kafka_stream.py:58} ERROR - An error occured: Task received SIGTERM signal
[2024-01-27T05:47:11.520+0000] {kafka_stream.py:58} ERROR - An error occured: Object of type UUID is not JSON serializable
[2024-01-27T05:47:12.307+0000] {kafka_stream.py:58} ERROR - An error occured: Object of type UUID is not JSON serializable
[2024-01-27T05:47:13.028+0000] {kafka_stream.py:58} ERROR - An error occured: Object of type UUID is not JSON serializable
[2024-01-27T05:47:13.922+0000] {kafka_stream.py:58} ERROR - An error occured: Object of type UUID is not JSON serializable
[2024-01-27T05:47:14.477+0000] {kafka_stream.py:58} ERROR - An error occured: Object of type UUID is not JSON serializable
[2024-01-27T05:47:15.017+0000] {kafka_stream.py:58} ERROR - An error occured: Object of type UUID is not JSON serializable
[2024-01-27T05:47:15.579+0000] {kafka_stream.py:58} ERROR - An error occured: Object of type UUID is not JSON serializable
[2024-01-27T05:47:16.144+0000] {kafka_stream.py:58} ERROR - An error occured: Object of type UUID is not JSON serializable
[2024-01-27T05:47:16.762+0000] {kafka_stream.py:58} ERROR - An error occured: Object of type UUID is not JSON serializable
[2024-01-27T05:47:17.364+0000] {kafka_stream.py:58} ERROR - An error occured: Object of type UUID is not JSON serializable
[2024-01-27T05:47:17.936+0000] {kafka_stream.py:58} ERROR - An error occured: Object of type UUID is not JSON serializable
[2024-01-27T05:47:18.525+0000] {kafka_stream.py:58} ERROR - An error occured: Object of type UUID is not JSON serializable
[2024-01-27T05:47:19.287+0000] {kafka_stream.py:58} ERROR - An error occured: Object of type UUID is not JSON serializable
[2024-01-27T05:47:19.886+0000] {kafka_stream.py:58} ERROR - An error occured: Object of type UUID is not JSON serializable
[2024-01-27T05:47:20.697+0000] {kafka_stream.py:58} ERROR - An error occured: Object of type UUID is not JSON serializable
[2024-01-27T05:47:22.037+0000] {kafka_stream.py:58} ERROR - An error occured: Object of type UUID is not JSON serializable
[2024-01-27T05:47:22.591+0000] {kafka_stream.py:58} ERROR - An error occured: Object of type UUID is not JSON serializable
[2024-01-27T05:47:23.182+0000] {kafka_stream.py:58} ERROR - An error occured: Object of type UUID is not JSON serializable
[2024-01-27T05:47:23.772+0000] {kafka_stream.py:58} ERROR - An error occured: Object of type UUID is not JSON serializable
[2024-01-27T05:47:24.394+0000] {kafka_stream.py:58} ERROR - An error occured: Object of type UUID is not JSON serializable
[2024-01-27T05:47:24.983+0000] {kafka_stream.py:58} ERROR - An error occured: Object of type UUID is not JSON serializable
[2024-01-27T05:47:25.814+0000] {kafka_stream.py:58} ERROR - An error occured: Object of type UUID is not JSON serializable
[2024-01-27T05:47:26.381+0000] {kafka_stream.py:58} ERROR - An error occured: Object of type UUID is not JSON serializable
[2024-01-27T05:47:27.006+0000] {kafka_stream.py:58} ERROR - An error occured: Object of type UUID is not JSON serializable
[2024-01-27T05:47:27.052+0000] {conn.py:919} INFO - <BrokerConnection node_id=bootstrap-0 host=broker:29092 <connected> [IPv4 ('172.23.0.8', 29092)]>: Closing connection. 
[2024-01-27T05:47:27.108+0000] {python.py:194} INFO - Done. Returned value was: None
[2024-01-27T05:47:28.220+0000] {taskinstance.py:1400} INFO - Marking task as SUCCESS. dag_id=user_automation, task_id=stream_data_from_api, execution_date=20240127T054554, start_date=20240127T054623, end_date=20240127T054728
[2024-01-27T05:47:29.512+0000] {process_utils.py:79} INFO - Process psutil.Process(pid=87, status='terminated', exitcode=0, started='05:46:24') (87) terminated with exit code 0
