[2024-02-26T16:04:29.424+0000] {taskinstance.py:1159} INFO - Dependencies all met for dep_context=non-requeueable deps ti=<TaskInstance: user_automation.stream_data_from_api scheduled__2024-02-25T00:00:00+00:00 [queued]>
[2024-02-26T16:04:29.431+0000] {taskinstance.py:1159} INFO - Dependencies all met for dep_context=requeueable deps ti=<TaskInstance: user_automation.stream_data_from_api scheduled__2024-02-25T00:00:00+00:00 [queued]>
[2024-02-26T16:04:29.432+0000] {taskinstance.py:1361} INFO - Starting attempt 1 of 1
[2024-02-26T16:04:29.443+0000] {taskinstance.py:1382} INFO - Executing <Task(PythonOperator): stream_data_from_api> on 2024-02-25 00:00:00+00:00
[2024-02-26T16:04:29.453+0000] {standard_task_runner.py:57} INFO - Started process 164 to run task
[2024-02-26T16:04:29.461+0000] {standard_task_runner.py:84} INFO - Running: ['***', 'tasks', 'run', 'user_automation', 'stream_data_from_api', 'scheduled__2024-02-25T00:00:00+00:00', '--job-id', '3', '--raw', '--subdir', 'DAGS_FOLDER/kafka_stream.py', '--cfg-path', '/tmp/tmpjvzt1wf8']
[2024-02-26T16:04:29.465+0000] {standard_task_runner.py:85} INFO - Job 3: Subtask stream_data_from_api
[2024-02-26T16:04:29.535+0000] {task_command.py:415} INFO - Running <TaskInstance: user_automation.stream_data_from_api scheduled__2024-02-25T00:00:00+00:00 [running]> on host 94f6b65a2c73
[2024-02-26T16:04:29.669+0000] {taskinstance.py:1660} INFO - Exporting env vars: AIRFLOW_CTX_DAG_OWNER='airscholar' AIRFLOW_CTX_DAG_ID='user_automation' AIRFLOW_CTX_TASK_ID='stream_data_from_api' AIRFLOW_CTX_EXECUTION_DATE='2024-02-25T00:00:00+00:00' AIRFLOW_CTX_TRY_NUMBER='1' AIRFLOW_CTX_DAG_RUN_ID='scheduled__2024-02-25T00:00:00+00:00'
[2024-02-26T16:04:29.847+0000] {conn.py:380} INFO - <BrokerConnection node_id=bootstrap-0 host=broker:29092 <connecting> [IPv4 ('172.18.0.8', 29092)]>: connecting to broker:29092 [('172.18.0.8', 29092) IPv4]
[2024-02-26T16:04:29.854+0000] {conn.py:1205} INFO - Probing node bootstrap-0 broker version
[2024-02-26T16:04:29.858+0000] {conn.py:410} INFO - <BrokerConnection node_id=bootstrap-0 host=broker:29092 <connecting> [IPv4 ('172.18.0.8', 29092)]>: Connection complete.
[2024-02-26T16:04:29.999+0000] {conn.py:1267} INFO - Broker version identified as 2.5.0
[2024-02-26T16:04:30.001+0000] {conn.py:1268} INFO - Set configuration api_version=(2, 5, 0) to skip auto check_version requests on startup
[2024-02-26T16:04:30.816+0000] {conn.py:380} INFO - <BrokerConnection node_id=1 host=broker:29092 <connecting> [IPv4 ('172.18.0.8', 29092)]>: connecting to broker:29092 [('172.18.0.8', 29092) IPv4]
[2024-02-26T16:04:30.820+0000] {conn.py:410} INFO - <BrokerConnection node_id=1 host=broker:29092 <connecting> [IPv4 ('172.18.0.8', 29092)]>: Connection complete.
[2024-02-26T16:04:30.821+0000] {conn.py:919} INFO - <BrokerConnection node_id=bootstrap-0 host=broker:29092 <connected> [IPv4 ('172.18.0.8', 29092)]>: Closing connection. 
[2024-02-26T16:04:30.987+0000] {logging_mixin.py:151} INFO - Record Inserted !!
[2024-02-26T16:04:31.667+0000] {logging_mixin.py:151} INFO - Record Inserted !!
[2024-02-26T16:04:31.985+0000] {logging_mixin.py:151} INFO - Record Inserted !!
[2024-02-26T16:04:32.326+0000] {logging_mixin.py:151} INFO - Record Inserted !!
[2024-02-26T16:04:32.675+0000] {logging_mixin.py:151} INFO - Record Inserted !!
[2024-02-26T16:04:33.038+0000] {logging_mixin.py:151} INFO - Record Inserted !!
[2024-02-26T16:04:33.443+0000] {logging_mixin.py:151} INFO - Record Inserted !!
[2024-02-26T16:04:33.760+0000] {logging_mixin.py:151} INFO - Record Inserted !!
[2024-02-26T16:04:34.082+0000] {logging_mixin.py:151} INFO - Record Inserted !!
[2024-02-26T16:04:34.439+0000] {logging_mixin.py:151} INFO - Record Inserted !!
[2024-02-26T16:04:37.346+0000] {logging_mixin.py:151} INFO - Record Inserted !!
[2024-02-26T16:04:38.028+0000] {logging_mixin.py:151} INFO - Record Inserted !!
[2024-02-26T16:04:38.346+0000] {logging_mixin.py:151} INFO - Record Inserted !!
[2024-02-26T16:04:38.641+0000] {logging_mixin.py:151} INFO - Record Inserted !!
[2024-02-26T16:04:38.948+0000] {logging_mixin.py:151} INFO - Record Inserted !!
[2024-02-26T16:04:39.290+0000] {logging_mixin.py:151} INFO - Record Inserted !!
[2024-02-26T16:04:39.693+0000] {logging_mixin.py:151} INFO - Record Inserted !!
[2024-02-26T16:04:40.103+0000] {logging_mixin.py:151} INFO - Record Inserted !!
[2024-02-26T16:04:40.792+0000] {logging_mixin.py:151} INFO - Record Inserted !!
[2024-02-26T16:04:41.078+0000] {logging_mixin.py:151} INFO - Record Inserted !!
[2024-02-26T16:04:41.446+0000] {logging_mixin.py:151} INFO - Record Inserted !!
[2024-02-26T16:04:41.798+0000] {logging_mixin.py:151} INFO - Record Inserted !!
[2024-02-26T16:04:42.125+0000] {logging_mixin.py:151} INFO - Record Inserted !!
[2024-02-26T16:04:42.436+0000] {logging_mixin.py:151} INFO - Record Inserted !!
[2024-02-26T16:04:42.741+0000] {logging_mixin.py:151} INFO - Record Inserted !!
[2024-02-26T16:04:43.121+0000] {logging_mixin.py:151} INFO - Record Inserted !!
[2024-02-26T16:04:43.531+0000] {logging_mixin.py:151} INFO - Record Inserted !!
[2024-02-26T16:04:43.970+0000] {logging_mixin.py:151} INFO - Record Inserted !!
[2024-02-26T16:04:44.417+0000] {logging_mixin.py:151} INFO - Record Inserted !!
[2024-02-26T16:04:44.722+0000] {logging_mixin.py:151} INFO - Record Inserted !!
[2024-02-26T16:04:45.026+0000] {logging_mixin.py:151} INFO - Record Inserted !!
[2024-02-26T16:04:45.347+0000] {logging_mixin.py:151} INFO - Record Inserted !!
[2024-02-26T16:04:45.980+0000] {logging_mixin.py:151} INFO - Record Inserted !!
[2024-02-26T16:04:46.387+0000] {logging_mixin.py:151} INFO - Record Inserted !!
[2024-02-26T16:04:47.048+0000] {logging_mixin.py:151} INFO - Record Inserted !!
[2024-02-26T16:04:47.340+0000] {logging_mixin.py:151} INFO - Record Inserted !!
[2024-02-26T16:04:47.659+0000] {logging_mixin.py:151} INFO - Record Inserted !!
[2024-02-26T16:04:47.967+0000] {logging_mixin.py:151} INFO - Record Inserted !!
[2024-02-26T16:04:48.287+0000] {logging_mixin.py:151} INFO - Record Inserted !!
[2024-02-26T16:04:48.901+0000] {logging_mixin.py:151} INFO - Record Inserted !!
[2024-02-26T16:04:49.293+0000] {logging_mixin.py:151} INFO - Record Inserted !!
[2024-02-26T16:04:49.576+0000] {logging_mixin.py:151} INFO - Record Inserted !!
[2024-02-26T16:04:49.897+0000] {logging_mixin.py:151} INFO - Record Inserted !!
[2024-02-26T16:04:50.239+0000] {logging_mixin.py:151} INFO - Record Inserted !!
[2024-02-26T16:04:50.590+0000] {logging_mixin.py:151} INFO - Record Inserted !!
[2024-02-26T16:04:50.924+0000] {logging_mixin.py:151} INFO - Record Inserted !!
[2024-02-26T16:04:51.259+0000] {logging_mixin.py:151} INFO - Record Inserted !!
[2024-02-26T16:04:51.601+0000] {logging_mixin.py:151} INFO - Record Inserted !!
[2024-02-26T16:04:51.921+0000] {logging_mixin.py:151} INFO - Record Inserted !!
[2024-02-26T16:04:52.225+0000] {logging_mixin.py:151} INFO - Record Inserted !!
[2024-02-26T16:04:52.579+0000] {logging_mixin.py:151} INFO - Record Inserted !!
[2024-02-26T16:04:52.923+0000] {logging_mixin.py:151} INFO - Record Inserted !!
[2024-02-26T16:04:53.290+0000] {logging_mixin.py:151} INFO - Record Inserted !!
[2024-02-26T16:04:53.588+0000] {logging_mixin.py:151} INFO - Record Inserted !!
[2024-02-26T16:04:53.929+0000] {logging_mixin.py:151} INFO - Record Inserted !!
[2024-02-26T16:04:54.275+0000] {logging_mixin.py:151} INFO - Record Inserted !!
[2024-02-26T16:04:54.578+0000] {logging_mixin.py:151} INFO - Record Inserted !!
[2024-02-26T16:04:54.922+0000] {logging_mixin.py:151} INFO - Record Inserted !!
[2024-02-26T16:04:56.240+0000] {logging_mixin.py:151} INFO - Record Inserted !!
[2024-02-26T16:04:56.951+0000] {logging_mixin.py:151} INFO - Record Inserted !!
[2024-02-26T16:04:57.262+0000] {logging_mixin.py:151} INFO - Record Inserted !!
[2024-02-26T16:04:57.625+0000] {logging_mixin.py:151} INFO - Record Inserted !!
[2024-02-26T16:04:57.949+0000] {logging_mixin.py:151} INFO - Record Inserted !!
[2024-02-26T16:04:58.321+0000] {logging_mixin.py:151} INFO - Record Inserted !!
[2024-02-26T16:04:58.995+0000] {logging_mixin.py:151} INFO - Record Inserted !!
[2024-02-26T16:04:59.342+0000] {logging_mixin.py:151} INFO - Record Inserted !!
[2024-02-26T16:04:59.643+0000] {logging_mixin.py:151} INFO - Record Inserted !!
[2024-02-26T16:05:00.038+0000] {logging_mixin.py:151} INFO - Record Inserted !!
[2024-02-26T16:05:00.531+0000] {logging_mixin.py:151} INFO - Record Inserted !!
[2024-02-26T16:05:01.518+0000] {logging_mixin.py:151} INFO - Record Inserted !!
[2024-02-26T16:05:02.503+0000] {logging_mixin.py:151} INFO - Record Inserted !!
[2024-02-26T16:05:03.233+0000] {logging_mixin.py:151} INFO - Record Inserted !!
[2024-02-26T16:05:03.909+0000] {logging_mixin.py:151} INFO - Record Inserted !!
[2024-02-26T16:05:04.269+0000] {logging_mixin.py:151} INFO - Record Inserted !!
[2024-02-26T16:05:05.506+0000] {logging_mixin.py:151} INFO - Record Inserted !!
[2024-02-26T16:05:05.864+0000] {logging_mixin.py:151} INFO - Record Inserted !!
[2024-02-26T16:05:06.288+0000] {logging_mixin.py:151} INFO - Record Inserted !!
[2024-02-26T16:05:06.612+0000] {logging_mixin.py:151} INFO - Record Inserted !!
[2024-02-26T16:05:07.102+0000] {logging_mixin.py:151} INFO - Record Inserted !!
[2024-02-26T16:05:07.513+0000] {logging_mixin.py:151} INFO - Record Inserted !!
[2024-02-26T16:05:07.930+0000] {logging_mixin.py:151} INFO - Record Inserted !!
[2024-02-26T16:05:08.217+0000] {logging_mixin.py:151} INFO - Record Inserted !!
[2024-02-26T16:05:08.876+0000] {logging_mixin.py:151} INFO - Record Inserted !!
[2024-02-26T16:05:09.382+0000] {logging_mixin.py:151} INFO - Record Inserted !!
[2024-02-26T16:05:10.004+0000] {logging_mixin.py:151} INFO - Record Inserted !!
[2024-02-26T16:05:11.137+0000] {logging_mixin.py:151} INFO - Record Inserted !!
[2024-02-26T16:05:11.484+0000] {logging_mixin.py:151} INFO - Record Inserted !!
[2024-02-26T16:05:11.895+0000] {logging_mixin.py:151} INFO - Record Inserted !!
[2024-02-26T16:05:12.291+0000] {logging_mixin.py:151} INFO - Record Inserted !!
[2024-02-26T16:05:12.606+0000] {logging_mixin.py:151} INFO - Record Inserted !!
[2024-02-26T16:05:12.908+0000] {logging_mixin.py:151} INFO - Record Inserted !!
[2024-02-26T16:05:13.248+0000] {logging_mixin.py:151} INFO - Record Inserted !!
[2024-02-26T16:05:13.578+0000] {logging_mixin.py:151} INFO - Record Inserted !!
[2024-02-26T16:05:13.919+0000] {logging_mixin.py:151} INFO - Record Inserted !!
[2024-02-26T16:05:14.264+0000] {logging_mixin.py:151} INFO - Record Inserted !!
[2024-02-26T16:05:14.564+0000] {logging_mixin.py:151} INFO - Record Inserted !!
[2024-02-26T16:05:15.470+0000] {logging_mixin.py:151} INFO - Record Inserted !!
[2024-02-26T16:05:15.850+0000] {logging_mixin.py:151} INFO - Record Inserted !!
[2024-02-26T16:05:16.640+0000] {logging_mixin.py:151} INFO - Record Inserted !!
[2024-02-26T16:05:16.964+0000] {logging_mixin.py:151} INFO - Record Inserted !!
[2024-02-26T16:05:17.318+0000] {logging_mixin.py:151} INFO - Record Inserted !!
[2024-02-26T16:05:17.658+0000] {logging_mixin.py:151} INFO - Record Inserted !!
[2024-02-26T16:05:18.203+0000] {logging_mixin.py:151} INFO - Record Inserted !!
[2024-02-26T16:05:18.537+0000] {logging_mixin.py:151} INFO - Record Inserted !!
[2024-02-26T16:05:18.854+0000] {logging_mixin.py:151} INFO - Record Inserted !!
[2024-02-26T16:05:19.184+0000] {logging_mixin.py:151} INFO - Record Inserted !!
[2024-02-26T16:05:19.534+0000] {logging_mixin.py:151} INFO - Record Inserted !!
[2024-02-26T16:05:19.826+0000] {logging_mixin.py:151} INFO - Record Inserted !!
[2024-02-26T16:05:22.638+0000] {logging_mixin.py:151} INFO - Record Inserted !!
[2024-02-26T16:05:22.982+0000] {logging_mixin.py:151} INFO - Record Inserted !!
[2024-02-26T16:05:23.360+0000] {logging_mixin.py:151} INFO - Record Inserted !!
[2024-02-26T16:05:23.675+0000] {logging_mixin.py:151} INFO - Record Inserted !!
[2024-02-26T16:05:23.992+0000] {logging_mixin.py:151} INFO - Record Inserted !!
[2024-02-26T16:05:24.305+0000] {logging_mixin.py:151} INFO - Record Inserted !!
[2024-02-26T16:05:24.710+0000] {logging_mixin.py:151} INFO - Record Inserted !!
[2024-02-26T16:05:25.015+0000] {logging_mixin.py:151} INFO - Record Inserted !!
[2024-02-26T16:05:25.335+0000] {logging_mixin.py:151} INFO - Record Inserted !!
[2024-02-26T16:05:25.657+0000] {logging_mixin.py:151} INFO - Record Inserted !!
[2024-02-26T16:05:25.970+0000] {logging_mixin.py:151} INFO - Record Inserted !!
[2024-02-26T16:05:26.266+0000] {logging_mixin.py:151} INFO - Record Inserted !!
[2024-02-26T16:05:26.697+0000] {logging_mixin.py:151} INFO - Record Inserted !!
[2024-02-26T16:05:27.113+0000] {logging_mixin.py:151} INFO - Record Inserted !!
[2024-02-26T16:05:27.523+0000] {logging_mixin.py:151} INFO - Record Inserted !!
[2024-02-26T16:05:27.855+0000] {logging_mixin.py:151} INFO - Record Inserted !!
[2024-02-26T16:05:28.245+0000] {logging_mixin.py:151} INFO - Record Inserted !!
[2024-02-26T16:05:28.665+0000] {logging_mixin.py:151} INFO - Record Inserted !!
[2024-02-26T16:05:28.979+0000] {logging_mixin.py:151} INFO - Record Inserted !!
[2024-02-26T16:05:29.661+0000] {logging_mixin.py:151} INFO - Record Inserted !!
[2024-02-26T16:05:30.046+0000] {logging_mixin.py:151} INFO - Record Inserted !!
[2024-02-26T16:05:30.342+0000] {logging_mixin.py:151} INFO - Record Inserted !!
[2024-02-26T16:05:30.664+0000] {logging_mixin.py:151} INFO - Record Inserted !!
[2024-02-26T16:05:30.960+0000] {logging_mixin.py:151} INFO - Record Inserted !!
[2024-02-26T16:05:31.243+0000] {logging_mixin.py:151} INFO - Record Inserted !!
[2024-02-26T16:05:31.509+0000] {logging_mixin.py:151} INFO - Record Inserted !!
[2024-02-26T16:05:31.874+0000] {logging_mixin.py:151} INFO - Record Inserted !!
[2024-02-26T16:05:32.225+0000] {logging_mixin.py:151} INFO - Record Inserted !!
[2024-02-26T16:05:32.534+0000] {logging_mixin.py:151} INFO - Record Inserted !!
[2024-02-26T16:05:32.861+0000] {logging_mixin.py:151} INFO - Record Inserted !!
[2024-02-26T16:05:33.213+0000] {logging_mixin.py:151} INFO - Record Inserted !!
[2024-02-26T16:05:33.618+0000] {logging_mixin.py:151} INFO - Record Inserted !!
[2024-02-26T16:05:33.922+0000] {logging_mixin.py:151} INFO - Record Inserted !!
[2024-02-26T16:05:34.283+0000] {logging_mixin.py:151} INFO - Record Inserted !!
[2024-02-26T16:05:34.632+0000] {logging_mixin.py:151} INFO - Record Inserted !!
[2024-02-26T16:05:34.977+0000] {logging_mixin.py:151} INFO - Record Inserted !!
[2024-02-26T16:05:35.294+0000] {logging_mixin.py:151} INFO - Record Inserted !!
[2024-02-26T16:05:35.635+0000] {logging_mixin.py:151} INFO - Record Inserted !!
[2024-02-26T16:05:35.943+0000] {logging_mixin.py:151} INFO - Record Inserted !!
[2024-02-26T16:05:36.233+0000] {logging_mixin.py:151} INFO - Record Inserted !!
[2024-02-26T16:05:36.586+0000] {logging_mixin.py:151} INFO - Record Inserted !!
[2024-02-26T16:05:36.949+0000] {logging_mixin.py:151} INFO - Record Inserted !!
[2024-02-26T16:05:37.605+0000] {logging_mixin.py:151} INFO - Record Inserted !!
[2024-02-26T16:05:37.942+0000] {logging_mixin.py:151} INFO - Record Inserted !!
[2024-02-26T16:05:38.279+0000] {logging_mixin.py:151} INFO - Record Inserted !!
[2024-02-26T16:05:38.574+0000] {logging_mixin.py:151} INFO - Record Inserted !!
[2024-02-26T16:05:38.879+0000] {logging_mixin.py:151} INFO - Record Inserted !!
[2024-02-26T16:05:39.174+0000] {logging_mixin.py:151} INFO - Record Inserted !!
[2024-02-26T16:05:39.494+0000] {logging_mixin.py:151} INFO - Record Inserted !!
[2024-02-26T16:05:39.849+0000] {logging_mixin.py:151} INFO - Record Inserted !!
[2024-02-26T16:05:40.248+0000] {logging_mixin.py:151} INFO - Record Inserted !!
[2024-02-26T16:05:40.608+0000] {logging_mixin.py:151} INFO - Record Inserted !!
[2024-02-26T16:05:41.294+0000] {logging_mixin.py:151} INFO - Record Inserted !!
[2024-02-26T16:05:41.649+0000] {logging_mixin.py:151} INFO - Record Inserted !!
[2024-02-26T16:05:41.991+0000] {logging_mixin.py:151} INFO - Record Inserted !!
[2024-02-26T16:05:42.318+0000] {logging_mixin.py:151} INFO - Record Inserted !!
[2024-02-26T16:05:42.719+0000] {logging_mixin.py:151} INFO - Record Inserted !!
[2024-02-26T16:05:43.129+0000] {logging_mixin.py:151} INFO - Record Inserted !!
[2024-02-26T16:05:43.598+0000] {logging_mixin.py:151} INFO - Record Inserted !!
[2024-02-26T16:05:45.159+0000] {logging_mixin.py:151} INFO - Record Inserted !!
[2024-02-26T16:05:45.510+0000] {logging_mixin.py:151} INFO - Record Inserted !!
[2024-02-26T16:05:45.779+0000] {logging_mixin.py:151} INFO - Record Inserted !!
[2024-02-26T16:05:46.075+0000] {logging_mixin.py:151} INFO - Record Inserted !!
[2024-02-26T16:05:46.453+0000] {logging_mixin.py:151} INFO - Record Inserted !!
[2024-02-26T16:05:46.861+0000] {logging_mixin.py:151} INFO - Record Inserted !!
[2024-02-26T16:05:47.185+0000] {logging_mixin.py:151} INFO - Record Inserted !!
[2024-02-26T16:05:47.859+0000] {logging_mixin.py:151} INFO - Record Inserted !!
[2024-02-26T16:05:48.276+0000] {logging_mixin.py:151} INFO - Record Inserted !!
[2024-02-26T16:05:48.653+0000] {logging_mixin.py:151} INFO - Record Inserted !!
[2024-02-26T16:05:49.042+0000] {logging_mixin.py:151} INFO - Record Inserted !!
[2024-02-26T16:05:49.352+0000] {logging_mixin.py:151} INFO - Record Inserted !!
[2024-02-26T16:05:51.708+0000] {logging_mixin.py:151} INFO - Record Inserted !!
[2024-02-26T16:05:52.061+0000] {logging_mixin.py:151} INFO - Record Inserted !!
[2024-02-26T16:05:52.406+0000] {logging_mixin.py:151} INFO - Record Inserted !!
[2024-02-26T16:05:52.796+0000] {logging_mixin.py:151} INFO - Record Inserted !!
[2024-02-26T16:05:53.204+0000] {logging_mixin.py:151} INFO - Record Inserted !!
[2024-02-26T16:05:53.626+0000] {logging_mixin.py:151} INFO - Record Inserted !!
[2024-02-26T16:05:54.340+0000] {logging_mixin.py:151} INFO - Record Inserted !!
[2024-02-26T16:05:54.663+0000] {logging_mixin.py:151} INFO - Record Inserted !!
[2024-02-26T16:05:54.998+0000] {logging_mixin.py:151} INFO - Record Inserted !!
[2024-02-26T16:05:55.365+0000] {logging_mixin.py:151} INFO - Record Inserted !!
[2024-02-26T16:05:55.687+0000] {logging_mixin.py:151} INFO - Record Inserted !!
[2024-02-26T16:05:56.002+0000] {logging_mixin.py:151} INFO - Record Inserted !!
[2024-02-26T16:05:56.691+0000] {logging_mixin.py:151} INFO - Record Inserted !!
[2024-02-26T16:05:56.966+0000] {logging_mixin.py:151} INFO - Record Inserted !!
[2024-02-26T16:05:57.310+0000] {logging_mixin.py:151} INFO - Record Inserted !!
[2024-02-26T16:05:57.629+0000] {logging_mixin.py:151} INFO - Record Inserted !!
[2024-02-26T16:05:57.972+0000] {logging_mixin.py:151} INFO - Record Inserted !!
[2024-02-26T16:05:58.545+0000] {logging_mixin.py:151} INFO - Record Inserted !!
[2024-02-26T16:05:58.891+0000] {logging_mixin.py:151} INFO - Record Inserted !!
[2024-02-26T16:05:59.507+0000] {logging_mixin.py:151} INFO - Record Inserted !!
[2024-02-26T16:05:59.866+0000] {logging_mixin.py:151} INFO - Record Inserted !!
[2024-02-26T16:06:00.200+0000] {logging_mixin.py:151} INFO - Record Inserted !!
[2024-02-26T16:06:00.646+0000] {logging_mixin.py:151} INFO - Record Inserted !!
[2024-02-26T16:06:01.024+0000] {logging_mixin.py:151} INFO - Record Inserted !!
[2024-02-26T16:06:01.530+0000] {logging_mixin.py:151} INFO - Record Inserted !!
[2024-02-26T16:06:01.935+0000] {logging_mixin.py:151} INFO - Record Inserted !!
[2024-02-26T16:06:02.305+0000] {logging_mixin.py:151} INFO - Record Inserted !!
[2024-02-26T16:06:02.788+0000] {logging_mixin.py:151} INFO - Record Inserted !!
[2024-02-26T16:06:03.086+0000] {logging_mixin.py:151} INFO - Record Inserted !!
[2024-02-26T16:06:03.400+0000] {logging_mixin.py:151} INFO - Record Inserted !!
[2024-02-26T16:06:03.743+0000] {logging_mixin.py:151} INFO - Record Inserted !!
[2024-02-26T16:06:04.044+0000] {logging_mixin.py:151} INFO - Record Inserted !!
[2024-02-26T16:06:04.342+0000] {logging_mixin.py:151} INFO - Record Inserted !!
[2024-02-26T16:06:04.687+0000] {logging_mixin.py:151} INFO - Record Inserted !!
[2024-02-26T16:06:05.048+0000] {logging_mixin.py:151} INFO - Record Inserted !!
[2024-02-26T16:06:05.827+0000] {logging_mixin.py:151} INFO - Record Inserted !!
[2024-02-26T16:06:06.113+0000] {logging_mixin.py:151} INFO - Record Inserted !!
[2024-02-26T16:06:06.411+0000] {logging_mixin.py:151} INFO - Record Inserted !!
[2024-02-26T16:06:07.073+0000] {logging_mixin.py:151} INFO - Record Inserted !!
[2024-02-26T16:06:07.473+0000] {logging_mixin.py:151} INFO - Record Inserted !!
[2024-02-26T16:06:07.780+0000] {logging_mixin.py:151} INFO - Record Inserted !!
[2024-02-26T16:06:08.154+0000] {logging_mixin.py:151} INFO - Record Inserted !!
[2024-02-26T16:06:08.496+0000] {logging_mixin.py:151} INFO - Record Inserted !!
[2024-02-26T16:06:08.789+0000] {logging_mixin.py:151} INFO - Record Inserted !!
[2024-02-26T16:06:09.391+0000] {logging_mixin.py:151} INFO - Record Inserted !!
[2024-02-26T16:06:09.701+0000] {logging_mixin.py:151} INFO - Record Inserted !!
[2024-02-26T16:06:10.066+0000] {logging_mixin.py:151} INFO - Record Inserted !!
[2024-02-26T16:06:10.472+0000] {logging_mixin.py:151} INFO - Record Inserted !!
[2024-02-26T16:06:10.887+0000] {logging_mixin.py:151} INFO - Record Inserted !!
[2024-02-26T16:06:11.246+0000] {logging_mixin.py:151} INFO - Record Inserted !!
[2024-02-26T16:06:11.614+0000] {logging_mixin.py:151} INFO - Record Inserted !!
[2024-02-26T16:06:11.947+0000] {logging_mixin.py:151} INFO - Record Inserted !!
[2024-02-26T16:06:12.681+0000] {logging_mixin.py:151} INFO - Record Inserted !!
[2024-02-26T16:06:13.079+0000] {logging_mixin.py:151} INFO - Record Inserted !!
[2024-02-26T16:06:13.808+0000] {logging_mixin.py:151} INFO - Record Inserted !!
[2024-02-26T16:06:14.229+0000] {logging_mixin.py:151} INFO - Record Inserted !!
[2024-02-26T16:06:14.574+0000] {logging_mixin.py:151} INFO - Record Inserted !!
[2024-02-26T16:06:14.946+0000] {logging_mixin.py:151} INFO - Record Inserted !!
[2024-02-26T16:06:15.333+0000] {logging_mixin.py:151} INFO - Record Inserted !!
[2024-02-26T16:06:15.681+0000] {logging_mixin.py:151} INFO - Record Inserted !!
[2024-02-26T16:06:16.104+0000] {logging_mixin.py:151} INFO - Record Inserted !!
[2024-02-26T16:06:16.511+0000] {logging_mixin.py:151} INFO - Record Inserted !!
[2024-02-26T16:06:16.920+0000] {logging_mixin.py:151} INFO - Record Inserted !!
[2024-02-26T16:06:17.603+0000] {logging_mixin.py:151} INFO - Record Inserted !!
[2024-02-26T16:06:17.968+0000] {logging_mixin.py:151} INFO - Record Inserted !!
[2024-02-26T16:06:18.313+0000] {logging_mixin.py:151} INFO - Record Inserted !!
[2024-02-26T16:06:18.695+0000] {logging_mixin.py:151} INFO - Record Inserted !!
[2024-02-26T16:06:19.039+0000] {logging_mixin.py:151} INFO - Record Inserted !!
[2024-02-26T16:06:19.364+0000] {logging_mixin.py:151} INFO - Record Inserted !!
[2024-02-26T16:06:19.733+0000] {logging_mixin.py:151} INFO - Record Inserted !!
[2024-02-26T16:06:20.357+0000] {logging_mixin.py:151} INFO - Record Inserted !!
[2024-02-26T16:06:20.745+0000] {logging_mixin.py:151} INFO - Record Inserted !!
[2024-02-26T16:06:21.088+0000] {logging_mixin.py:151} INFO - Record Inserted !!
[2024-02-26T16:06:21.417+0000] {logging_mixin.py:151} INFO - Record Inserted !!
[2024-02-26T16:06:22.092+0000] {logging_mixin.py:151} INFO - Record Inserted !!
[2024-02-26T16:06:22.498+0000] {logging_mixin.py:151} INFO - Record Inserted !!
[2024-02-26T16:06:22.859+0000] {logging_mixin.py:151} INFO - Record Inserted !!
[2024-02-26T16:06:23.149+0000] {logging_mixin.py:151} INFO - Record Inserted !!
[2024-02-26T16:06:23.442+0000] {logging_mixin.py:151} INFO - Record Inserted !!
[2024-02-26T16:06:23.740+0000] {logging_mixin.py:151} INFO - Record Inserted !!
[2024-02-26T16:06:24.115+0000] {logging_mixin.py:151} INFO - Record Inserted !!
[2024-02-26T16:06:24.472+0000] {logging_mixin.py:151} INFO - Record Inserted !!
[2024-02-26T16:06:24.778+0000] {logging_mixin.py:151} INFO - Record Inserted !!
[2024-02-26T16:06:25.081+0000] {logging_mixin.py:151} INFO - Record Inserted !!
[2024-02-26T16:06:25.404+0000] {logging_mixin.py:151} INFO - Record Inserted !!
[2024-02-26T16:06:25.935+0000] {logging_mixin.py:151} INFO - Record Inserted !!
[2024-02-26T16:06:26.274+0000] {logging_mixin.py:151} INFO - Record Inserted !!
[2024-02-26T16:06:26.630+0000] {logging_mixin.py:151} INFO - Record Inserted !!
[2024-02-26T16:06:26.985+0000] {logging_mixin.py:151} INFO - Record Inserted !!
[2024-02-26T16:06:27.407+0000] {logging_mixin.py:151} INFO - Record Inserted !!
[2024-02-26T16:06:27.706+0000] {logging_mixin.py:151} INFO - Record Inserted !!
[2024-02-26T16:06:28.032+0000] {logging_mixin.py:151} INFO - Record Inserted !!
[2024-02-26T16:06:28.329+0000] {logging_mixin.py:151} INFO - Record Inserted !!
[2024-02-26T16:06:28.711+0000] {logging_mixin.py:151} INFO - Record Inserted !!
[2024-02-26T16:06:29.053+0000] {logging_mixin.py:151} INFO - Record Inserted !!
[2024-02-26T16:06:29.398+0000] {logging_mixin.py:151} INFO - Record Inserted !!
[2024-02-26T16:06:29.736+0000] {logging_mixin.py:151} INFO - Record Inserted !!
[2024-02-26T16:06:30.090+0000] {logging_mixin.py:151} INFO - Record Inserted !!
[2024-02-26T16:06:30.410+0000] {logging_mixin.py:151} INFO - Record Inserted !!
[2024-02-26T16:06:30.771+0000] {logging_mixin.py:151} INFO - Record Inserted !!
[2024-02-26T16:06:31.121+0000] {logging_mixin.py:151} INFO - Record Inserted !!
[2024-02-26T16:06:31.479+0000] {logging_mixin.py:151} INFO - Record Inserted !!
[2024-02-26T16:06:31.835+0000] {logging_mixin.py:151} INFO - Record Inserted !!
[2024-02-26T16:06:32.210+0000] {logging_mixin.py:151} INFO - Record Inserted !!
[2024-02-26T16:06:32.555+0000] {logging_mixin.py:151} INFO - Record Inserted !!
[2024-02-26T16:06:32.918+0000] {logging_mixin.py:151} INFO - Record Inserted !!
[2024-02-26T16:06:33.288+0000] {logging_mixin.py:151} INFO - Record Inserted !!
[2024-02-26T16:06:33.659+0000] {logging_mixin.py:151} INFO - Record Inserted !!
[2024-02-26T16:06:34.057+0000] {logging_mixin.py:151} INFO - Record Inserted !!
[2024-02-26T16:06:34.839+0000] {logging_mixin.py:151} INFO - Record Inserted !!
[2024-02-26T16:06:35.180+0000] {logging_mixin.py:151} INFO - Record Inserted !!
[2024-02-26T16:06:35.523+0000] {logging_mixin.py:151} INFO - Record Inserted !!
[2024-02-26T16:06:35.866+0000] {logging_mixin.py:151} INFO - Record Inserted !!
[2024-02-26T16:06:36.193+0000] {logging_mixin.py:151} INFO - Record Inserted !!
[2024-02-26T16:06:36.541+0000] {logging_mixin.py:151} INFO - Record Inserted !!
[2024-02-26T16:06:37.719+0000] {logging_mixin.py:151} INFO - Record Inserted !!
[2024-02-26T16:06:38.039+0000] {logging_mixin.py:151} INFO - Record Inserted !!
[2024-02-26T16:06:38.614+0000] {logging_mixin.py:151} INFO - Record Inserted !!
[2024-02-26T16:06:39.067+0000] {logging_mixin.py:151} INFO - Record Inserted !!
[2024-02-26T16:06:39.406+0000] {logging_mixin.py:151} INFO - Record Inserted !!
[2024-02-26T16:06:39.734+0000] {logging_mixin.py:151} INFO - Record Inserted !!
[2024-02-26T16:06:40.108+0000] {logging_mixin.py:151} INFO - Record Inserted !!
[2024-02-26T16:06:40.845+0000] {logging_mixin.py:151} INFO - Record Inserted !!
[2024-02-26T16:06:41.266+0000] {logging_mixin.py:151} INFO - Record Inserted !!
[2024-02-26T16:06:41.600+0000] {logging_mixin.py:151} INFO - Record Inserted !!
[2024-02-26T16:06:41.978+0000] {logging_mixin.py:151} INFO - Record Inserted !!
[2024-02-26T16:06:42.433+0000] {logging_mixin.py:151} INFO - Record Inserted !!
[2024-02-26T16:06:42.797+0000] {logging_mixin.py:151} INFO - Record Inserted !!
[2024-02-26T16:06:43.156+0000] {logging_mixin.py:151} INFO - Record Inserted !!
[2024-02-26T16:06:43.554+0000] {logging_mixin.py:151} INFO - Record Inserted !!
[2024-02-26T16:06:43.942+0000] {logging_mixin.py:151} INFO - Record Inserted !!
[2024-02-26T16:06:44.318+0000] {logging_mixin.py:151} INFO - Record Inserted !!
[2024-02-26T16:06:44.650+0000] {logging_mixin.py:151} INFO - Record Inserted !!
[2024-02-26T16:06:44.989+0000] {logging_mixin.py:151} INFO - Record Inserted !!
[2024-02-26T16:06:45.289+0000] {logging_mixin.py:151} INFO - Record Inserted !!
[2024-02-26T16:06:45.634+0000] {logging_mixin.py:151} INFO - Record Inserted !!
[2024-02-26T16:06:45.991+0000] {logging_mixin.py:151} INFO - Record Inserted !!
[2024-02-26T16:06:46.432+0000] {logging_mixin.py:151} INFO - Record Inserted !!
[2024-02-26T16:06:46.806+0000] {logging_mixin.py:151} INFO - Record Inserted !!
[2024-02-26T16:06:47.081+0000] {logging_mixin.py:151} INFO - Record Inserted !!
[2024-02-26T16:06:47.424+0000] {logging_mixin.py:151} INFO - Record Inserted !!
[2024-02-26T16:06:47.822+0000] {logging_mixin.py:151} INFO - Record Inserted !!
[2024-02-26T16:06:48.453+0000] {logging_mixin.py:151} INFO - Record Inserted !!
[2024-02-26T16:06:48.780+0000] {logging_mixin.py:151} INFO - Record Inserted !!
[2024-02-26T16:06:49.060+0000] {logging_mixin.py:151} INFO - Record Inserted !!
[2024-02-26T16:06:49.374+0000] {logging_mixin.py:151} INFO - Record Inserted !!
[2024-02-26T16:06:50.008+0000] {logging_mixin.py:151} INFO - Record Inserted !!
[2024-02-26T16:06:50.317+0000] {logging_mixin.py:151} INFO - Record Inserted !!
[2024-02-26T16:06:50.688+0000] {logging_mixin.py:151} INFO - Record Inserted !!
[2024-02-26T16:06:51.029+0000] {logging_mixin.py:151} INFO - Record Inserted !!
[2024-02-26T16:06:51.353+0000] {logging_mixin.py:151} INFO - Record Inserted !!
[2024-02-26T16:06:51.690+0000] {logging_mixin.py:151} INFO - Record Inserted !!
[2024-02-26T16:06:52.047+0000] {logging_mixin.py:151} INFO - Record Inserted !!
[2024-02-26T16:06:52.361+0000] {logging_mixin.py:151} INFO - Record Inserted !!
[2024-02-26T16:06:52.794+0000] {logging_mixin.py:151} INFO - Record Inserted !!
[2024-02-26T16:06:53.218+0000] {logging_mixin.py:151} INFO - Record Inserted !!
[2024-02-26T16:06:53.609+0000] {logging_mixin.py:151} INFO - Record Inserted !!
[2024-02-26T16:06:54.009+0000] {logging_mixin.py:151} INFO - Record Inserted !!
[2024-02-26T16:06:54.354+0000] {logging_mixin.py:151} INFO - Record Inserted !!
[2024-02-26T16:06:54.687+0000] {logging_mixin.py:151} INFO - Record Inserted !!
[2024-02-26T16:06:55.024+0000] {logging_mixin.py:151} INFO - Record Inserted !!
[2024-02-26T16:06:55.390+0000] {logging_mixin.py:151} INFO - Record Inserted !!
[2024-02-26T16:06:55.700+0000] {logging_mixin.py:151} INFO - Record Inserted !!
[2024-02-26T16:06:56.500+0000] {logging_mixin.py:151} INFO - Record Inserted !!
[2024-02-26T16:06:56.825+0000] {logging_mixin.py:151} INFO - Record Inserted !!
[2024-02-26T16:06:57.132+0000] {logging_mixin.py:151} INFO - Record Inserted !!
[2024-02-26T16:06:57.474+0000] {logging_mixin.py:151} INFO - Record Inserted !!
[2024-02-26T16:06:57.767+0000] {logging_mixin.py:151} INFO - Record Inserted !!
[2024-02-26T16:06:58.448+0000] {logging_mixin.py:151} INFO - Record Inserted !!
[2024-02-26T16:06:58.790+0000] {logging_mixin.py:151} INFO - Record Inserted !!
[2024-02-26T16:06:59.131+0000] {logging_mixin.py:151} INFO - Record Inserted !!
[2024-02-26T16:06:59.771+0000] {logging_mixin.py:151} INFO - Record Inserted !!
[2024-02-26T16:07:00.089+0000] {logging_mixin.py:151} INFO - Record Inserted !!
[2024-02-26T16:07:00.592+0000] {logging_mixin.py:151} INFO - Record Inserted !!
[2024-02-26T16:07:01.004+0000] {logging_mixin.py:151} INFO - Record Inserted !!
[2024-02-26T16:07:01.370+0000] {logging_mixin.py:151} INFO - Record Inserted !!
[2024-02-26T16:07:01.754+0000] {logging_mixin.py:151} INFO - Record Inserted !!
[2024-02-26T16:07:02.334+0000] {logging_mixin.py:151} INFO - Record Inserted !!
[2024-02-26T16:07:02.685+0000] {logging_mixin.py:151} INFO - Record Inserted !!
[2024-02-26T16:07:03.028+0000] {logging_mixin.py:151} INFO - Record Inserted !!
[2024-02-26T16:07:03.997+0000] {logging_mixin.py:151} INFO - Record Inserted !!
[2024-02-26T16:07:04.629+0000] {logging_mixin.py:151} INFO - Record Inserted !!
[2024-02-26T16:07:04.980+0000] {logging_mixin.py:151} INFO - Record Inserted !!
[2024-02-26T16:07:05.340+0000] {logging_mixin.py:151} INFO - Record Inserted !!
[2024-02-26T16:07:05.689+0000] {logging_mixin.py:151} INFO - Record Inserted !!
[2024-02-26T16:07:06.032+0000] {logging_mixin.py:151} INFO - Record Inserted !!
[2024-02-26T16:07:06.348+0000] {logging_mixin.py:151} INFO - Record Inserted !!
[2024-02-26T16:07:07.021+0000] {logging_mixin.py:151} INFO - Record Inserted !!
[2024-02-26T16:07:07.396+0000] {logging_mixin.py:151} INFO - Record Inserted !!
[2024-02-26T16:07:07.721+0000] {logging_mixin.py:151} INFO - Record Inserted !!
[2024-02-26T16:07:08.029+0000] {logging_mixin.py:151} INFO - Record Inserted !!
[2024-02-26T16:07:08.356+0000] {logging_mixin.py:151} INFO - Record Inserted !!
[2024-02-26T16:07:08.657+0000] {logging_mixin.py:151} INFO - Record Inserted !!
[2024-02-26T16:07:09.416+0000] {logging_mixin.py:151} INFO - Record Inserted !!
[2024-02-26T16:07:10.219+0000] {logging_mixin.py:151} INFO - Record Inserted !!
[2024-02-26T16:07:10.871+0000] {logging_mixin.py:151} INFO - Record Inserted !!
[2024-02-26T16:07:11.449+0000] {logging_mixin.py:151} INFO - Record Inserted !!
[2024-02-26T16:07:11.779+0000] {logging_mixin.py:151} INFO - Record Inserted !!
[2024-02-26T16:07:12.113+0000] {logging_mixin.py:151} INFO - Record Inserted !!
[2024-02-26T16:07:12.462+0000] {logging_mixin.py:151} INFO - Record Inserted !!
[2024-02-26T16:07:13.117+0000] {logging_mixin.py:151} INFO - Record Inserted !!
[2024-02-26T16:07:13.426+0000] {logging_mixin.py:151} INFO - Record Inserted !!
[2024-02-26T16:07:13.765+0000] {logging_mixin.py:151} INFO - Record Inserted !!
[2024-02-26T16:07:14.048+0000] {logging_mixin.py:151} INFO - Record Inserted !!
[2024-02-26T16:07:14.777+0000] {logging_mixin.py:151} INFO - Record Inserted !!
[2024-02-26T16:07:15.072+0000] {logging_mixin.py:151} INFO - Record Inserted !!
[2024-02-26T16:07:15.432+0000] {logging_mixin.py:151} INFO - Record Inserted !!
[2024-02-26T16:07:16.076+0000] {logging_mixin.py:151} INFO - Record Inserted !!
[2024-02-26T16:07:16.696+0000] {logging_mixin.py:151} INFO - Record Inserted !!
[2024-02-26T16:07:17.084+0000] {logging_mixin.py:151} INFO - Record Inserted !!
[2024-02-26T16:07:17.409+0000] {logging_mixin.py:151} INFO - Record Inserted !!
[2024-02-26T16:07:17.743+0000] {logging_mixin.py:151} INFO - Record Inserted !!
[2024-02-26T16:07:18.078+0000] {logging_mixin.py:151} INFO - Record Inserted !!
[2024-02-26T16:07:18.406+0000] {logging_mixin.py:151} INFO - Record Inserted !!
[2024-02-26T16:07:18.766+0000] {logging_mixin.py:151} INFO - Record Inserted !!
[2024-02-26T16:07:19.230+0000] {logging_mixin.py:151} INFO - Record Inserted !!
[2024-02-26T16:07:19.631+0000] {logging_mixin.py:151} INFO - Record Inserted !!
[2024-02-26T16:07:20.016+0000] {logging_mixin.py:151} INFO - Record Inserted !!
[2024-02-26T16:07:20.397+0000] {logging_mixin.py:151} INFO - Record Inserted !!
[2024-02-26T16:07:20.722+0000] {logging_mixin.py:151} INFO - Record Inserted !!
[2024-02-26T16:07:21.027+0000] {logging_mixin.py:151} INFO - Record Inserted !!
[2024-02-26T16:07:21.386+0000] {logging_mixin.py:151} INFO - Record Inserted !!
[2024-02-26T16:07:21.717+0000] {logging_mixin.py:151} INFO - Record Inserted !!
[2024-02-26T16:07:22.049+0000] {logging_mixin.py:151} INFO - Record Inserted !!
[2024-02-26T16:07:22.381+0000] {logging_mixin.py:151} INFO - Record Inserted !!
[2024-02-26T16:07:22.695+0000] {logging_mixin.py:151} INFO - Record Inserted !!
[2024-02-26T16:07:23.108+0000] {logging_mixin.py:151} INFO - Record Inserted !!
[2024-02-26T16:07:23.422+0000] {logging_mixin.py:151} INFO - Record Inserted !!
[2024-02-26T16:07:23.761+0000] {logging_mixin.py:151} INFO - Record Inserted !!
[2024-02-26T16:07:24.095+0000] {logging_mixin.py:151} INFO - Record Inserted !!
[2024-02-26T16:07:24.409+0000] {logging_mixin.py:151} INFO - Record Inserted !!
[2024-02-26T16:07:24.750+0000] {logging_mixin.py:151} INFO - Record Inserted !!
[2024-02-26T16:07:25.068+0000] {logging_mixin.py:151} INFO - Record Inserted !!
[2024-02-26T16:07:25.474+0000] {logging_mixin.py:151} INFO - Record Inserted !!
[2024-02-26T16:07:25.839+0000] {logging_mixin.py:151} INFO - Record Inserted !!
[2024-02-26T16:07:26.206+0000] {logging_mixin.py:151} INFO - Record Inserted !!
[2024-02-26T16:07:26.554+0000] {logging_mixin.py:151} INFO - Record Inserted !!
[2024-02-26T16:07:26.852+0000] {logging_mixin.py:151} INFO - Record Inserted !!
[2024-02-26T16:07:27.128+0000] {logging_mixin.py:151} INFO - Record Inserted !!
[2024-02-26T16:07:27.727+0000] {logging_mixin.py:151} INFO - Record Inserted !!
[2024-02-26T16:07:28.263+0000] {logging_mixin.py:151} INFO - Record Inserted !!
[2024-02-26T16:07:28.606+0000] {logging_mixin.py:151} INFO - Record Inserted !!
[2024-02-26T16:07:28.929+0000] {logging_mixin.py:151} INFO - Record Inserted !!
[2024-02-26T16:07:29.262+0000] {logging_mixin.py:151} INFO - Record Inserted !!
[2024-02-26T16:07:29.553+0000] {logging_mixin.py:151} INFO - Record Inserted !!
[2024-02-26T16:07:29.847+0000] {logging_mixin.py:151} INFO - Record Inserted !!
[2024-02-26T16:07:30.162+0000] {logging_mixin.py:151} INFO - Record Inserted !!
[2024-02-26T16:07:30.482+0000] {logging_mixin.py:151} INFO - Record Inserted !!
[2024-02-26T16:07:30.799+0000] {logging_mixin.py:151} INFO - Record Inserted !!
[2024-02-26T16:07:31.087+0000] {logging_mixin.py:151} INFO - Record Inserted !!
[2024-02-26T16:07:31.472+0000] {logging_mixin.py:151} INFO - Record Inserted !!
[2024-02-26T16:07:31.809+0000] {logging_mixin.py:151} INFO - Record Inserted !!
[2024-02-26T16:07:32.129+0000] {logging_mixin.py:151} INFO - Record Inserted !!
[2024-02-26T16:07:32.733+0000] {logging_mixin.py:151} INFO - Record Inserted !!
[2024-02-26T16:07:33.842+0000] {logging_mixin.py:151} INFO - Record Inserted !!
[2024-02-26T16:07:34.215+0000] {logging_mixin.py:151} INFO - Record Inserted !!
[2024-02-26T16:07:34.813+0000] {logging_mixin.py:151} INFO - Record Inserted !!
[2024-02-26T16:07:35.083+0000] {logging_mixin.py:151} INFO - Record Inserted !!
[2024-02-26T16:07:35.385+0000] {logging_mixin.py:151} INFO - Record Inserted !!
[2024-02-26T16:07:35.707+0000] {logging_mixin.py:151} INFO - Record Inserted !!
[2024-02-26T16:07:36.071+0000] {logging_mixin.py:151} INFO - Record Inserted !!
[2024-02-26T16:07:36.397+0000] {logging_mixin.py:151} INFO - Record Inserted !!
[2024-02-26T16:07:36.717+0000] {logging_mixin.py:151} INFO - Record Inserted !!
[2024-02-26T16:07:37.041+0000] {logging_mixin.py:151} INFO - Record Inserted !!
[2024-02-26T16:07:37.315+0000] {logging_mixin.py:151} INFO - Record Inserted !!
[2024-02-26T16:07:37.653+0000] {logging_mixin.py:151} INFO - Record Inserted !!
[2024-02-26T16:07:37.931+0000] {logging_mixin.py:151} INFO - Record Inserted !!
[2024-02-26T16:07:38.275+0000] {logging_mixin.py:151} INFO - Record Inserted !!
[2024-02-26T16:07:38.583+0000] {logging_mixin.py:151} INFO - Record Inserted !!
[2024-02-26T16:07:38.882+0000] {logging_mixin.py:151} INFO - Record Inserted !!
[2024-02-26T16:07:39.179+0000] {logging_mixin.py:151} INFO - Record Inserted !!
[2024-02-26T16:07:39.491+0000] {logging_mixin.py:151} INFO - Record Inserted !!
[2024-02-26T16:07:40.183+0000] {logging_mixin.py:151} INFO - Record Inserted !!
[2024-02-26T16:07:40.502+0000] {logging_mixin.py:151} INFO - Record Inserted !!
[2024-02-26T16:07:40.807+0000] {logging_mixin.py:151} INFO - Record Inserted !!
[2024-02-26T16:07:41.085+0000] {logging_mixin.py:151} INFO - Record Inserted !!
[2024-02-26T16:07:41.400+0000] {logging_mixin.py:151} INFO - Record Inserted !!
[2024-02-26T16:07:41.773+0000] {logging_mixin.py:151} INFO - Record Inserted !!
[2024-02-26T16:07:42.091+0000] {logging_mixin.py:151} INFO - Record Inserted !!
[2024-02-26T16:07:42.427+0000] {logging_mixin.py:151} INFO - Record Inserted !!
[2024-02-26T16:07:42.773+0000] {logging_mixin.py:151} INFO - Record Inserted !!
[2024-02-26T16:07:43.456+0000] {logging_mixin.py:151} INFO - Record Inserted !!
[2024-02-26T16:07:43.859+0000] {logging_mixin.py:151} INFO - Record Inserted !!
[2024-02-26T16:07:44.192+0000] {logging_mixin.py:151} INFO - Record Inserted !!
[2024-02-26T16:07:44.474+0000] {logging_mixin.py:151} INFO - Record Inserted !!
[2024-02-26T16:07:44.813+0000] {logging_mixin.py:151} INFO - Record Inserted !!
[2024-02-26T16:07:45.844+0000] {logging_mixin.py:151} INFO - Record Inserted !!
[2024-02-26T16:07:46.172+0000] {logging_mixin.py:151} INFO - Record Inserted !!
[2024-02-26T16:07:46.498+0000] {logging_mixin.py:151} INFO - Record Inserted !!
[2024-02-26T16:07:46.784+0000] {logging_mixin.py:151} INFO - Record Inserted !!
[2024-02-26T16:07:47.103+0000] {logging_mixin.py:151} INFO - Record Inserted !!
[2024-02-26T16:07:47.704+0000] {logging_mixin.py:151} INFO - Record Inserted !!
[2024-02-26T16:07:48.036+0000] {logging_mixin.py:151} INFO - Record Inserted !!
[2024-02-26T16:07:48.340+0000] {logging_mixin.py:151} INFO - Record Inserted !!
[2024-02-26T16:07:49.028+0000] {logging_mixin.py:151} INFO - Record Inserted !!
[2024-02-26T16:07:49.327+0000] {logging_mixin.py:151} INFO - Record Inserted !!
[2024-02-26T16:07:49.656+0000] {logging_mixin.py:151} INFO - Record Inserted !!
[2024-02-26T16:07:49.984+0000] {logging_mixin.py:151} INFO - Record Inserted !!
[2024-02-26T16:07:50.437+0000] {logging_mixin.py:151} INFO - Record Inserted !!
[2024-02-26T16:07:50.801+0000] {logging_mixin.py:151} INFO - Record Inserted !!
[2024-02-26T16:07:51.130+0000] {logging_mixin.py:151} INFO - Record Inserted !!
[2024-02-26T16:07:51.582+0000] {logging_mixin.py:151} INFO - Record Inserted !!
[2024-02-26T16:07:51.940+0000] {logging_mixin.py:151} INFO - Record Inserted !!
[2024-02-26T16:07:52.348+0000] {logging_mixin.py:151} INFO - Record Inserted !!
[2024-02-26T16:07:52.676+0000] {logging_mixin.py:151} INFO - Record Inserted !!
[2024-02-26T16:07:53.083+0000] {logging_mixin.py:151} INFO - Record Inserted !!
[2024-02-26T16:07:53.439+0000] {logging_mixin.py:151} INFO - Record Inserted !!
[2024-02-26T16:07:53.885+0000] {logging_mixin.py:151} INFO - Record Inserted !!
[2024-02-26T16:07:54.189+0000] {logging_mixin.py:151} INFO - Record Inserted !!
[2024-02-26T16:07:54.540+0000] {logging_mixin.py:151} INFO - Record Inserted !!
[2024-02-26T16:07:54.835+0000] {logging_mixin.py:151} INFO - Record Inserted !!
[2024-02-26T16:07:55.197+0000] {logging_mixin.py:151} INFO - Record Inserted !!
[2024-02-26T16:07:55.528+0000] {logging_mixin.py:151} INFO - Record Inserted !!
[2024-02-26T16:07:55.858+0000] {logging_mixin.py:151} INFO - Record Inserted !!
[2024-02-26T16:07:56.463+0000] {logging_mixin.py:151} INFO - Record Inserted !!
[2024-02-26T16:07:57.140+0000] {logging_mixin.py:151} INFO - Record Inserted !!
[2024-02-26T16:07:57.488+0000] {logging_mixin.py:151} INFO - Record Inserted !!
[2024-02-26T16:07:57.891+0000] {logging_mixin.py:151} INFO - Record Inserted !!
[2024-02-26T16:07:58.277+0000] {logging_mixin.py:151} INFO - Record Inserted !!
[2024-02-26T16:07:58.590+0000] {logging_mixin.py:151} INFO - Record Inserted !!
[2024-02-26T16:07:58.961+0000] {logging_mixin.py:151} INFO - Record Inserted !!
[2024-02-26T16:07:59.297+0000] {logging_mixin.py:151} INFO - Record Inserted !!
[2024-02-26T16:07:59.625+0000] {logging_mixin.py:151} INFO - Record Inserted !!
[2024-02-26T16:07:59.970+0000] {logging_mixin.py:151} INFO - Record Inserted !!
[2024-02-26T16:08:00.459+0000] {logging_mixin.py:151} INFO - Record Inserted !!
[2024-02-26T16:08:00.831+0000] {logging_mixin.py:151} INFO - Record Inserted !!
[2024-02-26T16:08:01.218+0000] {logging_mixin.py:151} INFO - Record Inserted !!
[2024-02-26T16:08:01.615+0000] {logging_mixin.py:151} INFO - Record Inserted !!
[2024-02-26T16:08:02.011+0000] {logging_mixin.py:151} INFO - Record Inserted !!
[2024-02-26T16:08:02.888+0000] {logging_mixin.py:151} INFO - Record Inserted !!
[2024-02-26T16:08:03.287+0000] {logging_mixin.py:151} INFO - Record Inserted !!
[2024-02-26T16:08:03.638+0000] {logging_mixin.py:151} INFO - Record Inserted !!
[2024-02-26T16:08:03.956+0000] {logging_mixin.py:151} INFO - Record Inserted !!
[2024-02-26T16:08:04.251+0000] {logging_mixin.py:151} INFO - Record Inserted !!
[2024-02-26T16:08:04.615+0000] {logging_mixin.py:151} INFO - Record Inserted !!
[2024-02-26T16:08:04.970+0000] {logging_mixin.py:151} INFO - Record Inserted !!
[2024-02-26T16:08:05.285+0000] {logging_mixin.py:151} INFO - Record Inserted !!
[2024-02-26T16:08:05.580+0000] {logging_mixin.py:151} INFO - Record Inserted !!
[2024-02-26T16:08:05.876+0000] {logging_mixin.py:151} INFO - Record Inserted !!
[2024-02-26T16:08:06.213+0000] {logging_mixin.py:151} INFO - Record Inserted !!
[2024-02-26T16:08:06.514+0000] {logging_mixin.py:151} INFO - Record Inserted !!
[2024-02-26T16:08:06.826+0000] {logging_mixin.py:151} INFO - Record Inserted !!
[2024-02-26T16:08:07.155+0000] {logging_mixin.py:151} INFO - Record Inserted !!
[2024-02-26T16:08:07.514+0000] {logging_mixin.py:151} INFO - Record Inserted !!
[2024-02-26T16:08:07.870+0000] {logging_mixin.py:151} INFO - Record Inserted !!
[2024-02-26T16:08:08.224+0000] {logging_mixin.py:151} INFO - Record Inserted !!
[2024-02-26T16:08:08.670+0000] {logging_mixin.py:151} INFO - Record Inserted !!
[2024-02-26T16:08:09.006+0000] {logging_mixin.py:151} INFO - Record Inserted !!
[2024-02-26T16:08:09.379+0000] {logging_mixin.py:151} INFO - Record Inserted !!
[2024-02-26T16:08:09.685+0000] {logging_mixin.py:151} INFO - Record Inserted !!
[2024-02-26T16:08:09.989+0000] {logging_mixin.py:151} INFO - Record Inserted !!
[2024-02-26T16:08:10.314+0000] {logging_mixin.py:151} INFO - Record Inserted !!
[2024-02-26T16:08:10.604+0000] {logging_mixin.py:151} INFO - Record Inserted !!
[2024-02-26T16:08:10.933+0000] {logging_mixin.py:151} INFO - Record Inserted !!
[2024-02-26T16:08:11.246+0000] {logging_mixin.py:151} INFO - Record Inserted !!
[2024-02-26T16:08:11.550+0000] {logging_mixin.py:151} INFO - Record Inserted !!
[2024-02-26T16:08:11.860+0000] {logging_mixin.py:151} INFO - Record Inserted !!
[2024-02-26T16:08:12.228+0000] {logging_mixin.py:151} INFO - Record Inserted !!
[2024-02-26T16:08:12.551+0000] {logging_mixin.py:151} INFO - Record Inserted !!
[2024-02-26T16:08:12.842+0000] {logging_mixin.py:151} INFO - Record Inserted !!
[2024-02-26T16:08:13.196+0000] {logging_mixin.py:151} INFO - Record Inserted !!
[2024-02-26T16:08:14.020+0000] {logging_mixin.py:151} INFO - Record Inserted !!
[2024-02-26T16:08:14.326+0000] {logging_mixin.py:151} INFO - Record Inserted !!
[2024-02-26T16:08:14.632+0000] {logging_mixin.py:151} INFO - Record Inserted !!
[2024-02-26T16:08:14.952+0000] {logging_mixin.py:151} INFO - Record Inserted !!
[2024-02-26T16:08:15.254+0000] {logging_mixin.py:151} INFO - Record Inserted !!
[2024-02-26T16:08:15.572+0000] {logging_mixin.py:151} INFO - Record Inserted !!
[2024-02-26T16:08:15.882+0000] {logging_mixin.py:151} INFO - Record Inserted !!
[2024-02-26T16:08:16.202+0000] {logging_mixin.py:151} INFO - Record Inserted !!
[2024-02-26T16:08:16.547+0000] {logging_mixin.py:151} INFO - Record Inserted !!
[2024-02-26T16:08:16.875+0000] {logging_mixin.py:151} INFO - Record Inserted !!
[2024-02-26T16:08:17.206+0000] {logging_mixin.py:151} INFO - Record Inserted !!
[2024-02-26T16:08:17.714+0000] {logging_mixin.py:151} INFO - Record Inserted !!
[2024-02-26T16:08:18.012+0000] {logging_mixin.py:151} INFO - Record Inserted !!
[2024-02-26T16:08:18.353+0000] {logging_mixin.py:151} INFO - Record Inserted !!
[2024-02-26T16:08:18.662+0000] {logging_mixin.py:151} INFO - Record Inserted !!
[2024-02-26T16:08:19.346+0000] {logging_mixin.py:151} INFO - Record Inserted !!
[2024-02-26T16:08:19.684+0000] {logging_mixin.py:151} INFO - Record Inserted !!
[2024-02-26T16:08:19.982+0000] {logging_mixin.py:151} INFO - Record Inserted !!
[2024-02-26T16:08:20.274+0000] {logging_mixin.py:151} INFO - Record Inserted !!
[2024-02-26T16:08:20.574+0000] {logging_mixin.py:151} INFO - Record Inserted !!
[2024-02-26T16:08:20.871+0000] {logging_mixin.py:151} INFO - Record Inserted !!
[2024-02-26T16:08:21.147+0000] {logging_mixin.py:151} INFO - Record Inserted !!
[2024-02-26T16:08:21.488+0000] {logging_mixin.py:151} INFO - Record Inserted !!
[2024-02-26T16:08:21.819+0000] {logging_mixin.py:151} INFO - Record Inserted !!
[2024-02-26T16:08:22.160+0000] {logging_mixin.py:151} INFO - Record Inserted !!
[2024-02-26T16:08:22.487+0000] {logging_mixin.py:151} INFO - Record Inserted !!
[2024-02-26T16:08:22.837+0000] {logging_mixin.py:151} INFO - Record Inserted !!
[2024-02-26T16:08:23.201+0000] {logging_mixin.py:151} INFO - Record Inserted !!
[2024-02-26T16:08:23.514+0000] {logging_mixin.py:151} INFO - Record Inserted !!
[2024-02-26T16:08:23.820+0000] {logging_mixin.py:151} INFO - Record Inserted !!
[2024-02-26T16:08:24.154+0000] {logging_mixin.py:151} INFO - Record Inserted !!
[2024-02-26T16:08:24.511+0000] {logging_mixin.py:151} INFO - Record Inserted !!
[2024-02-26T16:08:24.883+0000] {logging_mixin.py:151} INFO - Record Inserted !!
[2024-02-26T16:08:25.253+0000] {logging_mixin.py:151} INFO - Record Inserted !!
[2024-02-26T16:08:25.597+0000] {logging_mixin.py:151} INFO - Record Inserted !!
[2024-02-26T16:08:25.943+0000] {logging_mixin.py:151} INFO - Record Inserted !!
[2024-02-26T16:08:26.283+0000] {logging_mixin.py:151} INFO - Record Inserted !!
[2024-02-26T16:08:26.678+0000] {logging_mixin.py:151} INFO - Record Inserted !!
[2024-02-26T16:08:27.024+0000] {logging_mixin.py:151} INFO - Record Inserted !!
[2024-02-26T16:08:27.329+0000] {logging_mixin.py:151} INFO - Record Inserted !!
[2024-02-26T16:08:27.676+0000] {logging_mixin.py:151} INFO - Record Inserted !!
[2024-02-26T16:08:28.044+0000] {logging_mixin.py:151} INFO - Record Inserted !!
[2024-02-26T16:08:28.363+0000] {logging_mixin.py:151} INFO - Record Inserted !!
[2024-02-26T16:08:28.668+0000] {logging_mixin.py:151} INFO - Record Inserted !!
[2024-02-26T16:08:29.032+0000] {logging_mixin.py:151} INFO - Record Inserted !!
[2024-02-26T16:08:29.367+0000] {logging_mixin.py:151} INFO - Record Inserted !!
[2024-02-26T16:08:29.729+0000] {logging_mixin.py:151} INFO - Record Inserted !!
[2024-02-26T16:08:30.175+0000] {logging_mixin.py:151} INFO - Record Inserted !!
[2024-02-26T16:08:30.515+0000] {logging_mixin.py:151} INFO - Record Inserted !!
[2024-02-26T16:08:30.975+0000] {logging_mixin.py:151} INFO - Record Inserted !!
[2024-02-26T16:08:31.485+0000] {logging_mixin.py:151} INFO - Record Inserted !!
[2024-02-26T16:08:31.786+0000] {logging_mixin.py:151} INFO - Record Inserted !!
[2024-02-26T16:08:32.083+0000] {logging_mixin.py:151} INFO - Record Inserted !!
[2024-02-26T16:08:32.508+0000] {logging_mixin.py:151} INFO - Record Inserted !!
[2024-02-26T16:08:32.848+0000] {logging_mixin.py:151} INFO - Record Inserted !!
[2024-02-26T16:08:33.195+0000] {logging_mixin.py:151} INFO - Record Inserted !!
[2024-02-26T16:08:33.507+0000] {logging_mixin.py:151} INFO - Record Inserted !!
[2024-02-26T16:08:33.812+0000] {logging_mixin.py:151} INFO - Record Inserted !!
[2024-02-26T16:08:34.091+0000] {logging_mixin.py:151} INFO - Record Inserted !!
[2024-02-26T16:08:34.378+0000] {logging_mixin.py:151} INFO - Record Inserted !!
[2024-02-26T16:08:34.713+0000] {logging_mixin.py:151} INFO - Record Inserted !!
[2024-02-26T16:08:35.004+0000] {logging_mixin.py:151} INFO - Record Inserted !!
[2024-02-26T16:08:35.288+0000] {logging_mixin.py:151} INFO - Record Inserted !!
[2024-02-26T16:08:35.611+0000] {logging_mixin.py:151} INFO - Record Inserted !!
[2024-02-26T16:08:35.913+0000] {logging_mixin.py:151} INFO - Record Inserted !!
[2024-02-26T16:08:36.277+0000] {logging_mixin.py:151} INFO - Record Inserted !!
[2024-02-26T16:08:36.578+0000] {logging_mixin.py:151} INFO - Record Inserted !!
[2024-02-26T16:08:36.922+0000] {logging_mixin.py:151} INFO - Record Inserted !!
[2024-02-26T16:08:37.238+0000] {logging_mixin.py:151} INFO - Record Inserted !!
[2024-02-26T16:08:37.604+0000] {logging_mixin.py:151} INFO - Record Inserted !!
[2024-02-26T16:08:37.894+0000] {logging_mixin.py:151} INFO - Record Inserted !!
[2024-02-26T16:08:38.250+0000] {logging_mixin.py:151} INFO - Record Inserted !!
[2024-02-26T16:08:38.527+0000] {logging_mixin.py:151} INFO - Record Inserted !!
[2024-02-26T16:08:38.831+0000] {logging_mixin.py:151} INFO - Record Inserted !!
[2024-02-26T16:08:39.513+0000] {logging_mixin.py:151} INFO - Record Inserted !!
[2024-02-26T16:08:39.838+0000] {logging_mixin.py:151} INFO - Record Inserted !!
[2024-02-26T16:08:40.349+0000] {logging_mixin.py:151} INFO - Record Inserted !!
[2024-02-26T16:08:40.646+0000] {logging_mixin.py:151} INFO - Record Inserted !!
[2024-02-26T16:08:41.347+0000] {logging_mixin.py:151} INFO - Record Inserted !!
[2024-02-26T16:08:41.966+0000] {logging_mixin.py:151} INFO - Record Inserted !!
[2024-02-26T16:08:42.261+0000] {logging_mixin.py:151} INFO - Record Inserted !!
[2024-02-26T16:08:42.576+0000] {logging_mixin.py:151} INFO - Record Inserted !!
[2024-02-26T16:08:42.929+0000] {logging_mixin.py:151} INFO - Record Inserted !!
[2024-02-26T16:08:43.264+0000] {logging_mixin.py:151} INFO - Record Inserted !!
[2024-02-26T16:08:43.617+0000] {logging_mixin.py:151} INFO - Record Inserted !!
[2024-02-26T16:08:43.928+0000] {logging_mixin.py:151} INFO - Record Inserted !!
[2024-02-26T16:08:44.262+0000] {logging_mixin.py:151} INFO - Record Inserted !!
[2024-02-26T16:08:44.577+0000] {logging_mixin.py:151} INFO - Record Inserted !!
[2024-02-26T16:08:45.242+0000] {logging_mixin.py:151} INFO - Record Inserted !!
[2024-02-26T16:08:46.089+0000] {logging_mixin.py:151} INFO - Record Inserted !!
[2024-02-26T16:08:46.379+0000] {logging_mixin.py:151} INFO - Record Inserted !!
[2024-02-26T16:08:46.649+0000] {logging_mixin.py:151} INFO - Record Inserted !!
[2024-02-26T16:08:46.941+0000] {logging_mixin.py:151} INFO - Record Inserted !!
[2024-02-26T16:08:47.274+0000] {logging_mixin.py:151} INFO - Record Inserted !!
[2024-02-26T16:08:47.929+0000] {logging_mixin.py:151} INFO - Record Inserted !!
[2024-02-26T16:08:48.771+0000] {logging_mixin.py:151} INFO - Record Inserted !!
[2024-02-26T16:08:49.110+0000] {logging_mixin.py:151} INFO - Record Inserted !!
[2024-02-26T16:08:49.439+0000] {logging_mixin.py:151} INFO - Record Inserted !!
[2024-02-26T16:08:49.760+0000] {logging_mixin.py:151} INFO - Record Inserted !!
[2024-02-26T16:08:50.201+0000] {logging_mixin.py:151} INFO - Record Inserted !!
[2024-02-26T16:08:50.538+0000] {logging_mixin.py:151} INFO - Record Inserted !!
[2024-02-26T16:08:50.855+0000] {logging_mixin.py:151} INFO - Record Inserted !!
[2024-02-26T16:08:51.145+0000] {logging_mixin.py:151} INFO - Record Inserted !!
[2024-02-26T16:08:51.472+0000] {logging_mixin.py:151} INFO - Record Inserted !!
[2024-02-26T16:08:51.817+0000] {logging_mixin.py:151} INFO - Record Inserted !!
[2024-02-26T16:08:52.151+0000] {logging_mixin.py:151} INFO - Record Inserted !!
[2024-02-26T16:08:52.452+0000] {logging_mixin.py:151} INFO - Record Inserted !!
[2024-02-26T16:08:52.801+0000] {logging_mixin.py:151} INFO - Record Inserted !!
[2024-02-26T16:08:53.122+0000] {logging_mixin.py:151} INFO - Record Inserted !!
[2024-02-26T16:08:53.410+0000] {logging_mixin.py:151} INFO - Record Inserted !!
[2024-02-26T16:08:53.774+0000] {logging_mixin.py:151} INFO - Record Inserted !!
[2024-02-26T16:08:54.107+0000] {logging_mixin.py:151} INFO - Record Inserted !!
[2024-02-26T16:08:54.427+0000] {logging_mixin.py:151} INFO - Record Inserted !!
[2024-02-26T16:08:54.779+0000] {logging_mixin.py:151} INFO - Record Inserted !!
[2024-02-26T16:08:55.080+0000] {logging_mixin.py:151} INFO - Record Inserted !!
[2024-02-26T16:08:55.414+0000] {logging_mixin.py:151} INFO - Record Inserted !!
[2024-02-26T16:08:55.775+0000] {logging_mixin.py:151} INFO - Record Inserted !!
[2024-02-26T16:08:56.215+0000] {logging_mixin.py:151} INFO - Record Inserted !!
[2024-02-26T16:08:56.538+0000] {logging_mixin.py:151} INFO - Record Inserted !!
[2024-02-26T16:08:56.907+0000] {logging_mixin.py:151} INFO - Record Inserted !!
[2024-02-26T16:08:57.249+0000] {logging_mixin.py:151} INFO - Record Inserted !!
[2024-02-26T16:08:57.549+0000] {logging_mixin.py:151} INFO - Record Inserted !!
[2024-02-26T16:08:57.865+0000] {logging_mixin.py:151} INFO - Record Inserted !!
[2024-02-26T16:08:58.153+0000] {logging_mixin.py:151} INFO - Record Inserted !!
[2024-02-26T16:08:58.519+0000] {logging_mixin.py:151} INFO - Record Inserted !!
[2024-02-26T16:08:58.841+0000] {logging_mixin.py:151} INFO - Record Inserted !!
[2024-02-26T16:08:59.185+0000] {logging_mixin.py:151} INFO - Record Inserted !!
[2024-02-26T16:08:59.508+0000] {logging_mixin.py:151} INFO - Record Inserted !!
[2024-02-26T16:08:59.817+0000] {logging_mixin.py:151} INFO - Record Inserted !!
[2024-02-26T16:09:00.207+0000] {logging_mixin.py:151} INFO - Record Inserted !!
[2024-02-26T16:09:00.530+0000] {logging_mixin.py:151} INFO - Record Inserted !!
[2024-02-26T16:09:00.836+0000] {logging_mixin.py:151} INFO - Record Inserted !!
[2024-02-26T16:09:01.203+0000] {logging_mixin.py:151} INFO - Record Inserted !!
[2024-02-26T16:09:01.554+0000] {logging_mixin.py:151} INFO - Record Inserted !!
[2024-02-26T16:09:02.060+0000] {logging_mixin.py:151} INFO - Record Inserted !!
[2024-02-26T16:09:02.597+0000] {logging_mixin.py:151} INFO - Record Inserted !!
[2024-02-26T16:09:02.959+0000] {logging_mixin.py:151} INFO - Record Inserted !!
[2024-02-26T16:09:03.261+0000] {logging_mixin.py:151} INFO - Record Inserted !!
[2024-02-26T16:09:03.590+0000] {logging_mixin.py:151} INFO - Record Inserted !!
[2024-02-26T16:09:03.898+0000] {logging_mixin.py:151} INFO - Record Inserted !!
[2024-02-26T16:09:04.183+0000] {logging_mixin.py:151} INFO - Record Inserted !!
[2024-02-26T16:09:04.524+0000] {logging_mixin.py:151} INFO - Record Inserted !!
[2024-02-26T16:09:04.890+0000] {logging_mixin.py:151} INFO - Record Inserted !!
[2024-02-26T16:09:05.240+0000] {logging_mixin.py:151} INFO - Record Inserted !!
[2024-02-26T16:09:05.785+0000] {logging_mixin.py:151} INFO - Record Inserted !!
[2024-02-26T16:09:06.337+0000] {logging_mixin.py:151} INFO - Record Inserted !!
[2024-02-26T16:09:06.685+0000] {logging_mixin.py:151} INFO - Record Inserted !!
[2024-02-26T16:09:06.978+0000] {logging_mixin.py:151} INFO - Record Inserted !!
[2024-02-26T16:09:07.275+0000] {logging_mixin.py:151} INFO - Record Inserted !!
[2024-02-26T16:09:07.624+0000] {logging_mixin.py:151} INFO - Record Inserted !!
[2024-02-26T16:09:07.977+0000] {logging_mixin.py:151} INFO - Record Inserted !!
[2024-02-26T16:09:08.322+0000] {logging_mixin.py:151} INFO - Record Inserted !!
[2024-02-26T16:09:08.626+0000] {logging_mixin.py:151} INFO - Record Inserted !!
[2024-02-26T16:09:09.033+0000] {logging_mixin.py:151} INFO - Record Inserted !!
[2024-02-26T16:09:09.987+0000] {logging_mixin.py:151} INFO - Record Inserted !!
[2024-02-26T16:09:10.357+0000] {logging_mixin.py:151} INFO - Record Inserted !!
[2024-02-26T16:09:10.654+0000] {logging_mixin.py:151} INFO - Record Inserted !!
[2024-02-26T16:09:11.254+0000] {logging_mixin.py:151} INFO - Record Inserted !!
[2024-02-26T16:09:11.772+0000] {logging_mixin.py:151} INFO - Record Inserted !!
[2024-02-26T16:09:12.407+0000] {logging_mixin.py:151} INFO - Record Inserted !!
[2024-02-26T16:09:12.753+0000] {logging_mixin.py:151} INFO - Record Inserted !!
[2024-02-26T16:09:13.081+0000] {logging_mixin.py:151} INFO - Record Inserted !!
[2024-02-26T16:09:13.405+0000] {logging_mixin.py:151} INFO - Record Inserted !!
[2024-02-26T16:09:13.702+0000] {logging_mixin.py:151} INFO - Record Inserted !!
[2024-02-26T16:09:14.028+0000] {logging_mixin.py:151} INFO - Record Inserted !!
[2024-02-26T16:09:14.327+0000] {logging_mixin.py:151} INFO - Record Inserted !!
[2024-02-26T16:09:14.690+0000] {logging_mixin.py:151} INFO - Record Inserted !!
[2024-02-26T16:09:14.999+0000] {logging_mixin.py:151} INFO - Record Inserted !!
[2024-02-26T16:09:15.304+0000] {logging_mixin.py:151} INFO - Record Inserted !!
[2024-02-26T16:09:15.667+0000] {logging_mixin.py:151} INFO - Record Inserted !!
[2024-02-26T16:09:16.356+0000] {logging_mixin.py:151} INFO - Record Inserted !!
[2024-02-26T16:09:16.687+0000] {logging_mixin.py:151} INFO - Record Inserted !!
[2024-02-26T16:09:16.986+0000] {logging_mixin.py:151} INFO - Record Inserted !!
[2024-02-26T16:09:17.275+0000] {logging_mixin.py:151} INFO - Record Inserted !!
[2024-02-26T16:09:17.622+0000] {logging_mixin.py:151} INFO - Record Inserted !!
[2024-02-26T16:09:17.959+0000] {logging_mixin.py:151} INFO - Record Inserted !!
[2024-02-26T16:09:18.304+0000] {logging_mixin.py:151} INFO - Record Inserted !!
[2024-02-26T16:09:18.622+0000] {logging_mixin.py:151} INFO - Record Inserted !!
[2024-02-26T16:09:18.968+0000] {logging_mixin.py:151} INFO - Record Inserted !!
[2024-02-26T16:09:19.333+0000] {logging_mixin.py:151} INFO - Record Inserted !!
[2024-02-26T16:09:19.689+0000] {logging_mixin.py:151} INFO - Record Inserted !!
[2024-02-26T16:09:20.050+0000] {logging_mixin.py:151} INFO - Record Inserted !!
[2024-02-26T16:09:20.346+0000] {logging_mixin.py:151} INFO - Record Inserted !!
[2024-02-26T16:09:20.647+0000] {logging_mixin.py:151} INFO - Record Inserted !!
[2024-02-26T16:09:20.953+0000] {logging_mixin.py:151} INFO - Record Inserted !!
[2024-02-26T16:09:21.254+0000] {logging_mixin.py:151} INFO - Record Inserted !!
[2024-02-26T16:09:21.544+0000] {logging_mixin.py:151} INFO - Record Inserted !!
[2024-02-26T16:09:21.904+0000] {logging_mixin.py:151} INFO - Record Inserted !!
[2024-02-26T16:09:22.636+0000] {logging_mixin.py:151} INFO - Record Inserted !!
[2024-02-26T16:09:23.003+0000] {logging_mixin.py:151} INFO - Record Inserted !!
[2024-02-26T16:09:23.396+0000] {logging_mixin.py:151} INFO - Record Inserted !!
[2024-02-26T16:09:23.741+0000] {logging_mixin.py:151} INFO - Record Inserted !!
[2024-02-26T16:09:24.076+0000] {logging_mixin.py:151} INFO - Record Inserted !!
[2024-02-26T16:09:24.380+0000] {logging_mixin.py:151} INFO - Record Inserted !!
[2024-02-26T16:09:24.706+0000] {logging_mixin.py:151} INFO - Record Inserted !!
[2024-02-26T16:09:25.049+0000] {logging_mixin.py:151} INFO - Record Inserted !!
[2024-02-26T16:09:25.413+0000] {logging_mixin.py:151} INFO - Record Inserted !!
[2024-02-26T16:09:25.748+0000] {logging_mixin.py:151} INFO - Record Inserted !!
[2024-02-26T16:09:26.059+0000] {logging_mixin.py:151} INFO - Record Inserted !!
[2024-02-26T16:09:26.417+0000] {logging_mixin.py:151} INFO - Record Inserted !!
[2024-02-26T16:09:27.020+0000] {logging_mixin.py:151} INFO - Record Inserted !!
[2024-02-26T16:09:27.354+0000] {logging_mixin.py:151} INFO - Record Inserted !!
[2024-02-26T16:09:27.953+0000] {logging_mixin.py:151} INFO - Record Inserted !!
[2024-02-26T16:09:28.241+0000] {logging_mixin.py:151} INFO - Record Inserted !!
[2024-02-26T16:09:29.337+0000] {logging_mixin.py:151} INFO - Record Inserted !!
[2024-02-26T16:09:29.752+0000] {logging_mixin.py:151} INFO - Record Inserted !!
[2024-02-26T16:09:30.126+0000] {logging_mixin.py:151} INFO - Record Inserted !!
[2024-02-26T16:09:30.132+0000] {conn.py:919} INFO - <BrokerConnection node_id=1 host=broker:29092 <connected> [IPv4 ('172.18.0.8', 29092)]>: Closing connection. 
[2024-02-26T16:09:30.138+0000] {python.py:194} INFO - Done. Returned value was: None
[2024-02-26T16:09:30.220+0000] {taskinstance.py:1400} INFO - Marking task as SUCCESS. dag_id=user_automation, task_id=stream_data_from_api, execution_date=20240225T000000, start_date=20240226T160429, end_date=20240226T160930
[2024-02-26T16:09:30.406+0000] {local_task_job_runner.py:228} INFO - Task exited with return code 0
[2024-02-26T16:09:30.465+0000] {taskinstance.py:2784} INFO - 0 downstream tasks scheduled from follow-on schedule check
