[2024-02-27T00:00:02.089+0000] {taskinstance.py:1159} INFO - Dependencies all met for dep_context=non-requeueable deps ti=<TaskInstance: user_automation.stream_data_from_api scheduled__2024-02-26T00:00:00+00:00 [queued]>
[2024-02-27T00:00:02.093+0000] {taskinstance.py:1159} INFO - Dependencies all met for dep_context=requeueable deps ti=<TaskInstance: user_automation.stream_data_from_api scheduled__2024-02-26T00:00:00+00:00 [queued]>
[2024-02-27T00:00:02.094+0000] {taskinstance.py:1361} INFO - Starting attempt 1 of 1
[2024-02-27T00:00:02.101+0000] {taskinstance.py:1382} INFO - Executing <Task(PythonOperator): stream_data_from_api> on 2024-02-26 00:00:00+00:00
[2024-02-27T00:00:02.104+0000] {standard_task_runner.py:57} INFO - Started process 1103 to run task
[2024-02-27T00:00:02.108+0000] {standard_task_runner.py:84} INFO - Running: ['***', 'tasks', 'run', 'user_automation', 'stream_data_from_api', 'scheduled__2024-02-26T00:00:00+00:00', '--job-id', '4', '--raw', '--subdir', 'DAGS_FOLDER/kafka_stream.py', '--cfg-path', '/tmp/tmprfwrg5nh']
[2024-02-27T00:00:02.110+0000] {standard_task_runner.py:85} INFO - Job 4: Subtask stream_data_from_api
[2024-02-27T00:00:02.169+0000] {task_command.py:415} INFO - Running <TaskInstance: user_automation.stream_data_from_api scheduled__2024-02-26T00:00:00+00:00 [running]> on host 94f6b65a2c73
[2024-02-27T00:00:02.243+0000] {taskinstance.py:1660} INFO - Exporting env vars: AIRFLOW_CTX_DAG_OWNER='airscholar' AIRFLOW_CTX_DAG_ID='user_automation' AIRFLOW_CTX_TASK_ID='stream_data_from_api' AIRFLOW_CTX_EXECUTION_DATE='2024-02-26T00:00:00+00:00' AIRFLOW_CTX_TRY_NUMBER='1' AIRFLOW_CTX_DAG_RUN_ID='scheduled__2024-02-26T00:00:00+00:00'
[2024-02-27T00:00:02.291+0000] {conn.py:380} INFO - <BrokerConnection node_id=bootstrap-0 host=broker:29092 <connecting> [IPv4 ('172.18.0.8', 29092)]>: connecting to broker:29092 [('172.18.0.8', 29092) IPv4]
[2024-02-27T00:00:02.292+0000] {conn.py:1205} INFO - Probing node bootstrap-0 broker version
[2024-02-27T00:00:02.293+0000] {conn.py:410} INFO - <BrokerConnection node_id=bootstrap-0 host=broker:29092 <connecting> [IPv4 ('172.18.0.8', 29092)]>: Connection complete.
[2024-02-27T00:00:02.403+0000] {conn.py:1267} INFO - Broker version identified as 2.5.0
[2024-02-27T00:00:02.404+0000] {conn.py:1268} INFO - Set configuration api_version=(2, 5, 0) to skip auto check_version requests on startup
[2024-02-27T00:00:05.265+0000] {logging_mixin.py:151} INFO - Record Inserted !!
[2024-02-27T00:00:05.270+0000] {conn.py:380} INFO - <BrokerConnection node_id=1 host=broker:29092 <connecting> [IPv4 ('172.18.0.8', 29092)]>: connecting to broker:29092 [('172.18.0.8', 29092) IPv4]
[2024-02-27T00:00:05.276+0000] {conn.py:410} INFO - <BrokerConnection node_id=1 host=broker:29092 <connecting> [IPv4 ('172.18.0.8', 29092)]>: Connection complete.
[2024-02-27T00:00:05.279+0000] {conn.py:919} INFO - <BrokerConnection node_id=bootstrap-0 host=broker:29092 <connected> [IPv4 ('172.18.0.8', 29092)]>: Closing connection. 
[2024-02-27T00:00:06.655+0000] {logging_mixin.py:151} INFO - Record Inserted !!
[2024-02-27T00:00:07.557+0000] {logging_mixin.py:151} INFO - Record Inserted !!
[2024-02-27T00:00:08.876+0000] {logging_mixin.py:151} INFO - Record Inserted !!
[2024-02-27T00:00:09.268+0000] {logging_mixin.py:151} INFO - Record Inserted !!
[2024-02-27T00:00:09.816+0000] {logging_mixin.py:151} INFO - Record Inserted !!
[2024-02-27T00:00:11.650+0000] {logging_mixin.py:151} INFO - Record Inserted !!
[2024-02-27T00:00:12.532+0000] {logging_mixin.py:151} INFO - Record Inserted !!
[2024-02-27T00:00:14.011+0000] {logging_mixin.py:151} INFO - Record Inserted !!
[2024-02-27T00:00:14.866+0000] {logging_mixin.py:151} INFO - Record Inserted !!
[2024-02-27T00:00:15.216+0000] {logging_mixin.py:151} INFO - Record Inserted !!
[2024-02-27T00:00:15.541+0000] {logging_mixin.py:151} INFO - Record Inserted !!
[2024-02-27T00:00:21.715+0000] {logging_mixin.py:151} INFO - Record Inserted !!
[2024-02-27T00:00:24.160+0000] {logging_mixin.py:151} INFO - Record Inserted !!
[2024-02-27T00:00:24.584+0000] {logging_mixin.py:151} INFO - Record Inserted !!
[2024-02-27T00:00:24.894+0000] {logging_mixin.py:151} INFO - Record Inserted !!
[2024-02-27T00:00:25.266+0000] {logging_mixin.py:151} INFO - Record Inserted !!
[2024-02-27T00:00:25.564+0000] {logging_mixin.py:151} INFO - Record Inserted !!
[2024-02-27T00:00:25.870+0000] {logging_mixin.py:151} INFO - Record Inserted !!
[2024-02-27T00:00:26.235+0000] {logging_mixin.py:151} INFO - Record Inserted !!
[2024-02-27T00:00:26.555+0000] {logging_mixin.py:151} INFO - Record Inserted !!
[2024-02-27T00:00:26.898+0000] {logging_mixin.py:151} INFO - Record Inserted !!
[2024-02-27T00:00:27.281+0000] {logging_mixin.py:151} INFO - Record Inserted !!
[2024-02-27T00:00:27.609+0000] {logging_mixin.py:151} INFO - Record Inserted !!
[2024-02-27T00:00:27.942+0000] {logging_mixin.py:151} INFO - Record Inserted !!
[2024-02-27T00:00:28.257+0000] {logging_mixin.py:151} INFO - Record Inserted !!
[2024-02-27T00:00:28.556+0000] {logging_mixin.py:151} INFO - Record Inserted !!
[2024-02-27T00:00:28.889+0000] {logging_mixin.py:151} INFO - Record Inserted !!
[2024-02-27T00:00:29.224+0000] {logging_mixin.py:151} INFO - Record Inserted !!
[2024-02-27T00:00:29.566+0000] {logging_mixin.py:151} INFO - Record Inserted !!
[2024-02-27T00:00:30.369+0000] {logging_mixin.py:151} INFO - Record Inserted !!
[2024-02-27T00:00:30.808+0000] {logging_mixin.py:151} INFO - Record Inserted !!
[2024-02-27T00:00:32.237+0000] {logging_mixin.py:151} INFO - Record Inserted !!
[2024-02-27T00:00:32.637+0000] {logging_mixin.py:151} INFO - Record Inserted !!
[2024-02-27T00:00:32.980+0000] {logging_mixin.py:151} INFO - Record Inserted !!
[2024-02-27T00:00:33.314+0000] {logging_mixin.py:151} INFO - Record Inserted !!
[2024-02-27T00:00:33.844+0000] {logging_mixin.py:151} INFO - Record Inserted !!
[2024-02-27T00:00:34.178+0000] {logging_mixin.py:151} INFO - Record Inserted !!
[2024-02-27T00:00:34.497+0000] {logging_mixin.py:151} INFO - Record Inserted !!
[2024-02-27T00:00:34.780+0000] {logging_mixin.py:151} INFO - Record Inserted !!
[2024-02-27T00:00:35.055+0000] {logging_mixin.py:151} INFO - Record Inserted !!
[2024-02-27T00:00:35.368+0000] {logging_mixin.py:151} INFO - Record Inserted !!
[2024-02-27T00:00:35.739+0000] {logging_mixin.py:151} INFO - Record Inserted !!
[2024-02-27T00:00:36.215+0000] {logging_mixin.py:151} INFO - Record Inserted !!
[2024-02-27T00:00:36.585+0000] {logging_mixin.py:151} INFO - Record Inserted !!
[2024-02-27T00:00:36.864+0000] {logging_mixin.py:151} INFO - Record Inserted !!
[2024-02-27T00:00:37.149+0000] {logging_mixin.py:151} INFO - Record Inserted !!
[2024-02-27T00:00:37.506+0000] {logging_mixin.py:151} INFO - Record Inserted !!
[2024-02-27T00:00:37.869+0000] {logging_mixin.py:151} INFO - Record Inserted !!
[2024-02-27T00:00:38.218+0000] {logging_mixin.py:151} INFO - Record Inserted !!
[2024-02-27T00:00:38.513+0000] {logging_mixin.py:151} INFO - Record Inserted !!
[2024-02-27T00:00:38.807+0000] {logging_mixin.py:151} INFO - Record Inserted !!
[2024-02-27T00:00:39.099+0000] {logging_mixin.py:151} INFO - Record Inserted !!
[2024-02-27T00:00:39.377+0000] {logging_mixin.py:151} INFO - Record Inserted !!
[2024-02-27T00:00:39.660+0000] {logging_mixin.py:151} INFO - Record Inserted !!
[2024-02-27T00:00:40.020+0000] {logging_mixin.py:151} INFO - Record Inserted !!
[2024-02-27T00:00:40.421+0000] {logging_mixin.py:151} INFO - Record Inserted !!
[2024-02-27T00:00:40.713+0000] {logging_mixin.py:151} INFO - Record Inserted !!
[2024-02-27T00:00:41.247+0000] {logging_mixin.py:151} INFO - Record Inserted !!
[2024-02-27T00:00:41.551+0000] {logging_mixin.py:151} INFO - Record Inserted !!
[2024-02-27T00:00:41.847+0000] {logging_mixin.py:151} INFO - Record Inserted !!
[2024-02-27T00:00:42.188+0000] {logging_mixin.py:151} INFO - Record Inserted !!
[2024-02-27T00:00:42.478+0000] {logging_mixin.py:151} INFO - Record Inserted !!
[2024-02-27T00:00:43.084+0000] {logging_mixin.py:151} INFO - Record Inserted !!
[2024-02-27T00:00:43.416+0000] {logging_mixin.py:151} INFO - Record Inserted !!
[2024-02-27T00:00:43.699+0000] {logging_mixin.py:151} INFO - Record Inserted !!
[2024-02-27T00:00:44.032+0000] {logging_mixin.py:151} INFO - Record Inserted !!
[2024-02-27T00:00:44.616+0000] {logging_mixin.py:151} INFO - Record Inserted !!
[2024-02-27T00:00:44.918+0000] {logging_mixin.py:151} INFO - Record Inserted !!
[2024-02-27T00:00:45.217+0000] {logging_mixin.py:151} INFO - Record Inserted !!
[2024-02-27T00:00:45.593+0000] {logging_mixin.py:151} INFO - Record Inserted !!
[2024-02-27T00:00:45.949+0000] {logging_mixin.py:151} INFO - Record Inserted !!
[2024-02-27T00:00:46.291+0000] {logging_mixin.py:151} INFO - Record Inserted !!
[2024-02-27T00:00:46.596+0000] {logging_mixin.py:151} INFO - Record Inserted !!
[2024-02-27T00:00:46.909+0000] {logging_mixin.py:151} INFO - Record Inserted !!
[2024-02-27T00:00:47.225+0000] {logging_mixin.py:151} INFO - Record Inserted !!
[2024-02-27T00:00:47.578+0000] {logging_mixin.py:151} INFO - Record Inserted !!
[2024-02-27T00:00:47.879+0000] {logging_mixin.py:151} INFO - Record Inserted !!
[2024-02-27T00:00:48.231+0000] {logging_mixin.py:151} INFO - Record Inserted !!
[2024-02-27T00:00:48.556+0000] {logging_mixin.py:151} INFO - Record Inserted !!
[2024-02-27T00:00:48.856+0000] {logging_mixin.py:151} INFO - Record Inserted !!
[2024-02-27T00:00:49.324+0000] {logging_mixin.py:151} INFO - Record Inserted !!
[2024-02-27T00:00:49.625+0000] {logging_mixin.py:151} INFO - Record Inserted !!
[2024-02-27T00:00:49.919+0000] {logging_mixin.py:151} INFO - Record Inserted !!
[2024-02-27T00:00:50.214+0000] {logging_mixin.py:151} INFO - Record Inserted !!
[2024-02-27T00:00:50.833+0000] {logging_mixin.py:151} INFO - Record Inserted !!
[2024-02-27T00:00:51.207+0000] {logging_mixin.py:151} INFO - Record Inserted !!
[2024-02-27T00:00:51.515+0000] {logging_mixin.py:151} INFO - Record Inserted !!
[2024-02-27T00:00:51.844+0000] {logging_mixin.py:151} INFO - Record Inserted !!
[2024-02-27T00:00:52.181+0000] {logging_mixin.py:151} INFO - Record Inserted !!
[2024-02-27T00:00:52.518+0000] {logging_mixin.py:151} INFO - Record Inserted !!
[2024-02-27T00:00:52.812+0000] {logging_mixin.py:151} INFO - Record Inserted !!
[2024-02-27T00:00:53.102+0000] {logging_mixin.py:151} INFO - Record Inserted !!
[2024-02-27T00:00:53.414+0000] {logging_mixin.py:151} INFO - Record Inserted !!
[2024-02-27T00:00:53.711+0000] {logging_mixin.py:151} INFO - Record Inserted !!
[2024-02-27T00:00:54.049+0000] {logging_mixin.py:151} INFO - Record Inserted !!
[2024-02-27T00:00:54.367+0000] {logging_mixin.py:151} INFO - Record Inserted !!
[2024-02-27T00:00:54.648+0000] {logging_mixin.py:151} INFO - Record Inserted !!
[2024-02-27T00:00:54.982+0000] {logging_mixin.py:151} INFO - Record Inserted !!
[2024-02-27T00:00:55.272+0000] {logging_mixin.py:151} INFO - Record Inserted !!
[2024-02-27T00:00:55.574+0000] {logging_mixin.py:151} INFO - Record Inserted !!
[2024-02-27T00:00:55.910+0000] {logging_mixin.py:151} INFO - Record Inserted !!
[2024-02-27T00:00:56.255+0000] {logging_mixin.py:151} INFO - Record Inserted !!
[2024-02-27T00:00:56.903+0000] {logging_mixin.py:151} INFO - Record Inserted !!
[2024-02-27T00:00:57.179+0000] {logging_mixin.py:151} INFO - Record Inserted !!
[2024-02-27T00:00:57.466+0000] {logging_mixin.py:151} INFO - Record Inserted !!
[2024-02-27T00:00:57.795+0000] {logging_mixin.py:151} INFO - Record Inserted !!
[2024-02-27T00:00:58.412+0000] {logging_mixin.py:151} INFO - Record Inserted !!
[2024-02-27T00:00:58.755+0000] {logging_mixin.py:151} INFO - Record Inserted !!
[2024-02-27T00:00:59.061+0000] {logging_mixin.py:151} INFO - Record Inserted !!
[2024-02-27T00:00:59.404+0000] {logging_mixin.py:151} INFO - Record Inserted !!
[2024-02-27T00:00:59.754+0000] {logging_mixin.py:151} INFO - Record Inserted !!
[2024-02-27T00:01:00.105+0000] {logging_mixin.py:151} INFO - Record Inserted !!
[2024-02-27T00:01:00.437+0000] {logging_mixin.py:151} INFO - Record Inserted !!
[2024-02-27T00:01:00.847+0000] {logging_mixin.py:151} INFO - Record Inserted !!
[2024-02-27T00:01:01.137+0000] {logging_mixin.py:151} INFO - Record Inserted !!
[2024-02-27T00:01:01.425+0000] {logging_mixin.py:151} INFO - Record Inserted !!
[2024-02-27T00:01:01.808+0000] {logging_mixin.py:151} INFO - Record Inserted !!
[2024-02-27T00:01:02.108+0000] {logging_mixin.py:151} INFO - Record Inserted !!
[2024-02-27T00:01:02.426+0000] {logging_mixin.py:151} INFO - Record Inserted !!
[2024-02-27T00:01:02.946+0000] {logging_mixin.py:151} INFO - Record Inserted !!
[2024-02-27T00:01:03.551+0000] {logging_mixin.py:151} INFO - Record Inserted !!
[2024-02-27T00:01:03.843+0000] {logging_mixin.py:151} INFO - Record Inserted !!
[2024-02-27T00:01:04.155+0000] {logging_mixin.py:151} INFO - Record Inserted !!
[2024-02-27T00:01:04.423+0000] {logging_mixin.py:151} INFO - Record Inserted !!
[2024-02-27T00:01:04.733+0000] {logging_mixin.py:151} INFO - Record Inserted !!
[2024-02-27T00:01:04.991+0000] {logging_mixin.py:151} INFO - Record Inserted !!
[2024-02-27T00:01:05.303+0000] {logging_mixin.py:151} INFO - Record Inserted !!
[2024-02-27T00:01:05.623+0000] {logging_mixin.py:151} INFO - Record Inserted !!
[2024-02-27T00:01:05.925+0000] {logging_mixin.py:151} INFO - Record Inserted !!
[2024-02-27T00:01:06.220+0000] {logging_mixin.py:151} INFO - Record Inserted !!
[2024-02-27T00:01:06.505+0000] {logging_mixin.py:151} INFO - Record Inserted !!
[2024-02-27T00:01:06.813+0000] {logging_mixin.py:151} INFO - Record Inserted !!
[2024-02-27T00:01:07.150+0000] {logging_mixin.py:151} INFO - Record Inserted !!
[2024-02-27T00:01:07.487+0000] {logging_mixin.py:151} INFO - Record Inserted !!
[2024-02-27T00:01:07.788+0000] {logging_mixin.py:151} INFO - Record Inserted !!
[2024-02-27T00:01:08.094+0000] {logging_mixin.py:151} INFO - Record Inserted !!
[2024-02-27T00:01:08.427+0000] {logging_mixin.py:151} INFO - Record Inserted !!
[2024-02-27T00:01:08.697+0000] {logging_mixin.py:151} INFO - Record Inserted !!
[2024-02-27T00:01:08.969+0000] {logging_mixin.py:151} INFO - Record Inserted !!
[2024-02-27T00:01:09.812+0000] {logging_mixin.py:151} INFO - Record Inserted !!
[2024-02-27T00:01:10.458+0000] {logging_mixin.py:151} INFO - Record Inserted !!
[2024-02-27T00:01:10.807+0000] {logging_mixin.py:151} INFO - Record Inserted !!
[2024-02-27T00:01:11.099+0000] {logging_mixin.py:151} INFO - Record Inserted !!
[2024-02-27T00:01:11.388+0000] {logging_mixin.py:151} INFO - Record Inserted !!
[2024-02-27T00:01:11.743+0000] {logging_mixin.py:151} INFO - Record Inserted !!
[2024-02-27T00:01:12.034+0000] {logging_mixin.py:151} INFO - Record Inserted !!
[2024-02-27T00:01:12.333+0000] {logging_mixin.py:151} INFO - Record Inserted !!
[2024-02-27T00:01:12.605+0000] {logging_mixin.py:151} INFO - Record Inserted !!
[2024-02-27T00:01:13.024+0000] {logging_mixin.py:151} INFO - Record Inserted !!
[2024-02-27T00:01:13.304+0000] {logging_mixin.py:151} INFO - Record Inserted !!
[2024-02-27T00:01:14.018+0000] {logging_mixin.py:151} INFO - Record Inserted !!
[2024-02-27T00:01:14.318+0000] {logging_mixin.py:151} INFO - Record Inserted !!
[2024-02-27T00:01:14.616+0000] {logging_mixin.py:151} INFO - Record Inserted !!
[2024-02-27T00:01:15.138+0000] {logging_mixin.py:151} INFO - Record Inserted !!
[2024-02-27T00:01:15.473+0000] {logging_mixin.py:151} INFO - Record Inserted !!
[2024-02-27T00:01:15.809+0000] {logging_mixin.py:151} INFO - Record Inserted !!
[2024-02-27T00:01:16.137+0000] {logging_mixin.py:151} INFO - Record Inserted !!
[2024-02-27T00:01:16.491+0000] {logging_mixin.py:151} INFO - Record Inserted !!
[2024-02-27T00:01:16.923+0000] {logging_mixin.py:151} INFO - Record Inserted !!
[2024-02-27T00:01:17.204+0000] {logging_mixin.py:151} INFO - Record Inserted !!
[2024-02-27T00:01:17.529+0000] {logging_mixin.py:151} INFO - Record Inserted !!
[2024-02-27T00:01:17.866+0000] {logging_mixin.py:151} INFO - Record Inserted !!
[2024-02-27T00:01:18.153+0000] {logging_mixin.py:151} INFO - Record Inserted !!
[2024-02-27T00:01:18.447+0000] {logging_mixin.py:151} INFO - Record Inserted !!
[2024-02-27T00:01:18.768+0000] {logging_mixin.py:151} INFO - Record Inserted !!
[2024-02-27T00:01:19.083+0000] {logging_mixin.py:151} INFO - Record Inserted !!
[2024-02-27T00:01:19.366+0000] {logging_mixin.py:151} INFO - Record Inserted !!
[2024-02-27T00:01:20.051+0000] {logging_mixin.py:151} INFO - Record Inserted !!
[2024-02-27T00:01:20.338+0000] {logging_mixin.py:151} INFO - Record Inserted !!
[2024-02-27T00:01:20.676+0000] {logging_mixin.py:151} INFO - Record Inserted !!
[2024-02-27T00:01:20.967+0000] {logging_mixin.py:151} INFO - Record Inserted !!
[2024-02-27T00:01:21.292+0000] {logging_mixin.py:151} INFO - Record Inserted !!
[2024-02-27T00:01:21.583+0000] {logging_mixin.py:151} INFO - Record Inserted !!
[2024-02-27T00:01:21.894+0000] {logging_mixin.py:151} INFO - Record Inserted !!
[2024-02-27T00:01:22.255+0000] {logging_mixin.py:151} INFO - Record Inserted !!
[2024-02-27T00:01:22.512+0000] {logging_mixin.py:151} INFO - Record Inserted !!
[2024-02-27T00:01:22.811+0000] {logging_mixin.py:151} INFO - Record Inserted !!
[2024-02-27T00:01:23.199+0000] {logging_mixin.py:151} INFO - Record Inserted !!
[2024-02-27T00:01:23.845+0000] {logging_mixin.py:151} INFO - Record Inserted !!
[2024-02-27T00:01:24.137+0000] {logging_mixin.py:151} INFO - Record Inserted !!
[2024-02-27T00:01:24.468+0000] {logging_mixin.py:151} INFO - Record Inserted !!
[2024-02-27T00:01:24.798+0000] {logging_mixin.py:151} INFO - Record Inserted !!
[2024-02-27T00:01:25.121+0000] {logging_mixin.py:151} INFO - Record Inserted !!
[2024-02-27T00:01:25.462+0000] {logging_mixin.py:151} INFO - Record Inserted !!
[2024-02-27T00:01:25.805+0000] {logging_mixin.py:151} INFO - Record Inserted !!
[2024-02-27T00:01:26.479+0000] {logging_mixin.py:151} INFO - Record Inserted !!
[2024-02-27T00:01:26.814+0000] {logging_mixin.py:151} INFO - Record Inserted !!
[2024-02-27T00:01:27.148+0000] {logging_mixin.py:151} INFO - Record Inserted !!
[2024-02-27T00:01:27.429+0000] {logging_mixin.py:151} INFO - Record Inserted !!
[2024-02-27T00:01:28.037+0000] {logging_mixin.py:151} INFO - Record Inserted !!
[2024-02-27T00:01:28.366+0000] {logging_mixin.py:151} INFO - Record Inserted !!
[2024-02-27T00:01:28.699+0000] {logging_mixin.py:151} INFO - Record Inserted !!
[2024-02-27T00:01:28.970+0000] {logging_mixin.py:151} INFO - Record Inserted !!
[2024-02-27T00:01:29.579+0000] {logging_mixin.py:151} INFO - Record Inserted !!
[2024-02-27T00:01:29.908+0000] {logging_mixin.py:151} INFO - Record Inserted !!
[2024-02-27T00:01:30.201+0000] {logging_mixin.py:151} INFO - Record Inserted !!
[2024-02-27T00:01:30.511+0000] {logging_mixin.py:151} INFO - Record Inserted !!
[2024-02-27T00:01:30.838+0000] {logging_mixin.py:151} INFO - Record Inserted !!
[2024-02-27T00:01:31.143+0000] {logging_mixin.py:151} INFO - Record Inserted !!
[2024-02-27T00:01:31.827+0000] {logging_mixin.py:151} INFO - Record Inserted !!
[2024-02-27T00:01:32.139+0000] {logging_mixin.py:151} INFO - Record Inserted !!
[2024-02-27T00:01:32.422+0000] {logging_mixin.py:151} INFO - Record Inserted !!
[2024-02-27T00:01:32.730+0000] {logging_mixin.py:151} INFO - Record Inserted !!
[2024-02-27T00:01:33.056+0000] {logging_mixin.py:151} INFO - Record Inserted !!
[2024-02-27T00:01:33.399+0000] {logging_mixin.py:151} INFO - Record Inserted !!
[2024-02-27T00:01:34.080+0000] {logging_mixin.py:151} INFO - Record Inserted !!
[2024-02-27T00:01:34.397+0000] {logging_mixin.py:151} INFO - Record Inserted !!
[2024-02-27T00:01:34.676+0000] {logging_mixin.py:151} INFO - Record Inserted !!
[2024-02-27T00:01:34.963+0000] {logging_mixin.py:151} INFO - Record Inserted !!
[2024-02-27T00:01:35.285+0000] {logging_mixin.py:151} INFO - Record Inserted !!
[2024-02-27T00:01:35.639+0000] {logging_mixin.py:151} INFO - Record Inserted !!
[2024-02-27T00:01:35.932+0000] {logging_mixin.py:151} INFO - Record Inserted !!
[2024-02-27T00:01:36.642+0000] {logging_mixin.py:151} INFO - Record Inserted !!
[2024-02-27T00:01:36.955+0000] {logging_mixin.py:151} INFO - Record Inserted !!
[2024-02-27T00:01:37.865+0000] {logging_mixin.py:151} INFO - Record Inserted !!
[2024-02-27T00:01:38.212+0000] {logging_mixin.py:151} INFO - Record Inserted !!
[2024-02-27T00:01:38.511+0000] {logging_mixin.py:151} INFO - Record Inserted !!
[2024-02-27T00:01:38.831+0000] {logging_mixin.py:151} INFO - Record Inserted !!
[2024-02-27T00:01:39.128+0000] {logging_mixin.py:151} INFO - Record Inserted !!
[2024-02-27T00:01:39.449+0000] {logging_mixin.py:151} INFO - Record Inserted !!
[2024-02-27T00:01:39.743+0000] {logging_mixin.py:151} INFO - Record Inserted !!
[2024-02-27T00:01:40.052+0000] {logging_mixin.py:151} INFO - Record Inserted !!
[2024-02-27T00:01:40.411+0000] {logging_mixin.py:151} INFO - Record Inserted !!
[2024-02-27T00:01:40.704+0000] {logging_mixin.py:151} INFO - Record Inserted !!
[2024-02-27T00:01:41.350+0000] {logging_mixin.py:151} INFO - Record Inserted !!
[2024-02-27T00:01:41.665+0000] {logging_mixin.py:151} INFO - Record Inserted !!
[2024-02-27T00:01:41.962+0000] {logging_mixin.py:151} INFO - Record Inserted !!
[2024-02-27T00:01:42.265+0000] {logging_mixin.py:151} INFO - Record Inserted !!
[2024-02-27T00:01:42.700+0000] {logging_mixin.py:151} INFO - Record Inserted !!
[2024-02-27T00:01:43.007+0000] {logging_mixin.py:151} INFO - Record Inserted !!
[2024-02-27T00:01:43.353+0000] {logging_mixin.py:151} INFO - Record Inserted !!
[2024-02-27T00:01:43.688+0000] {logging_mixin.py:151} INFO - Record Inserted !!
[2024-02-27T00:01:43.981+0000] {logging_mixin.py:151} INFO - Record Inserted !!
[2024-02-27T00:01:44.304+0000] {logging_mixin.py:151} INFO - Record Inserted !!
[2024-02-27T00:01:44.645+0000] {logging_mixin.py:151} INFO - Record Inserted !!
[2024-02-27T00:01:45.243+0000] {logging_mixin.py:151} INFO - Record Inserted !!
[2024-02-27T00:01:45.955+0000] {logging_mixin.py:151} INFO - Record Inserted !!
[2024-02-27T00:01:46.323+0000] {logging_mixin.py:151} INFO - Record Inserted !!
[2024-02-27T00:01:47.185+0000] {logging_mixin.py:151} INFO - Record Inserted !!
[2024-02-27T00:01:47.480+0000] {logging_mixin.py:151} INFO - Record Inserted !!
[2024-02-27T00:01:47.978+0000] {logging_mixin.py:151} INFO - Record Inserted !!
[2024-02-27T00:01:48.332+0000] {logging_mixin.py:151} INFO - Record Inserted !!
[2024-02-27T00:01:48.641+0000] {logging_mixin.py:151} INFO - Record Inserted !!
[2024-02-27T00:01:48.938+0000] {logging_mixin.py:151} INFO - Record Inserted !!
[2024-02-27T00:01:49.267+0000] {logging_mixin.py:151} INFO - Record Inserted !!
[2024-02-27T00:01:49.553+0000] {logging_mixin.py:151} INFO - Record Inserted !!
[2024-02-27T00:01:49.872+0000] {logging_mixin.py:151} INFO - Record Inserted !!
[2024-02-27T00:01:50.169+0000] {logging_mixin.py:151} INFO - Record Inserted !!
[2024-02-27T00:01:50.458+0000] {logging_mixin.py:151} INFO - Record Inserted !!
[2024-02-27T00:01:50.793+0000] {logging_mixin.py:151} INFO - Record Inserted !!
[2024-02-27T00:01:51.386+0000] {logging_mixin.py:151} INFO - Record Inserted !!
[2024-02-27T00:01:51.676+0000] {logging_mixin.py:151} INFO - Record Inserted !!
[2024-02-27T00:01:51.971+0000] {logging_mixin.py:151} INFO - Record Inserted !!
[2024-02-27T00:01:52.270+0000] {logging_mixin.py:151} INFO - Record Inserted !!
[2024-02-27T00:01:52.586+0000] {logging_mixin.py:151} INFO - Record Inserted !!
[2024-02-27T00:01:52.928+0000] {logging_mixin.py:151} INFO - Record Inserted !!
[2024-02-27T00:01:53.223+0000] {logging_mixin.py:151} INFO - Record Inserted !!
[2024-02-27T00:01:53.561+0000] {logging_mixin.py:151} INFO - Record Inserted !!
[2024-02-27T00:01:53.851+0000] {logging_mixin.py:151} INFO - Record Inserted !!
[2024-02-27T00:01:54.141+0000] {logging_mixin.py:151} INFO - Record Inserted !!
[2024-02-27T00:01:54.451+0000] {logging_mixin.py:151} INFO - Record Inserted !!
[2024-02-27T00:01:54.740+0000] {logging_mixin.py:151} INFO - Record Inserted !!
[2024-02-27T00:01:55.032+0000] {logging_mixin.py:151} INFO - Record Inserted !!
[2024-02-27T00:01:55.387+0000] {logging_mixin.py:151} INFO - Record Inserted !!
[2024-02-27T00:01:55.697+0000] {logging_mixin.py:151} INFO - Record Inserted !!
[2024-02-27T00:01:56.072+0000] {logging_mixin.py:151} INFO - Record Inserted !!
[2024-02-27T00:01:56.428+0000] {logging_mixin.py:151} INFO - Record Inserted !!
[2024-02-27T00:01:56.745+0000] {logging_mixin.py:151} INFO - Record Inserted !!
[2024-02-27T00:01:57.059+0000] {logging_mixin.py:151} INFO - Record Inserted !!
[2024-02-27T00:01:57.384+0000] {logging_mixin.py:151} INFO - Record Inserted !!
[2024-02-27T00:01:58.040+0000] {logging_mixin.py:151} INFO - Record Inserted !!
[2024-02-27T00:01:58.339+0000] {logging_mixin.py:151} INFO - Record Inserted !!
[2024-02-27T00:01:58.644+0000] {logging_mixin.py:151} INFO - Record Inserted !!
[2024-02-27T00:01:58.968+0000] {logging_mixin.py:151} INFO - Record Inserted !!
[2024-02-27T00:01:59.578+0000] {logging_mixin.py:151} INFO - Record Inserted !!
[2024-02-27T00:02:00.190+0000] {logging_mixin.py:151} INFO - Record Inserted !!
[2024-02-27T00:02:00.497+0000] {logging_mixin.py:151} INFO - Record Inserted !!
[2024-02-27T00:02:00.819+0000] {logging_mixin.py:151} INFO - Record Inserted !!
[2024-02-27T00:02:01.230+0000] {logging_mixin.py:151} INFO - Record Inserted !!
[2024-02-27T00:02:01.606+0000] {logging_mixin.py:151} INFO - Record Inserted !!
[2024-02-27T00:02:01.906+0000] {logging_mixin.py:151} INFO - Record Inserted !!
[2024-02-27T00:02:02.248+0000] {logging_mixin.py:151} INFO - Record Inserted !!
[2024-02-27T00:02:02.600+0000] {logging_mixin.py:151} INFO - Record Inserted !!
[2024-02-27T00:02:02.922+0000] {logging_mixin.py:151} INFO - Record Inserted !!
[2024-02-27T00:02:03.228+0000] {logging_mixin.py:151} INFO - Record Inserted !!
[2024-02-27T00:02:03.572+0000] {logging_mixin.py:151} INFO - Record Inserted !!
[2024-02-27T00:02:03.903+0000] {logging_mixin.py:151} INFO - Record Inserted !!
[2024-02-27T00:02:04.228+0000] {logging_mixin.py:151} INFO - Record Inserted !!
[2024-02-27T00:02:04.582+0000] {logging_mixin.py:151} INFO - Record Inserted !!
[2024-02-27T00:02:04.888+0000] {logging_mixin.py:151} INFO - Record Inserted !!
[2024-02-27T00:02:05.515+0000] {logging_mixin.py:151} INFO - Record Inserted !!
[2024-02-27T00:02:05.830+0000] {logging_mixin.py:151} INFO - Record Inserted !!
[2024-02-27T00:02:06.140+0000] {logging_mixin.py:151} INFO - Record Inserted !!
[2024-02-27T00:02:06.470+0000] {logging_mixin.py:151} INFO - Record Inserted !!
[2024-02-27T00:02:06.830+0000] {logging_mixin.py:151} INFO - Record Inserted !!
[2024-02-27T00:02:07.137+0000] {logging_mixin.py:151} INFO - Record Inserted !!
[2024-02-27T00:02:07.405+0000] {logging_mixin.py:151} INFO - Record Inserted !!
[2024-02-27T00:02:07.723+0000] {logging_mixin.py:151} INFO - Record Inserted !!
[2024-02-27T00:02:08.028+0000] {logging_mixin.py:151} INFO - Record Inserted !!
[2024-02-27T00:02:08.350+0000] {logging_mixin.py:151} INFO - Record Inserted !!
[2024-02-27T00:02:08.633+0000] {logging_mixin.py:151} INFO - Record Inserted !!
[2024-02-27T00:02:08.940+0000] {logging_mixin.py:151} INFO - Record Inserted !!
[2024-02-27T00:02:09.233+0000] {logging_mixin.py:151} INFO - Record Inserted !!
[2024-02-27T00:02:09.579+0000] {logging_mixin.py:151} INFO - Record Inserted !!
[2024-02-27T00:02:10.083+0000] {logging_mixin.py:151} INFO - Record Inserted !!
[2024-02-27T00:02:10.433+0000] {logging_mixin.py:151} INFO - Record Inserted !!
[2024-02-27T00:02:10.732+0000] {logging_mixin.py:151} INFO - Record Inserted !!
[2024-02-27T00:02:11.074+0000] {logging_mixin.py:151} INFO - Record Inserted !!
[2024-02-27T00:02:11.364+0000] {logging_mixin.py:151} INFO - Record Inserted !!
[2024-02-27T00:02:11.696+0000] {logging_mixin.py:151} INFO - Record Inserted !!
[2024-02-27T00:02:12.009+0000] {logging_mixin.py:151} INFO - Record Inserted !!
[2024-02-27T00:02:12.364+0000] {logging_mixin.py:151} INFO - Record Inserted !!
[2024-02-27T00:02:12.666+0000] {logging_mixin.py:151} INFO - Record Inserted !!
[2024-02-27T00:02:12.940+0000] {logging_mixin.py:151} INFO - Record Inserted !!
[2024-02-27T00:02:13.266+0000] {logging_mixin.py:151} INFO - Record Inserted !!
[2024-02-27T00:02:13.556+0000] {logging_mixin.py:151} INFO - Record Inserted !!
[2024-02-27T00:02:13.875+0000] {logging_mixin.py:151} INFO - Record Inserted !!
[2024-02-27T00:02:14.167+0000] {logging_mixin.py:151} INFO - Record Inserted !!
[2024-02-27T00:02:14.483+0000] {logging_mixin.py:151} INFO - Record Inserted !!
[2024-02-27T00:02:14.807+0000] {logging_mixin.py:151} INFO - Record Inserted !!
[2024-02-27T00:02:15.445+0000] {logging_mixin.py:151} INFO - Record Inserted !!
[2024-02-27T00:02:15.755+0000] {logging_mixin.py:151} INFO - Record Inserted !!
[2024-02-27T00:02:16.072+0000] {logging_mixin.py:151} INFO - Record Inserted !!
[2024-02-27T00:02:16.396+0000] {logging_mixin.py:151} INFO - Record Inserted !!
[2024-02-27T00:02:16.729+0000] {logging_mixin.py:151} INFO - Record Inserted !!
[2024-02-27T00:02:17.006+0000] {logging_mixin.py:151} INFO - Record Inserted !!
[2024-02-27T00:02:17.329+0000] {logging_mixin.py:151} INFO - Record Inserted !!
[2024-02-27T00:02:17.631+0000] {logging_mixin.py:151} INFO - Record Inserted !!
[2024-02-27T00:02:17.958+0000] {logging_mixin.py:151} INFO - Record Inserted !!
[2024-02-27T00:02:18.244+0000] {logging_mixin.py:151} INFO - Record Inserted !!
[2024-02-27T00:02:18.828+0000] {logging_mixin.py:151} INFO - Record Inserted !!
[2024-02-27T00:02:19.167+0000] {logging_mixin.py:151} INFO - Record Inserted !!
[2024-02-27T00:02:19.492+0000] {logging_mixin.py:151} INFO - Record Inserted !!
[2024-02-27T00:02:20.003+0000] {logging_mixin.py:151} INFO - Record Inserted !!
[2024-02-27T00:02:20.340+0000] {logging_mixin.py:151} INFO - Record Inserted !!
[2024-02-27T00:02:20.676+0000] {logging_mixin.py:151} INFO - Record Inserted !!
[2024-02-27T00:02:21.024+0000] {logging_mixin.py:151} INFO - Record Inserted !!
[2024-02-27T00:02:21.357+0000] {logging_mixin.py:151} INFO - Record Inserted !!
[2024-02-27T00:02:22.107+0000] {logging_mixin.py:151} INFO - Record Inserted !!
[2024-02-27T00:02:22.415+0000] {logging_mixin.py:151} INFO - Record Inserted !!
[2024-02-27T00:02:22.718+0000] {logging_mixin.py:151} INFO - Record Inserted !!
[2024-02-27T00:02:22.997+0000] {logging_mixin.py:151} INFO - Record Inserted !!
[2024-02-27T00:02:23.336+0000] {logging_mixin.py:151} INFO - Record Inserted !!
[2024-02-27T00:02:23.636+0000] {logging_mixin.py:151} INFO - Record Inserted !!
[2024-02-27T00:02:23.912+0000] {logging_mixin.py:151} INFO - Record Inserted !!
[2024-02-27T00:02:24.549+0000] {logging_mixin.py:151} INFO - Record Inserted !!
[2024-02-27T00:02:24.840+0000] {logging_mixin.py:151} INFO - Record Inserted !!
[2024-02-27T00:02:25.175+0000] {logging_mixin.py:151} INFO - Record Inserted !!
[2024-02-27T00:02:25.451+0000] {logging_mixin.py:151} INFO - Record Inserted !!
[2024-02-27T00:02:25.715+0000] {logging_mixin.py:151} INFO - Record Inserted !!
[2024-02-27T00:02:26.003+0000] {logging_mixin.py:151} INFO - Record Inserted !!
[2024-02-27T00:02:26.348+0000] {logging_mixin.py:151} INFO - Record Inserted !!
[2024-02-27T00:02:26.697+0000] {logging_mixin.py:151} INFO - Record Inserted !!
[2024-02-27T00:02:26.991+0000] {logging_mixin.py:151} INFO - Record Inserted !!
[2024-02-27T00:02:27.431+0000] {logging_mixin.py:151} INFO - Record Inserted !!
[2024-02-27T00:02:27.702+0000] {logging_mixin.py:151} INFO - Record Inserted !!
[2024-02-27T00:02:28.011+0000] {logging_mixin.py:151} INFO - Record Inserted !!
[2024-02-27T00:02:28.274+0000] {logging_mixin.py:151} INFO - Record Inserted !!
[2024-02-27T00:02:28.605+0000] {logging_mixin.py:151} INFO - Record Inserted !!
[2024-02-27T00:02:28.892+0000] {logging_mixin.py:151} INFO - Record Inserted !!
[2024-02-27T00:02:29.176+0000] {logging_mixin.py:151} INFO - Record Inserted !!
[2024-02-27T00:02:29.474+0000] {logging_mixin.py:151} INFO - Record Inserted !!
[2024-02-27T00:02:29.826+0000] {logging_mixin.py:151} INFO - Record Inserted !!
[2024-02-27T00:02:30.115+0000] {logging_mixin.py:151} INFO - Record Inserted !!
[2024-02-27T00:02:30.401+0000] {logging_mixin.py:151} INFO - Record Inserted !!
[2024-02-27T00:02:30.743+0000] {logging_mixin.py:151} INFO - Record Inserted !!
[2024-02-27T00:02:31.071+0000] {logging_mixin.py:151} INFO - Record Inserted !!
[2024-02-27T00:02:31.363+0000] {logging_mixin.py:151} INFO - Record Inserted !!
[2024-02-27T00:02:31.651+0000] {logging_mixin.py:151} INFO - Record Inserted !!
[2024-02-27T00:02:31.956+0000] {logging_mixin.py:151} INFO - Record Inserted !!
[2024-02-27T00:02:32.299+0000] {logging_mixin.py:151} INFO - Record Inserted !!
[2024-02-27T00:02:32.840+0000] {logging_mixin.py:151} INFO - Record Inserted !!
[2024-02-27T00:02:33.160+0000] {logging_mixin.py:151} INFO - Record Inserted !!
[2024-02-27T00:02:33.497+0000] {logging_mixin.py:151} INFO - Record Inserted !!
[2024-02-27T00:02:33.833+0000] {logging_mixin.py:151} INFO - Record Inserted !!
[2024-02-27T00:02:34.132+0000] {logging_mixin.py:151} INFO - Record Inserted !!
[2024-02-27T00:02:34.419+0000] {logging_mixin.py:151} INFO - Record Inserted !!
[2024-02-27T00:02:34.756+0000] {logging_mixin.py:151} INFO - Record Inserted !!
[2024-02-27T00:02:35.209+0000] {logging_mixin.py:151} INFO - Record Inserted !!
[2024-02-27T00:02:35.553+0000] {logging_mixin.py:151} INFO - Record Inserted !!
[2024-02-27T00:02:35.832+0000] {logging_mixin.py:151} INFO - Record Inserted !!
[2024-02-27T00:02:36.152+0000] {logging_mixin.py:151} INFO - Record Inserted !!
[2024-02-27T00:02:36.646+0000] {logging_mixin.py:151} INFO - Record Inserted !!
[2024-02-27T00:02:36.972+0000] {logging_mixin.py:151} INFO - Record Inserted !!
[2024-02-27T00:02:37.301+0000] {logging_mixin.py:151} INFO - Record Inserted !!
[2024-02-27T00:02:37.619+0000] {logging_mixin.py:151} INFO - Record Inserted !!
[2024-02-27T00:02:37.930+0000] {logging_mixin.py:151} INFO - Record Inserted !!
[2024-02-27T00:02:39.209+0000] {logging_mixin.py:151} INFO - Record Inserted !!
[2024-02-27T00:02:39.548+0000] {logging_mixin.py:151} INFO - Record Inserted !!
[2024-02-27T00:02:39.902+0000] {logging_mixin.py:151} INFO - Record Inserted !!
[2024-02-27T00:02:40.190+0000] {logging_mixin.py:151} INFO - Record Inserted !!
[2024-02-27T00:02:40.521+0000] {logging_mixin.py:151} INFO - Record Inserted !!
[2024-02-27T00:02:40.809+0000] {logging_mixin.py:151} INFO - Record Inserted !!
[2024-02-27T00:02:41.151+0000] {logging_mixin.py:151} INFO - Record Inserted !!
[2024-02-27T00:02:41.522+0000] {logging_mixin.py:151} INFO - Record Inserted !!
[2024-02-27T00:02:41.867+0000] {logging_mixin.py:151} INFO - Record Inserted !!
[2024-02-27T00:02:42.217+0000] {logging_mixin.py:151} INFO - Record Inserted !!
[2024-02-27T00:02:42.497+0000] {logging_mixin.py:151} INFO - Record Inserted !!
[2024-02-27T00:02:42.789+0000] {logging_mixin.py:151} INFO - Record Inserted !!
[2024-02-27T00:02:43.112+0000] {logging_mixin.py:151} INFO - Record Inserted !!
[2024-02-27T00:02:43.445+0000] {logging_mixin.py:151} INFO - Record Inserted !!
[2024-02-27T00:02:44.052+0000] {logging_mixin.py:151} INFO - Record Inserted !!
[2024-02-27T00:02:44.342+0000] {logging_mixin.py:151} INFO - Record Inserted !!
[2024-02-27T00:02:44.996+0000] {logging_mixin.py:151} INFO - Record Inserted !!
[2024-02-27T00:02:45.312+0000] {logging_mixin.py:151} INFO - Record Inserted !!
[2024-02-27T00:02:45.583+0000] {logging_mixin.py:151} INFO - Record Inserted !!
[2024-02-27T00:02:45.905+0000] {logging_mixin.py:151} INFO - Record Inserted !!
[2024-02-27T00:02:46.207+0000] {logging_mixin.py:151} INFO - Record Inserted !!
[2024-02-27T00:02:46.520+0000] {logging_mixin.py:151} INFO - Record Inserted !!
[2024-02-27T00:02:46.875+0000] {logging_mixin.py:151} INFO - Record Inserted !!
[2024-02-27T00:02:47.390+0000] {logging_mixin.py:151} INFO - Record Inserted !!
[2024-02-27T00:02:47.682+0000] {logging_mixin.py:151} INFO - Record Inserted !!
[2024-02-27T00:02:48.005+0000] {logging_mixin.py:151} INFO - Record Inserted !!
[2024-02-27T00:02:48.334+0000] {logging_mixin.py:151} INFO - Record Inserted !!
[2024-02-27T00:02:48.608+0000] {logging_mixin.py:151} INFO - Record Inserted !!
[2024-02-27T00:02:48.904+0000] {logging_mixin.py:151} INFO - Record Inserted !!
[2024-02-27T00:02:49.542+0000] {logging_mixin.py:151} INFO - Record Inserted !!
[2024-02-27T00:02:49.826+0000] {logging_mixin.py:151} INFO - Record Inserted !!
[2024-02-27T00:02:50.154+0000] {logging_mixin.py:151} INFO - Record Inserted !!
[2024-02-27T00:02:50.442+0000] {logging_mixin.py:151} INFO - Record Inserted !!
[2024-02-27T00:02:50.793+0000] {logging_mixin.py:151} INFO - Record Inserted !!
[2024-02-27T00:02:51.088+0000] {logging_mixin.py:151} INFO - Record Inserted !!
[2024-02-27T00:02:51.441+0000] {logging_mixin.py:151} INFO - Record Inserted !!
[2024-02-27T00:02:51.795+0000] {logging_mixin.py:151} INFO - Record Inserted !!
[2024-02-27T00:02:52.113+0000] {logging_mixin.py:151} INFO - Record Inserted !!
[2024-02-27T00:02:52.412+0000] {logging_mixin.py:151} INFO - Record Inserted !!
[2024-02-27T00:02:52.749+0000] {logging_mixin.py:151} INFO - Record Inserted !!
[2024-02-27T00:02:53.036+0000] {logging_mixin.py:151} INFO - Record Inserted !!
[2024-02-27T00:02:53.649+0000] {logging_mixin.py:151} INFO - Record Inserted !!
[2024-02-27T00:02:53.950+0000] {logging_mixin.py:151} INFO - Record Inserted !!
[2024-02-27T00:02:54.271+0000] {logging_mixin.py:151} INFO - Record Inserted !!
[2024-02-27T00:02:54.561+0000] {logging_mixin.py:151} INFO - Record Inserted !!
[2024-02-27T00:02:54.863+0000] {logging_mixin.py:151} INFO - Record Inserted !!
[2024-02-27T00:02:55.158+0000] {logging_mixin.py:151} INFO - Record Inserted !!
[2024-02-27T00:02:55.469+0000] {logging_mixin.py:151} INFO - Record Inserted !!
[2024-02-27T00:02:55.776+0000] {logging_mixin.py:151} INFO - Record Inserted !!
[2024-02-27T00:02:56.107+0000] {logging_mixin.py:151} INFO - Record Inserted !!
[2024-02-27T00:02:56.441+0000] {logging_mixin.py:151} INFO - Record Inserted !!
[2024-02-27T00:02:56.728+0000] {logging_mixin.py:151} INFO - Record Inserted !!
[2024-02-27T00:02:57.024+0000] {logging_mixin.py:151} INFO - Record Inserted !!
[2024-02-27T00:02:57.656+0000] {logging_mixin.py:151} INFO - Record Inserted !!
[2024-02-27T00:02:57.998+0000] {logging_mixin.py:151} INFO - Record Inserted !!
[2024-02-27T00:02:58.321+0000] {logging_mixin.py:151} INFO - Record Inserted !!
[2024-02-27T00:02:58.917+0000] {logging_mixin.py:151} INFO - Record Inserted !!
[2024-02-27T00:02:59.362+0000] {logging_mixin.py:151} INFO - Record Inserted !!
[2024-02-27T00:03:00.196+0000] {logging_mixin.py:151} INFO - Record Inserted !!
[2024-02-27T00:03:00.536+0000] {logging_mixin.py:151} INFO - Record Inserted !!
[2024-02-27T00:03:02.053+0000] {logging_mixin.py:151} INFO - Record Inserted !!
[2024-02-27T00:03:02.447+0000] {logging_mixin.py:151} INFO - Record Inserted !!
[2024-02-27T00:03:02.754+0000] {logging_mixin.py:151} INFO - Record Inserted !!
[2024-02-27T00:03:03.067+0000] {logging_mixin.py:151} INFO - Record Inserted !!
[2024-02-27T00:03:03.369+0000] {logging_mixin.py:151} INFO - Record Inserted !!
[2024-02-27T00:03:03.695+0000] {logging_mixin.py:151} INFO - Record Inserted !!
[2024-02-27T00:03:03.990+0000] {logging_mixin.py:151} INFO - Record Inserted !!
[2024-02-27T00:03:04.320+0000] {logging_mixin.py:151} INFO - Record Inserted !!
[2024-02-27T00:03:04.632+0000] {logging_mixin.py:151} INFO - Record Inserted !!
[2024-02-27T00:03:04.963+0000] {logging_mixin.py:151} INFO - Record Inserted !!
[2024-02-27T00:03:05.342+0000] {logging_mixin.py:151} INFO - Record Inserted !!
[2024-02-27T00:03:05.665+0000] {logging_mixin.py:151} INFO - Record Inserted !!
[2024-02-27T00:03:05.990+0000] {logging_mixin.py:151} INFO - Record Inserted !!
[2024-02-27T00:03:06.284+0000] {logging_mixin.py:151} INFO - Record Inserted !!
[2024-02-27T00:03:06.893+0000] {logging_mixin.py:151} INFO - Record Inserted !!
[2024-02-27T00:03:07.221+0000] {logging_mixin.py:151} INFO - Record Inserted !!
[2024-02-27T00:03:07.555+0000] {logging_mixin.py:151} INFO - Record Inserted !!
[2024-02-27T00:03:07.832+0000] {logging_mixin.py:151} INFO - Record Inserted !!
[2024-02-27T00:03:08.146+0000] {logging_mixin.py:151} INFO - Record Inserted !!
[2024-02-27T00:03:08.408+0000] {logging_mixin.py:151} INFO - Record Inserted !!
[2024-02-27T00:03:08.715+0000] {logging_mixin.py:151} INFO - Record Inserted !!
[2024-02-27T00:03:08.980+0000] {logging_mixin.py:151} INFO - Record Inserted !!
[2024-02-27T00:03:09.273+0000] {logging_mixin.py:151} INFO - Record Inserted !!
[2024-02-27T00:03:09.619+0000] {logging_mixin.py:151} INFO - Record Inserted !!
[2024-02-27T00:03:09.904+0000] {logging_mixin.py:151} INFO - Record Inserted !!
[2024-02-27T00:03:10.197+0000] {logging_mixin.py:151} INFO - Record Inserted !!
[2024-02-27T00:03:10.481+0000] {logging_mixin.py:151} INFO - Record Inserted !!
[2024-02-27T00:03:10.771+0000] {logging_mixin.py:151} INFO - Record Inserted !!
[2024-02-27T00:03:11.080+0000] {logging_mixin.py:151} INFO - Record Inserted !!
[2024-02-27T00:03:11.364+0000] {logging_mixin.py:151} INFO - Record Inserted !!
[2024-02-27T00:03:11.661+0000] {logging_mixin.py:151} INFO - Record Inserted !!
[2024-02-27T00:03:11.943+0000] {logging_mixin.py:151} INFO - Record Inserted !!
[2024-02-27T00:03:12.468+0000] {logging_mixin.py:151} INFO - Record Inserted !!
[2024-02-27T00:03:12.759+0000] {logging_mixin.py:151} INFO - Record Inserted !!
[2024-02-27T00:03:13.081+0000] {logging_mixin.py:151} INFO - Record Inserted !!
[2024-02-27T00:03:13.354+0000] {logging_mixin.py:151} INFO - Record Inserted !!
[2024-02-27T00:03:13.699+0000] {logging_mixin.py:151} INFO - Record Inserted !!
[2024-02-27T00:03:13.986+0000] {logging_mixin.py:151} INFO - Record Inserted !!
[2024-02-27T00:03:14.318+0000] {logging_mixin.py:151} INFO - Record Inserted !!
[2024-02-27T00:03:14.619+0000] {logging_mixin.py:151} INFO - Record Inserted !!
[2024-02-27T00:03:14.955+0000] {logging_mixin.py:151} INFO - Record Inserted !!
[2024-02-27T00:03:15.283+0000] {logging_mixin.py:151} INFO - Record Inserted !!
[2024-02-27T00:03:15.569+0000] {logging_mixin.py:151} INFO - Record Inserted !!
[2024-02-27T00:03:16.183+0000] {logging_mixin.py:151} INFO - Record Inserted !!
[2024-02-27T00:03:16.452+0000] {logging_mixin.py:151} INFO - Record Inserted !!
[2024-02-27T00:03:16.722+0000] {logging_mixin.py:151} INFO - Record Inserted !!
[2024-02-27T00:03:16.983+0000] {logging_mixin.py:151} INFO - Record Inserted !!
[2024-02-27T00:03:17.262+0000] {logging_mixin.py:151} INFO - Record Inserted !!
[2024-02-27T00:03:17.615+0000] {logging_mixin.py:151} INFO - Record Inserted !!
[2024-02-27T00:03:17.906+0000] {logging_mixin.py:151} INFO - Record Inserted !!
[2024-02-27T00:03:18.257+0000] {logging_mixin.py:151} INFO - Record Inserted !!
[2024-02-27T00:03:18.582+0000] {logging_mixin.py:151} INFO - Record Inserted !!
[2024-02-27T00:03:18.908+0000] {logging_mixin.py:151} INFO - Record Inserted !!
[2024-02-27T00:03:19.214+0000] {logging_mixin.py:151} INFO - Record Inserted !!
[2024-02-27T00:03:19.853+0000] {logging_mixin.py:151} INFO - Record Inserted !!
[2024-02-27T00:03:20.157+0000] {logging_mixin.py:151} INFO - Record Inserted !!
[2024-02-27T00:03:20.499+0000] {logging_mixin.py:151} INFO - Record Inserted !!
[2024-02-27T00:03:20.814+0000] {logging_mixin.py:151} INFO - Record Inserted !!
[2024-02-27T00:03:21.114+0000] {logging_mixin.py:151} INFO - Record Inserted !!
[2024-02-27T00:03:21.385+0000] {logging_mixin.py:151} INFO - Record Inserted !!
[2024-02-27T00:03:21.706+0000] {logging_mixin.py:151} INFO - Record Inserted !!
[2024-02-27T00:03:21.997+0000] {logging_mixin.py:151} INFO - Record Inserted !!
[2024-02-27T00:03:22.333+0000] {logging_mixin.py:151} INFO - Record Inserted !!
[2024-02-27T00:03:24.886+0000] {logging_mixin.py:151} INFO - Record Inserted !!
[2024-02-27T00:03:25.229+0000] {logging_mixin.py:151} INFO - Record Inserted !!
[2024-02-27T00:03:25.523+0000] {logging_mixin.py:151} INFO - Record Inserted !!
[2024-02-27T00:03:25.829+0000] {logging_mixin.py:151} INFO - Record Inserted !!
[2024-02-27T00:03:26.108+0000] {logging_mixin.py:151} INFO - Record Inserted !!
[2024-02-27T00:03:26.417+0000] {logging_mixin.py:151} INFO - Record Inserted !!
[2024-02-27T00:03:26.748+0000] {logging_mixin.py:151} INFO - Record Inserted !!
[2024-02-27T00:03:27.052+0000] {logging_mixin.py:151} INFO - Record Inserted !!
[2024-02-27T00:03:27.333+0000] {logging_mixin.py:151} INFO - Record Inserted !!
[2024-02-27T00:03:27.628+0000] {logging_mixin.py:151} INFO - Record Inserted !!
[2024-02-27T00:03:27.935+0000] {logging_mixin.py:151} INFO - Record Inserted !!
[2024-02-27T00:03:28.225+0000] {logging_mixin.py:151} INFO - Record Inserted !!
[2024-02-27T00:03:28.534+0000] {logging_mixin.py:151} INFO - Record Inserted !!
[2024-02-27T00:03:28.832+0000] {logging_mixin.py:151} INFO - Record Inserted !!
[2024-02-27T00:03:29.165+0000] {logging_mixin.py:151} INFO - Record Inserted !!
[2024-02-27T00:03:29.463+0000] {logging_mixin.py:151} INFO - Record Inserted !!
[2024-02-27T00:03:29.763+0000] {logging_mixin.py:151} INFO - Record Inserted !!
[2024-02-27T00:03:30.106+0000] {logging_mixin.py:151} INFO - Record Inserted !!
[2024-02-27T00:03:30.429+0000] {logging_mixin.py:151} INFO - Record Inserted !!
[2024-02-27T00:03:30.761+0000] {logging_mixin.py:151} INFO - Record Inserted !!
[2024-02-27T00:03:31.092+0000] {logging_mixin.py:151} INFO - Record Inserted !!
[2024-02-27T00:03:31.407+0000] {logging_mixin.py:151} INFO - Record Inserted !!
[2024-02-27T00:03:31.731+0000] {logging_mixin.py:151} INFO - Record Inserted !!
[2024-02-27T00:03:32.057+0000] {logging_mixin.py:151} INFO - Record Inserted !!
[2024-02-27T00:03:32.382+0000] {logging_mixin.py:151} INFO - Record Inserted !!
[2024-02-27T00:03:32.724+0000] {logging_mixin.py:151} INFO - Record Inserted !!
[2024-02-27T00:03:33.033+0000] {logging_mixin.py:151} INFO - Record Inserted !!
[2024-02-27T00:03:33.326+0000] {logging_mixin.py:151} INFO - Record Inserted !!
[2024-02-27T00:03:33.673+0000] {logging_mixin.py:151} INFO - Record Inserted !!
[2024-02-27T00:03:34.010+0000] {logging_mixin.py:151} INFO - Record Inserted !!
[2024-02-27T00:03:34.288+0000] {logging_mixin.py:151} INFO - Record Inserted !!
[2024-02-27T00:03:34.623+0000] {logging_mixin.py:151} INFO - Record Inserted !!
[2024-02-27T00:03:34.956+0000] {logging_mixin.py:151} INFO - Record Inserted !!
[2024-02-27T00:03:35.297+0000] {logging_mixin.py:151} INFO - Record Inserted !!
[2024-02-27T00:03:35.643+0000] {logging_mixin.py:151} INFO - Record Inserted !!
[2024-02-27T00:03:35.944+0000] {logging_mixin.py:151} INFO - Record Inserted !!
[2024-02-27T00:03:36.255+0000] {logging_mixin.py:151} INFO - Record Inserted !!
[2024-02-27T00:03:36.528+0000] {logging_mixin.py:151} INFO - Record Inserted !!
[2024-02-27T00:03:36.812+0000] {logging_mixin.py:151} INFO - Record Inserted !!
[2024-02-27T00:03:37.087+0000] {logging_mixin.py:151} INFO - Record Inserted !!
[2024-02-27T00:03:37.359+0000] {logging_mixin.py:151} INFO - Record Inserted !!
[2024-02-27T00:03:37.985+0000] {logging_mixin.py:151} INFO - Record Inserted !!
[2024-02-27T00:03:38.287+0000] {logging_mixin.py:151} INFO - Record Inserted !!
[2024-02-27T00:03:38.640+0000] {logging_mixin.py:151} INFO - Record Inserted !!
[2024-02-27T00:03:38.971+0000] {logging_mixin.py:151} INFO - Record Inserted !!
[2024-02-27T00:03:39.279+0000] {logging_mixin.py:151} INFO - Record Inserted !!
[2024-02-27T00:03:39.595+0000] {logging_mixin.py:151} INFO - Record Inserted !!
[2024-02-27T00:03:39.878+0000] {logging_mixin.py:151} INFO - Record Inserted !!
[2024-02-27T00:03:40.172+0000] {logging_mixin.py:151} INFO - Record Inserted !!
[2024-02-27T00:03:40.491+0000] {logging_mixin.py:151} INFO - Record Inserted !!
[2024-02-27T00:03:40.820+0000] {logging_mixin.py:151} INFO - Record Inserted !!
[2024-02-27T00:03:41.114+0000] {logging_mixin.py:151} INFO - Record Inserted !!
[2024-02-27T00:03:41.425+0000] {logging_mixin.py:151} INFO - Record Inserted !!
[2024-02-27T00:03:41.934+0000] {logging_mixin.py:151} INFO - Record Inserted !!
[2024-02-27T00:03:42.282+0000] {logging_mixin.py:151} INFO - Record Inserted !!
[2024-02-27T00:03:42.556+0000] {logging_mixin.py:151} INFO - Record Inserted !!
[2024-02-27T00:03:42.835+0000] {logging_mixin.py:151} INFO - Record Inserted !!
[2024-02-27T00:03:43.132+0000] {logging_mixin.py:151} INFO - Record Inserted !!
[2024-02-27T00:03:43.467+0000] {logging_mixin.py:151} INFO - Record Inserted !!
[2024-02-27T00:03:43.752+0000] {logging_mixin.py:151} INFO - Record Inserted !!
[2024-02-27T00:03:44.090+0000] {logging_mixin.py:151} INFO - Record Inserted !!
[2024-02-27T00:03:44.414+0000] {logging_mixin.py:151} INFO - Record Inserted !!
[2024-02-27T00:03:44.864+0000] {logging_mixin.py:151} INFO - Record Inserted !!
[2024-02-27T00:03:45.196+0000] {logging_mixin.py:151} INFO - Record Inserted !!
[2024-02-27T00:03:45.517+0000] {logging_mixin.py:151} INFO - Record Inserted !!
[2024-02-27T00:03:45.804+0000] {logging_mixin.py:151} INFO - Record Inserted !!
[2024-02-27T00:03:46.098+0000] {logging_mixin.py:151} INFO - Record Inserted !!
[2024-02-27T00:03:46.365+0000] {logging_mixin.py:151} INFO - Record Inserted !!
[2024-02-27T00:03:46.632+0000] {logging_mixin.py:151} INFO - Record Inserted !!
[2024-02-27T00:03:46.974+0000] {logging_mixin.py:151} INFO - Record Inserted !!
[2024-02-27T00:03:47.296+0000] {logging_mixin.py:151} INFO - Record Inserted !!
[2024-02-27T00:03:48.940+0000] {logging_mixin.py:151} INFO - Record Inserted !!
[2024-02-27T00:03:49.341+0000] {logging_mixin.py:151} INFO - Record Inserted !!
[2024-02-27T00:03:49.667+0000] {logging_mixin.py:151} INFO - Record Inserted !!
[2024-02-27T00:03:49.998+0000] {logging_mixin.py:151} INFO - Record Inserted !!
[2024-02-27T00:03:50.340+0000] {logging_mixin.py:151} INFO - Record Inserted !!
[2024-02-27T00:03:50.673+0000] {logging_mixin.py:151} INFO - Record Inserted !!
[2024-02-27T00:03:51.017+0000] {logging_mixin.py:151} INFO - Record Inserted !!
[2024-02-27T00:03:51.323+0000] {logging_mixin.py:151} INFO - Record Inserted !!
[2024-02-27T00:03:51.619+0000] {logging_mixin.py:151} INFO - Record Inserted !!
[2024-02-27T00:03:51.947+0000] {logging_mixin.py:151} INFO - Record Inserted !!
[2024-02-27T00:03:52.246+0000] {logging_mixin.py:151} INFO - Record Inserted !!
[2024-02-27T00:03:52.559+0000] {logging_mixin.py:151} INFO - Record Inserted !!
[2024-02-27T00:03:52.871+0000] {logging_mixin.py:151} INFO - Record Inserted !!
[2024-02-27T00:03:53.200+0000] {logging_mixin.py:151} INFO - Record Inserted !!
[2024-02-27T00:03:53.530+0000] {logging_mixin.py:151} INFO - Record Inserted !!
[2024-02-27T00:03:53.867+0000] {logging_mixin.py:151} INFO - Record Inserted !!
[2024-02-27T00:03:54.172+0000] {logging_mixin.py:151} INFO - Record Inserted !!
[2024-02-27T00:03:54.487+0000] {logging_mixin.py:151} INFO - Record Inserted !!
[2024-02-27T00:03:54.827+0000] {logging_mixin.py:151} INFO - Record Inserted !!
[2024-02-27T00:03:55.152+0000] {logging_mixin.py:151} INFO - Record Inserted !!
[2024-02-27T00:03:55.450+0000] {logging_mixin.py:151} INFO - Record Inserted !!
[2024-02-27T00:03:55.741+0000] {logging_mixin.py:151} INFO - Record Inserted !!
[2024-02-27T00:03:56.073+0000] {logging_mixin.py:151} INFO - Record Inserted !!
[2024-02-27T00:03:56.412+0000] {logging_mixin.py:151} INFO - Record Inserted !!
[2024-02-27T00:03:56.734+0000] {logging_mixin.py:151} INFO - Record Inserted !!
[2024-02-27T00:03:57.067+0000] {logging_mixin.py:151} INFO - Record Inserted !!
[2024-02-27T00:03:57.345+0000] {logging_mixin.py:151} INFO - Record Inserted !!
[2024-02-27T00:03:57.631+0000] {logging_mixin.py:151} INFO - Record Inserted !!
[2024-02-27T00:03:57.960+0000] {logging_mixin.py:151} INFO - Record Inserted !!
[2024-02-27T00:03:58.249+0000] {logging_mixin.py:151} INFO - Record Inserted !!
[2024-02-27T00:03:58.593+0000] {logging_mixin.py:151} INFO - Record Inserted !!
[2024-02-27T00:03:58.896+0000] {logging_mixin.py:151} INFO - Record Inserted !!
[2024-02-27T00:03:59.222+0000] {logging_mixin.py:151} INFO - Record Inserted !!
[2024-02-27T00:03:59.542+0000] {logging_mixin.py:151} INFO - Record Inserted !!
[2024-02-27T00:03:59.888+0000] {logging_mixin.py:151} INFO - Record Inserted !!
[2024-02-27T00:04:00.247+0000] {logging_mixin.py:151} INFO - Record Inserted !!
[2024-02-27T00:04:00.524+0000] {logging_mixin.py:151} INFO - Record Inserted !!
[2024-02-27T00:04:00.842+0000] {logging_mixin.py:151} INFO - Record Inserted !!
[2024-02-27T00:04:01.160+0000] {logging_mixin.py:151} INFO - Record Inserted !!
[2024-02-27T00:04:01.705+0000] {logging_mixin.py:151} INFO - Record Inserted !!
[2024-02-27T00:04:01.999+0000] {logging_mixin.py:151} INFO - Record Inserted !!
[2024-02-27T00:04:02.647+0000] {logging_mixin.py:151} INFO - Record Inserted !!
[2024-02-27T00:04:02.942+0000] {logging_mixin.py:151} INFO - Record Inserted !!
[2024-02-27T00:04:03.412+0000] {logging_mixin.py:151} INFO - Record Inserted !!
[2024-02-27T00:04:03.930+0000] {logging_mixin.py:151} INFO - Record Inserted !!
[2024-02-27T00:04:04.262+0000] {logging_mixin.py:151} INFO - Record Inserted !!
[2024-02-27T00:04:04.573+0000] {logging_mixin.py:151} INFO - Record Inserted !!
[2024-02-27T00:04:04.913+0000] {logging_mixin.py:151} INFO - Record Inserted !!
[2024-02-27T00:04:05.231+0000] {logging_mixin.py:151} INFO - Record Inserted !!
[2024-02-27T00:04:05.546+0000] {logging_mixin.py:151} INFO - Record Inserted !!
[2024-02-27T00:04:06.087+0000] {logging_mixin.py:151} INFO - Record Inserted !!
[2024-02-27T00:04:06.397+0000] {logging_mixin.py:151} INFO - Record Inserted !!
[2024-02-27T00:04:06.659+0000] {logging_mixin.py:151} INFO - Record Inserted !!
[2024-02-27T00:04:06.939+0000] {logging_mixin.py:151} INFO - Record Inserted !!
[2024-02-27T00:04:07.210+0000] {logging_mixin.py:151} INFO - Record Inserted !!
[2024-02-27T00:04:07.516+0000] {logging_mixin.py:151} INFO - Record Inserted !!
[2024-02-27T00:04:07.823+0000] {logging_mixin.py:151} INFO - Record Inserted !!
[2024-02-27T00:04:08.092+0000] {logging_mixin.py:151} INFO - Record Inserted !!
[2024-02-27T00:04:08.382+0000] {logging_mixin.py:151} INFO - Record Inserted !!
[2024-02-27T00:04:08.721+0000] {logging_mixin.py:151} INFO - Record Inserted !!
[2024-02-27T00:04:09.057+0000] {logging_mixin.py:151} INFO - Record Inserted !!
[2024-02-27T00:04:09.364+0000] {logging_mixin.py:151} INFO - Record Inserted !!
[2024-02-27T00:04:09.690+0000] {logging_mixin.py:151} INFO - Record Inserted !!
[2024-02-27T00:04:09.981+0000] {logging_mixin.py:151} INFO - Record Inserted !!
[2024-02-27T00:04:10.298+0000] {logging_mixin.py:151} INFO - Record Inserted !!
[2024-02-27T00:04:10.604+0000] {logging_mixin.py:151} INFO - Record Inserted !!
[2024-02-27T00:04:11.233+0000] {logging_mixin.py:151} INFO - Record Inserted !!
[2024-02-27T00:04:11.500+0000] {logging_mixin.py:151} INFO - Record Inserted !!
[2024-02-27T00:04:11.780+0000] {logging_mixin.py:151} INFO - Record Inserted !!
[2024-02-27T00:04:12.119+0000] {logging_mixin.py:151} INFO - Record Inserted !!
[2024-02-27T00:04:12.387+0000] {logging_mixin.py:151} INFO - Record Inserted !!
[2024-02-27T00:04:12.708+0000] {logging_mixin.py:151} INFO - Record Inserted !!
[2024-02-27T00:04:13.085+0000] {logging_mixin.py:151} INFO - Record Inserted !!
[2024-02-27T00:04:13.369+0000] {logging_mixin.py:151} INFO - Record Inserted !!
[2024-02-27T00:04:13.667+0000] {logging_mixin.py:151} INFO - Record Inserted !!
[2024-02-27T00:04:13.964+0000] {logging_mixin.py:151} INFO - Record Inserted !!
[2024-02-27T00:04:14.253+0000] {logging_mixin.py:151} INFO - Record Inserted !!
[2024-02-27T00:04:14.530+0000] {logging_mixin.py:151} INFO - Record Inserted !!
[2024-02-27T00:04:14.841+0000] {logging_mixin.py:151} INFO - Record Inserted !!
[2024-02-27T00:04:15.115+0000] {logging_mixin.py:151} INFO - Record Inserted !!
[2024-02-27T00:04:15.404+0000] {logging_mixin.py:151} INFO - Record Inserted !!
[2024-02-27T00:04:15.688+0000] {logging_mixin.py:151} INFO - Record Inserted !!
[2024-02-27T00:04:16.022+0000] {logging_mixin.py:151} INFO - Record Inserted !!
[2024-02-27T00:04:16.330+0000] {logging_mixin.py:151} INFO - Record Inserted !!
[2024-02-27T00:04:16.642+0000] {logging_mixin.py:151} INFO - Record Inserted !!
[2024-02-27T00:04:16.947+0000] {logging_mixin.py:151} INFO - Record Inserted !!
[2024-02-27T00:04:17.257+0000] {logging_mixin.py:151} INFO - Record Inserted !!
[2024-02-27T00:04:17.578+0000] {logging_mixin.py:151} INFO - Record Inserted !!
[2024-02-27T00:04:17.910+0000] {logging_mixin.py:151} INFO - Record Inserted !!
[2024-02-27T00:04:18.212+0000] {logging_mixin.py:151} INFO - Record Inserted !!
[2024-02-27T00:04:18.535+0000] {logging_mixin.py:151} INFO - Record Inserted !!
[2024-02-27T00:04:18.886+0000] {logging_mixin.py:151} INFO - Record Inserted !!
[2024-02-27T00:04:19.832+0000] {logging_mixin.py:151} INFO - Record Inserted !!
[2024-02-27T00:04:20.097+0000] {logging_mixin.py:151} INFO - Record Inserted !!
[2024-02-27T00:04:20.427+0000] {logging_mixin.py:151} INFO - Record Inserted !!
[2024-02-27T00:04:20.776+0000] {logging_mixin.py:151} INFO - Record Inserted !!
[2024-02-27T00:04:21.111+0000] {logging_mixin.py:151} INFO - Record Inserted !!
[2024-02-27T00:04:21.405+0000] {logging_mixin.py:151} INFO - Record Inserted !!
[2024-02-27T00:04:21.701+0000] {logging_mixin.py:151} INFO - Record Inserted !!
[2024-02-27T00:04:21.998+0000] {logging_mixin.py:151} INFO - Record Inserted !!
[2024-02-27T00:04:22.298+0000] {logging_mixin.py:151} INFO - Record Inserted !!
[2024-02-27T00:04:22.633+0000] {logging_mixin.py:151} INFO - Record Inserted !!
[2024-02-27T00:04:22.925+0000] {logging_mixin.py:151} INFO - Record Inserted !!
[2024-02-27T00:04:23.213+0000] {logging_mixin.py:151} INFO - Record Inserted !!
[2024-02-27T00:04:23.536+0000] {logging_mixin.py:151} INFO - Record Inserted !!
[2024-02-27T00:04:23.866+0000] {logging_mixin.py:151} INFO - Record Inserted !!
[2024-02-27T00:04:24.181+0000] {logging_mixin.py:151} INFO - Record Inserted !!
[2024-02-27T00:04:24.474+0000] {logging_mixin.py:151} INFO - Record Inserted !!
[2024-02-27T00:04:24.795+0000] {logging_mixin.py:151} INFO - Record Inserted !!
[2024-02-27T00:04:25.088+0000] {logging_mixin.py:151} INFO - Record Inserted !!
[2024-02-27T00:04:25.717+0000] {logging_mixin.py:151} INFO - Record Inserted !!
[2024-02-27T00:04:26.027+0000] {logging_mixin.py:151} INFO - Record Inserted !!
[2024-02-27T00:04:26.365+0000] {logging_mixin.py:151} INFO - Record Inserted !!
[2024-02-27T00:04:26.650+0000] {logging_mixin.py:151} INFO - Record Inserted !!
[2024-02-27T00:04:26.965+0000] {logging_mixin.py:151} INFO - Record Inserted !!
[2024-02-27T00:04:27.238+0000] {logging_mixin.py:151} INFO - Record Inserted !!
[2024-02-27T00:04:27.501+0000] {logging_mixin.py:151} INFO - Record Inserted !!
[2024-02-27T00:04:27.811+0000] {logging_mixin.py:151} INFO - Record Inserted !!
[2024-02-27T00:04:28.101+0000] {logging_mixin.py:151} INFO - Record Inserted !!
[2024-02-27T00:04:28.391+0000] {logging_mixin.py:151} INFO - Record Inserted !!
[2024-02-27T00:04:28.671+0000] {logging_mixin.py:151} INFO - Record Inserted !!
[2024-02-27T00:04:28.980+0000] {logging_mixin.py:151} INFO - Record Inserted !!
[2024-02-27T00:04:29.317+0000] {logging_mixin.py:151} INFO - Record Inserted !!
[2024-02-27T00:04:29.603+0000] {logging_mixin.py:151} INFO - Record Inserted !!
[2024-02-27T00:04:29.949+0000] {logging_mixin.py:151} INFO - Record Inserted !!
[2024-02-27T00:04:30.245+0000] {logging_mixin.py:151} INFO - Record Inserted !!
[2024-02-27T00:04:30.514+0000] {logging_mixin.py:151} INFO - Record Inserted !!
[2024-02-27T00:04:30.874+0000] {logging_mixin.py:151} INFO - Record Inserted !!
[2024-02-27T00:04:31.171+0000] {logging_mixin.py:151} INFO - Record Inserted !!
[2024-02-27T00:04:31.502+0000] {logging_mixin.py:151} INFO - Record Inserted !!
[2024-02-27T00:04:31.810+0000] {logging_mixin.py:151} INFO - Record Inserted !!
[2024-02-27T00:04:32.109+0000] {logging_mixin.py:151} INFO - Record Inserted !!
[2024-02-27T00:04:32.417+0000] {logging_mixin.py:151} INFO - Record Inserted !!
[2024-02-27T00:04:32.688+0000] {logging_mixin.py:151} INFO - Record Inserted !!
[2024-02-27T00:04:32.976+0000] {logging_mixin.py:151} INFO - Record Inserted !!
[2024-02-27T00:04:33.269+0000] {logging_mixin.py:151} INFO - Record Inserted !!
[2024-02-27T00:04:33.560+0000] {logging_mixin.py:151} INFO - Record Inserted !!
[2024-02-27T00:04:33.886+0000] {logging_mixin.py:151} INFO - Record Inserted !!
[2024-02-27T00:04:34.218+0000] {logging_mixin.py:151} INFO - Record Inserted !!
[2024-02-27T00:04:34.496+0000] {logging_mixin.py:151} INFO - Record Inserted !!
[2024-02-27T00:04:34.790+0000] {logging_mixin.py:151} INFO - Record Inserted !!
[2024-02-27T00:04:35.131+0000] {logging_mixin.py:151} INFO - Record Inserted !!
[2024-02-27T00:04:35.479+0000] {logging_mixin.py:151} INFO - Record Inserted !!
[2024-02-27T00:04:35.782+0000] {logging_mixin.py:151} INFO - Record Inserted !!
[2024-02-27T00:04:36.390+0000] {logging_mixin.py:151} INFO - Record Inserted !!
[2024-02-27T00:04:36.686+0000] {logging_mixin.py:151} INFO - Record Inserted !!
[2024-02-27T00:04:37.002+0000] {logging_mixin.py:151} INFO - Record Inserted !!
[2024-02-27T00:04:37.290+0000] {logging_mixin.py:151} INFO - Record Inserted !!
[2024-02-27T00:04:37.569+0000] {logging_mixin.py:151} INFO - Record Inserted !!
[2024-02-27T00:04:37.847+0000] {logging_mixin.py:151} INFO - Record Inserted !!
[2024-02-27T00:04:38.133+0000] {logging_mixin.py:151} INFO - Record Inserted !!
[2024-02-27T00:04:38.404+0000] {logging_mixin.py:151} INFO - Record Inserted !!
[2024-02-27T00:04:38.677+0000] {logging_mixin.py:151} INFO - Record Inserted !!
[2024-02-27T00:04:39.004+0000] {logging_mixin.py:151} INFO - Record Inserted !!
[2024-02-27T00:04:39.309+0000] {logging_mixin.py:151} INFO - Record Inserted !!
[2024-02-27T00:04:39.626+0000] {logging_mixin.py:151} INFO - Record Inserted !!
[2024-02-27T00:04:39.962+0000] {logging_mixin.py:151} INFO - Record Inserted !!
[2024-02-27T00:04:40.279+0000] {logging_mixin.py:151} INFO - Record Inserted !!
[2024-02-27T00:04:40.595+0000] {logging_mixin.py:151} INFO - Record Inserted !!
[2024-02-27T00:04:40.916+0000] {logging_mixin.py:151} INFO - Record Inserted !!
[2024-02-27T00:04:41.252+0000] {logging_mixin.py:151} INFO - Record Inserted !!
[2024-02-27T00:04:41.576+0000] {logging_mixin.py:151} INFO - Record Inserted !!
[2024-02-27T00:04:41.861+0000] {logging_mixin.py:151} INFO - Record Inserted !!
[2024-02-27T00:04:42.456+0000] {logging_mixin.py:151} INFO - Record Inserted !!
[2024-02-27T00:04:42.739+0000] {logging_mixin.py:151} INFO - Record Inserted !!
[2024-02-27T00:04:43.067+0000] {logging_mixin.py:151} INFO - Record Inserted !!
[2024-02-27T00:04:43.403+0000] {logging_mixin.py:151} INFO - Record Inserted !!
[2024-02-27T00:04:43.731+0000] {logging_mixin.py:151} INFO - Record Inserted !!
[2024-02-27T00:04:44.017+0000] {logging_mixin.py:151} INFO - Record Inserted !!
[2024-02-27T00:04:44.365+0000] {logging_mixin.py:151} INFO - Record Inserted !!
[2024-02-27T00:04:44.697+0000] {logging_mixin.py:151} INFO - Record Inserted !!
[2024-02-27T00:04:44.998+0000] {logging_mixin.py:151} INFO - Record Inserted !!
[2024-02-27T00:04:45.331+0000] {logging_mixin.py:151} INFO - Record Inserted !!
[2024-02-27T00:04:45.624+0000] {logging_mixin.py:151} INFO - Record Inserted !!
[2024-02-27T00:04:45.949+0000] {logging_mixin.py:151} INFO - Record Inserted !!
[2024-02-27T00:04:46.589+0000] {logging_mixin.py:151} INFO - Record Inserted !!
[2024-02-27T00:04:46.852+0000] {logging_mixin.py:151} INFO - Record Inserted !!
[2024-02-27T00:04:47.154+0000] {logging_mixin.py:151} INFO - Record Inserted !!
[2024-02-27T00:04:47.436+0000] {logging_mixin.py:151} INFO - Record Inserted !!
[2024-02-27T00:04:47.761+0000] {logging_mixin.py:151} INFO - Record Inserted !!
[2024-02-27T00:04:48.035+0000] {logging_mixin.py:151} INFO - Record Inserted !!
[2024-02-27T00:04:48.362+0000] {logging_mixin.py:151} INFO - Record Inserted !!
[2024-02-27T00:04:48.709+0000] {logging_mixin.py:151} INFO - Record Inserted !!
[2024-02-27T00:04:49.014+0000] {logging_mixin.py:151} INFO - Record Inserted !!
[2024-02-27T00:04:49.333+0000] {logging_mixin.py:151} INFO - Record Inserted !!
[2024-02-27T00:04:49.627+0000] {logging_mixin.py:151} INFO - Record Inserted !!
[2024-02-27T00:04:49.935+0000] {logging_mixin.py:151} INFO - Record Inserted !!
[2024-02-27T00:04:50.215+0000] {logging_mixin.py:151} INFO - Record Inserted !!
[2024-02-27T00:04:50.496+0000] {logging_mixin.py:151} INFO - Record Inserted !!
[2024-02-27T00:04:50.834+0000] {logging_mixin.py:151} INFO - Record Inserted !!
[2024-02-27T00:04:51.248+0000] {logging_mixin.py:151} INFO - Record Inserted !!
[2024-02-27T00:04:51.591+0000] {logging_mixin.py:151} INFO - Record Inserted !!
[2024-02-27T00:04:51.947+0000] {logging_mixin.py:151} INFO - Record Inserted !!
[2024-02-27T00:04:52.239+0000] {logging_mixin.py:151} INFO - Record Inserted !!
[2024-02-27T00:04:52.573+0000] {logging_mixin.py:151} INFO - Record Inserted !!
[2024-02-27T00:04:52.900+0000] {logging_mixin.py:151} INFO - Record Inserted !!
[2024-02-27T00:04:53.244+0000] {logging_mixin.py:151} INFO - Record Inserted !!
[2024-02-27T00:04:53.569+0000] {logging_mixin.py:151} INFO - Record Inserted !!
[2024-02-27T00:04:53.887+0000] {logging_mixin.py:151} INFO - Record Inserted !!
[2024-02-27T00:04:54.178+0000] {logging_mixin.py:151} INFO - Record Inserted !!
[2024-02-27T00:04:54.511+0000] {logging_mixin.py:151} INFO - Record Inserted !!
[2024-02-27T00:04:54.852+0000] {logging_mixin.py:151} INFO - Record Inserted !!
[2024-02-27T00:04:55.191+0000] {logging_mixin.py:151} INFO - Record Inserted !!
[2024-02-27T00:04:55.476+0000] {logging_mixin.py:151} INFO - Record Inserted !!
[2024-02-27T00:04:55.789+0000] {logging_mixin.py:151} INFO - Record Inserted !!
[2024-02-27T00:04:56.320+0000] {logging_mixin.py:151} INFO - Record Inserted !!
[2024-02-27T00:04:56.611+0000] {logging_mixin.py:151} INFO - Record Inserted !!
[2024-02-27T00:04:56.886+0000] {logging_mixin.py:151} INFO - Record Inserted !!
[2024-02-27T00:04:57.194+0000] {logging_mixin.py:151} INFO - Record Inserted !!
[2024-02-27T00:04:57.507+0000] {logging_mixin.py:151} INFO - Record Inserted !!
[2024-02-27T00:04:57.811+0000] {logging_mixin.py:151} INFO - Record Inserted !!
[2024-02-27T00:04:58.143+0000] {logging_mixin.py:151} INFO - Record Inserted !!
[2024-02-27T00:04:58.481+0000] {logging_mixin.py:151} INFO - Record Inserted !!
[2024-02-27T00:04:59.092+0000] {logging_mixin.py:151} INFO - Record Inserted !!
[2024-02-27T00:04:59.430+0000] {logging_mixin.py:151} INFO - Record Inserted !!
[2024-02-27T00:04:59.744+0000] {logging_mixin.py:151} INFO - Record Inserted !!
[2024-02-27T00:05:00.288+0000] {logging_mixin.py:151} INFO - Record Inserted !!
[2024-02-27T00:05:00.598+0000] {logging_mixin.py:151} INFO - Record Inserted !!
[2024-02-27T00:05:00.953+0000] {logging_mixin.py:151} INFO - Record Inserted !!
[2024-02-27T00:05:01.290+0000] {logging_mixin.py:151} INFO - Record Inserted !!
[2024-02-27T00:05:01.747+0000] {logging_mixin.py:151} INFO - Record Inserted !!
[2024-02-27T00:05:02.080+0000] {logging_mixin.py:151} INFO - Record Inserted !!
[2024-02-27T00:05:02.387+0000] {logging_mixin.py:151} INFO - Record Inserted !!
[2024-02-27T00:05:02.725+0000] {logging_mixin.py:151} INFO - Record Inserted !!
[2024-02-27T00:05:02.730+0000] {conn.py:919} INFO - <BrokerConnection node_id=1 host=broker:29092 <connected> [IPv4 ('172.18.0.8', 29092)]>: Closing connection. 
[2024-02-27T00:05:02.736+0000] {python.py:194} INFO - Done. Returned value was: None
[2024-02-27T00:05:02.799+0000] {taskinstance.py:1400} INFO - Marking task as SUCCESS. dag_id=user_automation, task_id=stream_data_from_api, execution_date=20240226T000000, start_date=20240227T000002, end_date=20240227T000502
[2024-02-27T00:05:02.909+0000] {local_task_job_runner.py:228} INFO - Task exited with return code 0
[2024-02-27T00:05:02.933+0000] {taskinstance.py:2784} INFO - 0 downstream tasks scheduled from follow-on schedule check
